2024-09-18T21:00:26.585 [http-nio-8080-exec-4] DEBUG j.sqltiming -  com.zaxxer.hikari.pool.ProxyPreparedStatement.execute(ProxyPreparedStatement.java:44)
11. select
		a.ifcgSeq,
	    a.ifcgName,
	    a.ifcgUseNy,
	    a.ifcgOrder,
	    a.ifcgDesc,
	    a.ifcgDelNy,
	    a.ifcgRegist,
	    a.ifcgEdit,
	    	(SELECT count(ifcdSeq) FROM code AS b WHERE 1 = 1 AND b.codegroup_ifcgSeq = a.ifcgSeq) AS xifcdSeqCount
	FROM 
		yuz.codegroup a
	WHERE 1 = 1

	ORDER BY
		a.ifcgSeq desc
 {executed in 1 msec} 
2024-09-18T21:00:27.916 [http-nio-8080-exec-1] DEBUG j.sqltiming -  com.zaxxer.hikari.pool.ProxyPreparedStatement.execute(ProxyPreparedStatement.java:44)
11. select
		a.ifcgSeq,
	    a.ifcgName,
	    a.ifcgUseNy,
	    a.ifcgOrder,
	    a.ifcgDesc,
	    a.ifcgDelNy,
	    a.ifcgRegist,
	    a.ifcgEdit,
	    	(SELECT count(ifcdSeq) FROM code AS b WHERE 1 = 1 AND b.codegroup_ifcgSeq = a.ifcgSeq) AS xifcdSeqCount
	FROM 
		yuz.codegroup a
	WHERE 1 = 1

	ORDER BY
		a.ifcgSeq desc
 {executed in 1 msec} 
2024-09-18T21:01:10.244 [http-nio-8080-exec-9] DEBUG j.sqltiming -  com.zaxxer.hikari.pool.ProxyPreparedStatement.execute(ProxyPreparedStatement.java:44)
11. select
		a.ifcgSeq,
	    a.ifcgName,
	    a.ifcgUseNy,
	    a.ifcgOrder,
	    a.ifcgDesc,
	    a.ifcgDelNy,
	    a.ifcgRegist,
	    a.ifcgEdit,
	    	(SELECT count(ifcdSeq) FROM code AS b WHERE 1 = 1 AND b.codegroup_ifcgSeq = a.ifcgSeq) AS xifcdSeqCount
	FROM 
		yuz.codegroup a
	WHERE 1 = 1

	ORDER BY
		a.ifcgSeq desc
 {executed in 2 msec} 
2024-09-18T21:01:44.817 [http-nio-8080-exec-1] DEBUG j.sqltiming -  com.zaxxer.hikari.pool.ProxyPreparedStatement.execute(ProxyPreparedStatement.java:44)
11. select
		a.ifcgSeq,
	    a.ifcgName,
	    a.ifcgUseNy,
	    a.ifcgOrder,
	    a.ifcgDesc,
	    a.ifcgDelNy,
	    a.ifcgRegist,
	    a.ifcgEdit,
	    	(SELECT count(ifcdSeq) FROM code AS b WHERE 1 = 1 AND b.codegroup_ifcgSeq = a.ifcgSeq) AS xifcdSeqCount
	FROM 
		yuz.codegroup a
	WHERE 1 = 1

	ORDER BY
		a.ifcgSeq desc
 {executed in 2 msec} 
2024-09-18T21:02:07.086 [http-nio-8080-exec-4] DEBUG j.sqltiming -  com.zaxxer.hikari.pool.ProxyPreparedStatement.execute(ProxyPreparedStatement.java:44)
11. select
		a.ifcgSeq,
	    a.ifcgName,
	    a.ifcgUseNy,
	    a.ifcgOrder,
	    a.ifcgDesc,
	    a.ifcgDelNy,
	    a.ifcgRegist,
	    a.ifcgEdit,
	    	(SELECT count(ifcdSeq) FROM code AS b WHERE 1 = 1 AND b.codegroup_ifcgSeq = a.ifcgSeq) AS xifcdSeqCount
	FROM 
		yuz.codegroup a
	WHERE 1 = 1

	ORDER BY
		a.ifcgSeq desc
 {executed in 9 msec} 
