2024-09-17T18:18:52.697 [HikariPool-1 housekeeper] WARN c.z.h.p.HikariPool - HikariPool-1 - Thread starvation or clock leap detected (housekeeper delta=1h3m8s373ms261µs900ns). 
2024-09-17T18:27:41.306 [http-nio-8080-exec-7] DEBUG j.sqltiming -  com.zaxxer.hikari.pool.ProxyPreparedStatement.execute(ProxyPreparedStatement.java:44)
31. SELECT
			b.ifcdSeq,
			b.ifcdName,
			b.ifcdUseNy,
			b.ifcdOrder,
			b.ifcdDesc,
			b.ifcdDelNy,
			b.ifcdRegist,
			b.ifcdEdit,
			b.codegroup_ifcgSeq
		FROM
			yuz.code b
		WHERE 1 = 1
			AND b.ifcdSeq = NULL
 {executed in 1 msec} 
2024-09-17T18:27:41.308 [http-nio-8080-exec-7] DEBUG j.sqltiming -  com.zaxxer.hikari.pool.ProxyPreparedStatement.execute(ProxyPreparedStatement.java:44)
31. SELECT
			a.ifcgSeq,
			a.ifcgName
		FROM
			codegroup a
		WHERE 1 = 1
			AND a.ifcgDelNy = 0
		ORDER BY
			a.ifcgOrder DESC
 {executed in 0 msec} 
2024-09-17T18:27:41.309 [http-nio-8080-exec-7] DEBUG j.sqltiming -  com.zaxxer.hikari.pool.ProxyPreparedStatement.execute(ProxyPreparedStatement.java:44)
31. SELECT
			a.ifcgSeq,
			a.ifcgName
		FROM
			codegroup a
		WHERE 1 = 1
			AND a.ifcgDelNy = 0
		ORDER BY
			a.ifcgOrder DESC
 {executed in 0 msec} 
2024-09-17T18:27:56.437 [http-nio-8080-exec-5] DEBUG j.sqltiming -  com.zaxxer.hikari.pool.ProxyPreparedStatement.execute(ProxyPreparedStatement.java:44)
31. UPDATE code
		SET
			ifcdName = 'df테스트',
			ifcdUseNy = 0,
			ifcdOrder = 2,
			ifcdDesc = NULL,
			ifcdDelNy = 0,
			ifcdEdit = now(),
			codegroup_ifcgSeq = '2'
		WHERE 1 = 1
			AND ifcdSeq = ''
 {executed in 2 msec} 
2024-09-17T18:27:56.442 [http-nio-8080-exec-6] DEBUG j.sqltiming -  com.zaxxer.hikari.pool.ProxyPreparedStatement.execute(ProxyPreparedStatement.java:44)
31. SELECT
			b.ifcdSeq,
			b.ifcdName,
			b.ifcdUseNy,
			b.ifcdOrder,
			b.ifcdDesc,
		    b.ifcdDelNy,
		    b.ifcdRegist,
		    b.ifcdEdit,
		    b.codegroup_ifcgSeq
		FROM 
			code b
		ORDER BY
			b.ifcdSeq desc
 {executed in 1 msec} 
2024-09-17T18:29:45.988 [File Watcher] INFO o.s.b.d.a.LocalDevToolsAutoConfiguration$RestartingClassPathChangeChangedEventListener - Restarting due to 1 class path change (0 additions, 0 deletions, 1 modification) 
2024-09-17T18:29:45.992 [Thread-5] INFO o.a.c.h.Http11NioProtocol - Stopping ProtocolHandler ["http-nio-8080"] 
2024-09-17T18:29:46.141 [Thread-5] INFO c.z.h.HikariDataSource - HikariPool-1 - Shutdown initiated... 
2024-09-17T18:29:46.145 [Thread-5] INFO c.z.h.HikariDataSource - HikariPool-1 - Shutdown completed. 
2024-09-17T18:29:46.211 [restartedMain] INFO c.f.RepoYuzApplication - Starting RepoYuzApplication using Java 17.0.11 with PID 35044 (C:\factory\ws_sts4_4240\repo_yuz\repo_yuz\bin\main started by mizay in C:\factory\ws_sts4_4240\repo_yuz\repo_yuz) 
2024-09-17T18:29:46.211 [restartedMain] INFO c.f.RepoYuzApplication - No active profile set, falling back to 1 default profile: "default" 
2024-09-17T18:29:46.375 [restartedMain] INFO o.s.b.w.e.t.TomcatWebServer - Tomcat initialized with port 8080 (http) 
2024-09-17T18:29:46.376 [restartedMain] INFO o.a.c.h.Http11NioProtocol - Initializing ProtocolHandler ["http-nio-8080"] 
2024-09-17T18:29:46.376 [restartedMain] INFO o.a.c.c.StandardService - Starting service [Tomcat] 
2024-09-17T18:29:46.376 [restartedMain] INFO o.a.c.c.StandardEngine - Starting Servlet engine: [Apache Tomcat/10.1.28] 
2024-09-17T18:29:46.387 [restartedMain] INFO o.a.c.c.C.[.[.[/] - Initializing Spring embedded WebApplicationContext 
2024-09-17T18:29:46.387 [restartedMain] INFO o.s.b.w.s.c.ServletWebServerApplicationContext - Root WebApplicationContext: initialization completed in 175 ms 
2024-09-17T18:29:46.474 [restartedMain] INFO o.s.b.d.a.OptionalLiveReloadServer - LiveReload server is running on port 35729 
2024-09-17T18:29:46.479 [restartedMain] INFO o.a.c.h.Http11NioProtocol - Starting ProtocolHandler ["http-nio-8080"] 
2024-09-17T18:29:46.482 [restartedMain] INFO o.s.b.w.e.t.TomcatWebServer - Tomcat started on port 8080 (http) with context path '/' 
2024-09-17T18:29:46.486 [restartedMain] INFO c.f.RepoYuzApplication - Started RepoYuzApplication in 0.302 seconds (process running for 9189.708) 
2024-09-17T18:29:46.488 [restartedMain] INFO o.s.b.d.a.ConditionEvaluationDeltaLoggingListener - Condition evaluation unchanged 
2024-09-17T18:29:50.276 [http-nio-8080-exec-1] INFO o.a.c.c.C.[.[.[/] - Initializing Spring DispatcherServlet 'dispatcherServlet' 
2024-09-17T18:29:50.276 [http-nio-8080-exec-1] INFO o.s.w.s.DispatcherServlet - Initializing Servlet 'dispatcherServlet' 
2024-09-17T18:29:50.277 [http-nio-8080-exec-1] INFO o.s.w.s.DispatcherServlet - Completed initialization in 1 ms 
2024-09-17T18:29:50.280 [http-nio-8080-exec-1] INFO c.z.h.HikariDataSource - HikariPool-2 - Starting... 
2024-09-17T18:29:50.290 [http-nio-8080-exec-1] INFO c.z.h.p.HikariPool - HikariPool-2 - Added connection net.sf.log4jdbc.sql.jdbcapi.ConnectionSpy@db11146 
2024-09-17T18:29:50.290 [http-nio-8080-exec-1] INFO c.z.h.HikariDataSource - HikariPool-2 - Start completed. 
2024-09-17T18:29:50.292 [http-nio-8080-exec-1] DEBUG j.sqltiming -  com.zaxxer.hikari.pool.ProxyPreparedStatement.execute(ProxyPreparedStatement.java:44)
41. UPDATE code
		SET
			ifcdName = 'df테스트',
			ifcdUseNy = 0,
			ifcdOrder = 2,
			ifcdDesc = NULL,
			ifcdDelNy = 0,
			ifcdEdit = now(),
			codegroup_ifcgSeq = '2'
		WHERE 1 = 1
			AND ifcdSeq = ''
 {executed in 2 msec} 
2024-09-17T18:29:50.298 [http-nio-8080-exec-2] DEBUG j.sqltiming -  com.zaxxer.hikari.pool.ProxyPreparedStatement.execute(ProxyPreparedStatement.java:44)
41. SELECT
			b.ifcdSeq,
			b.ifcdName,
			b.ifcdUseNy,
			b.ifcdOrder,
			b.ifcdDesc,
		    b.ifcdDelNy,
		    b.ifcdRegist,
		    b.ifcdEdit,
		    b.codegroup_ifcgSeq
		FROM 
			code b
		ORDER BY
			b.ifcdSeq desc
 {executed in 1 msec} 
2024-09-17T18:29:54.371 [http-nio-8080-exec-7] DEBUG j.sqltiming -  com.zaxxer.hikari.pool.ProxyPreparedStatement.execute(ProxyPreparedStatement.java:44)
41. SELECT
			b.ifcdSeq,
			b.ifcdName,
			b.ifcdUseNy,
			b.ifcdOrder,
			b.ifcdDesc,
			b.ifcdDelNy,
			b.ifcdRegist,
			b.ifcdEdit,
			b.codegroup_ifcgSeq
		FROM
			yuz.code b
		WHERE 1 = 1
			AND b.ifcdSeq = NULL
 {executed in 1 msec} 
2024-09-17T18:29:54.373 [http-nio-8080-exec-7] DEBUG j.sqltiming -  com.zaxxer.hikari.pool.ProxyPreparedStatement.execute(ProxyPreparedStatement.java:44)
41. SELECT
			a.ifcgSeq,
			a.ifcgName
		FROM
			codegroup a
		WHERE 1 = 1
			AND a.ifcgDelNy = 0
		ORDER BY
			a.ifcgOrder DESC
 {executed in 1 msec} 
2024-09-17T18:29:54.375 [http-nio-8080-exec-7] DEBUG j.sqltiming -  com.zaxxer.hikari.pool.ProxyPreparedStatement.execute(ProxyPreparedStatement.java:44)
41. SELECT
			a.ifcgSeq,
			a.ifcgName
		FROM
			codegroup a
		WHERE 1 = 1
			AND a.ifcgDelNy = 0
		ORDER BY
			a.ifcgOrder DESC
 {executed in 1 msec} 
2024-09-17T18:29:59.140 [http-nio-8080-exec-9] DEBUG j.sqltiming -  com.zaxxer.hikari.pool.ProxyPreparedStatement.execute(ProxyPreparedStatement.java:44)
41. UPDATE code
		SET
			ifcdName = 'ㄴㄴ',
			ifcdUseNy = 0,
			ifcdOrder = 2,
			ifcdDesc = NULL,
			ifcdDelNy = 0,
			ifcdEdit = now(),
			codegroup_ifcgSeq = '코드 그룹 번호'
		WHERE 1 = 1
			AND ifcdSeq = ''
 {executed in 1 msec} 
2024-09-17T18:29:59.145 [http-nio-8080-exec-5] DEBUG j.sqltiming -  com.zaxxer.hikari.pool.ProxyPreparedStatement.execute(ProxyPreparedStatement.java:44)
41. SELECT
			b.ifcdSeq,
			b.ifcdName,
			b.ifcdUseNy,
			b.ifcdOrder,
			b.ifcdDesc,
		    b.ifcdDelNy,
		    b.ifcdRegist,
		    b.ifcdEdit,
		    b.codegroup_ifcgSeq
		FROM 
			code b
		ORDER BY
			b.ifcdSeq desc
 {executed in 0 msec} 
2024-09-17T18:30:58.567 [http-nio-8080-exec-2] DEBUG j.sqltiming -  com.zaxxer.hikari.pool.ProxyPreparedStatement.execute(ProxyPreparedStatement.java:44)
41. SELECT
			a.ifcgSeq,
			a.ifcgName
		FROM
			codegroup a
		WHERE 1 = 1
			AND a.ifcgDelNy = 0
		ORDER BY
			a.ifcgOrder DESC
 {executed in 0 msec} 
2024-09-17T18:30:58.568 [http-nio-8080-exec-2] DEBUG j.sqltiming -  com.zaxxer.hikari.pool.ProxyPreparedStatement.execute(ProxyPreparedStatement.java:44)
41. SELECT
			a.ifcgSeq,
			a.ifcgName
		FROM
			codegroup a
		WHERE 1 = 1
			AND a.ifcgDelNy = 0
		ORDER BY
			a.ifcgOrder DESC
 {executed in 0 msec} 
2024-09-17T18:31:40.839 [http-nio-8080-exec-9] DEBUG j.sqltiming -  com.zaxxer.hikari.pool.ProxyPreparedStatement.execute(ProxyPreparedStatement.java:44)
41. SELECT
			b.ifcdSeq,
			b.ifcdName,
			b.ifcdUseNy,
			b.ifcdOrder,
			b.ifcdDesc,
			b.ifcdDelNy,
			b.ifcdRegist,
			b.ifcdEdit,
			b.codegroup_ifcgSeq
		FROM
			yuz.code b
		WHERE 1 = 1
			AND b.ifcdSeq = NULL
 {executed in 0 msec} 
2024-09-17T18:31:40.839 [http-nio-8080-exec-9] DEBUG j.sqltiming -  com.zaxxer.hikari.pool.ProxyPreparedStatement.execute(ProxyPreparedStatement.java:44)
41. SELECT
			a.ifcgSeq,
			a.ifcgName
		FROM
			codegroup a
		WHERE 1 = 1
			AND a.ifcgDelNy = 0
		ORDER BY
			a.ifcgOrder DESC
 {executed in 0 msec} 
2024-09-17T18:31:40.840 [http-nio-8080-exec-9] DEBUG j.sqltiming -  com.zaxxer.hikari.pool.ProxyPreparedStatement.execute(ProxyPreparedStatement.java:44)
41. SELECT
			a.ifcgSeq,
			a.ifcgName
		FROM
			codegroup a
		WHERE 1 = 1
			AND a.ifcgDelNy = 0
		ORDER BY
			a.ifcgOrder DESC
 {executed in 1 msec} 
2024-09-17T18:42:15.149 [http-nio-8080-exec-4] DEBUG j.sqltiming -  com.zaxxer.hikari.pool.ProxyPreparedStatement.execute(ProxyPreparedStatement.java:44)
41. SELECT
			a.ifcgSeq,
			a.ifcgName
		FROM
			codegroup a
		WHERE 1 = 1
			AND a.ifcgDelNy = 0
		ORDER BY
			a.ifcgOrder DESC
 {executed in 1 msec} 
2024-09-17T18:42:15.152 [http-nio-8080-exec-4] DEBUG j.sqltiming -  com.zaxxer.hikari.pool.ProxyPreparedStatement.execute(ProxyPreparedStatement.java:44)
41. SELECT
			a.ifcgSeq,
			a.ifcgName
		FROM
			codegroup a
		WHERE 1 = 1
			AND a.ifcgDelNy = 0
		ORDER BY
			a.ifcgOrder DESC
 {executed in 1 msec} 
2024-09-17T18:42:39.722 [http-nio-8080-exec-7] DEBUG j.sqltiming -  com.zaxxer.hikari.pool.ProxyPreparedStatement.execute(ProxyPreparedStatement.java:44)
41. SELECT
			b.ifcdSeq,
			b.ifcdName,
			b.ifcdUseNy,
			b.ifcdOrder,
			b.ifcdDesc,
			b.ifcdDelNy,
			b.ifcdRegist,
			b.ifcdEdit,
			b.codegroup_ifcgSeq
		FROM
			yuz.code b
		WHERE 1 = 1
			AND b.ifcdSeq = NULL
 {executed in 1 msec} 
2024-09-17T18:42:39.722 [http-nio-8080-exec-7] DEBUG j.sqltiming -  com.zaxxer.hikari.pool.ProxyPreparedStatement.execute(ProxyPreparedStatement.java:44)
41. SELECT
			a.ifcgSeq,
			a.ifcgName
		FROM
			codegroup a
		WHERE 1 = 1
			AND a.ifcgDelNy = 0
		ORDER BY
			a.ifcgOrder DESC
 {executed in 0 msec} 
2024-09-17T18:42:39.723 [http-nio-8080-exec-7] DEBUG j.sqltiming -  com.zaxxer.hikari.pool.ProxyPreparedStatement.execute(ProxyPreparedStatement.java:44)
41. SELECT
			a.ifcgSeq,
			a.ifcgName
		FROM
			codegroup a
		WHERE 1 = 1
			AND a.ifcgDelNy = 0
		ORDER BY
			a.ifcgOrder DESC
 {executed in 0 msec} 
2024-09-17T18:42:46.275 [http-nio-8080-exec-9] DEBUG j.sqltiming -  com.zaxxer.hikari.pool.ProxyPreparedStatement.execute(ProxyPreparedStatement.java:44)
41. UPDATE code
		SET
			ifcdName = 'df',
			ifcdUseNy = 1,
			ifcdOrder = 10,
			ifcdDesc = NULL,
			ifcdDelNy = 0,
			ifcdEdit = now(),
			codegroup_ifcgSeq = '4'
		WHERE 1 = 1
			AND ifcdSeq = ''
 {executed in 2 msec} 
2024-09-17T18:42:46.281 [http-nio-8080-exec-5] DEBUG j.sqltiming -  com.zaxxer.hikari.pool.ProxyPreparedStatement.execute(ProxyPreparedStatement.java:44)
41. SELECT
			b.ifcdSeq,
			b.ifcdName,
			b.ifcdUseNy,
			b.ifcdOrder,
			b.ifcdDesc,
		    b.ifcdDelNy,
		    b.ifcdRegist,
		    b.ifcdEdit,
		    b.codegroup_ifcgSeq
		FROM 
			code b
		ORDER BY
			b.ifcdSeq desc
 {executed in 1 msec} 
2024-09-17T18:43:27.694 [http-nio-8080-exec-3] DEBUG j.sqltiming -  com.zaxxer.hikari.pool.ProxyPreparedStatement.execute(ProxyPreparedStatement.java:44)
41. INSERT INTO code(
		ifcdName,
		ifcdUseNy,
		ifcdOrder,
		ifcdDesc,
		ifcdDelNy,
		ifcdRegist,
		ifcdEdit,
		codegroup_ifcgSeq
		)VALUES(
		'df',
		1,
		10,
		NULL,
		0,
		now(),
		now(),
		'3'
		)
 {executed in 6 msec} 
2024-09-17T18:43:27.702 [http-nio-8080-exec-4] DEBUG j.sqltiming -  com.zaxxer.hikari.pool.ProxyPreparedStatement.execute(ProxyPreparedStatement.java:44)
41. SELECT
			b.ifcdSeq,
			b.ifcdName,
			b.ifcdUseNy,
			b.ifcdOrder,
			b.ifcdDesc,
		    b.ifcdDelNy,
		    b.ifcdRegist,
		    b.ifcdEdit,
		    b.codegroup_ifcgSeq
		FROM 
			code b
		ORDER BY
			b.ifcdSeq desc
 {executed in 1 msec} 
2024-09-17T18:44:41.303 [http-nio-8080-exec-5] DEBUG j.sqltiming -  com.zaxxer.hikari.pool.ProxyPreparedStatement.execute(ProxyPreparedStatement.java:44)
41. SELECT
			b.ifcdSeq,
			b.ifcdName,
			b.ifcdUseNy,
			b.ifcdOrder,
			b.ifcdDesc,
			b.ifcdDelNy,
			b.ifcdRegist,
			b.ifcdEdit,
			b.codegroup_ifcgSeq
		FROM
			yuz.code b
		WHERE 1 = 1
			AND b.ifcdSeq = '2'
 {executed in 0 msec} 
2024-09-17T18:44:41.305 [http-nio-8080-exec-5] DEBUG j.sqltiming -  com.zaxxer.hikari.pool.ProxyPreparedStatement.execute(ProxyPreparedStatement.java:44)
41. SELECT
			a.ifcgSeq,
			a.ifcgName
		FROM
			codegroup a
		WHERE 1 = 1
			AND a.ifcgDelNy = 0
		ORDER BY
			a.ifcgOrder DESC
 {executed in 1 msec} 
2024-09-17T18:44:41.306 [http-nio-8080-exec-5] DEBUG j.sqltiming -  com.zaxxer.hikari.pool.ProxyPreparedStatement.execute(ProxyPreparedStatement.java:44)
41. SELECT
			a.ifcgSeq,
			a.ifcgName
		FROM
			codegroup a
		WHERE 1 = 1
			AND a.ifcgDelNy = 0
		ORDER BY
			a.ifcgOrder DESC
 {executed in 1 msec} 
2024-09-17T18:57:55.929 [http-nio-8080-exec-9] DEBUG j.sqltiming -  com.zaxxer.hikari.pool.ProxyPreparedStatement.execute(ProxyPreparedStatement.java:44)
41. SELECT
			b.ifcdSeq,
			b.ifcdName,
			b.ifcdUseNy,
			b.ifcdOrder,
			b.ifcdDesc,
			b.ifcdDelNy,
			b.ifcdRegist,
			b.ifcdEdit,
			b.codegroup_ifcgSeq
		FROM
			yuz.code b
		WHERE 1 = 1
			AND b.ifcdSeq = '2'
 {executed in 1 msec} 
2024-09-17T18:57:55.933 [http-nio-8080-exec-9] DEBUG j.sqltiming -  com.zaxxer.hikari.pool.ProxyPreparedStatement.execute(ProxyPreparedStatement.java:44)
41. SELECT
			a.ifcgSeq,
			a.ifcgName
		FROM
			codegroup a
		WHERE 1 = 1
			AND a.ifcgDelNy = 0
		ORDER BY
			a.ifcgOrder DESC
 {executed in 1 msec} 
2024-09-17T18:57:55.934 [http-nio-8080-exec-9] DEBUG j.sqltiming -  com.zaxxer.hikari.pool.ProxyPreparedStatement.execute(ProxyPreparedStatement.java:44)
41. SELECT
			a.ifcgSeq,
			a.ifcgName
		FROM
			codegroup a
		WHERE 1 = 1
			AND a.ifcgDelNy = 0
		ORDER BY
			a.ifcgOrder DESC
 {executed in 0 msec} 
2024-09-17T18:59:25.134 [http-nio-8080-exec-7] DEBUG j.sqltiming -  com.zaxxer.hikari.pool.ProxyPreparedStatement.execute(ProxyPreparedStatement.java:44)
42. SELECT
			b.ifcdSeq,
			b.ifcdName,
			b.ifcdUseNy,
			b.ifcdOrder,
			b.ifcdDesc,
		    b.ifcdDelNy,
		    b.ifcdRegist,
		    b.ifcdEdit,
		    b.codegroup_ifcgSeq
		FROM 
			code b
		ORDER BY
			b.ifcdSeq desc
 {executed in 1 msec} 
2024-09-17T18:59:31.370 [http-nio-8080-exec-9] DEBUG j.sqltiming -  com.zaxxer.hikari.pool.ProxyPreparedStatement.execute(ProxyPreparedStatement.java:44)
42. SELECT
			b.ifcdSeq,
			b.ifcdName,
			b.ifcdUseNy,
			b.ifcdOrder,
			b.ifcdDesc,
			b.ifcdDelNy,
			b.ifcdRegist,
			b.ifcdEdit,
			b.codegroup_ifcgSeq
		FROM
			yuz.code b
		WHERE 1 = 1
			AND b.ifcdSeq = '3'
 {executed in 1 msec} 
2024-09-17T18:59:31.373 [http-nio-8080-exec-9] DEBUG j.sqltiming -  com.zaxxer.hikari.pool.ProxyPreparedStatement.execute(ProxyPreparedStatement.java:44)
42. SELECT
			a.ifcgSeq,
			a.ifcgName
		FROM
			codegroup a
		WHERE 1 = 1
			AND a.ifcgDelNy = 0
		ORDER BY
			a.ifcgOrder DESC
 {executed in 0 msec} 
2024-09-17T18:59:31.375 [http-nio-8080-exec-9] DEBUG j.sqltiming -  com.zaxxer.hikari.pool.ProxyPreparedStatement.execute(ProxyPreparedStatement.java:44)
42. SELECT
			a.ifcgSeq,
			a.ifcgName
		FROM
			codegroup a
		WHERE 1 = 1
			AND a.ifcgDelNy = 0
		ORDER BY
			a.ifcgOrder DESC
 {executed in 1 msec} 
