2024-09-19T16:00:37.258 [http-nio-8080-exec-1] INFO o.a.c.c.C.[.[.[/] - Initializing Spring DispatcherServlet 'dispatcherServlet' 
2024-09-19T16:00:37.260 [http-nio-8080-exec-1] INFO o.s.w.s.DispatcherServlet - Initializing Servlet 'dispatcherServlet' 
2024-09-19T16:00:37.261 [http-nio-8080-exec-1] INFO o.s.w.s.DispatcherServlet - Completed initialization in 1 ms 
2024-09-19T16:00:37.283 [http-nio-8080-exec-1] INFO c.z.h.HikariDataSource - HikariPool-2 - Starting... 
2024-09-19T16:00:37.315 [http-nio-8080-exec-1] INFO c.z.h.p.HikariPool - HikariPool-2 - Added connection net.sf.log4jdbc.sql.jdbcapi.ConnectionSpy@157a066b 
2024-09-19T16:00:37.316 [http-nio-8080-exec-1] INFO c.z.h.HikariDataSource - HikariPool-2 - Start completed. 
2024-09-19T16:00:37.325 [http-nio-8080-exec-1] DEBUG j.sqltiming -  com.zaxxer.hikari.pool.ProxyPreparedStatement.execute(ProxyPreparedStatement.java:44)
21. select
		a.ifcgSeq,
	    a.ifcgName,
	    a.ifcgUseNy,
	    a.ifcgOrder,
	    a.ifcgDesc,
	    a.ifcgDelNy,
	    a.ifcgRegist,
	    a.ifcgEdit,
	    	(SELECT count(ifcdSeq) FROM code AS b WHERE 1 = 1 AND b.codegroup_ifcgSeq = a.ifcgSeq) AS xifcdSeqCount
	FROM 
		yuz.codegroup a
	WHERE 1 = 1

		 AND ifcgDelNy = 1 

	ORDER BY
		a.ifcgSeq desc
 {executed in 7 msec} 
2024-09-19T16:00:43.277 [http-nio-8080-exec-9] DEBUG j.sqltiming -  com.zaxxer.hikari.pool.ProxyPreparedStatement.execute(ProxyPreparedStatement.java:44)
21. select
		a.ifcgSeq,
	    a.ifcgName,
	    a.ifcgUseNy,
	    a.ifcgOrder,
	    a.ifcgDesc,
	    a.ifcgDelNy,
	    a.ifcgRegist,
	    a.ifcgEdit,
	    	(SELECT count(ifcdSeq) FROM code AS b WHERE 1 = 1 AND b.codegroup_ifcgSeq = a.ifcgSeq) AS xifcdSeqCount
	FROM 
		yuz.codegroup a
	WHERE 1 = 1

		 AND ifcgDelNy = 1 

	ORDER BY
		a.ifcgSeq desc
 {executed in 1 msec} 
2024-09-19T16:00:51.931 [http-nio-8080-exec-9] DEBUG j.sqltiming -  com.zaxxer.hikari.pool.ProxyPreparedStatement.execute(ProxyPreparedStatement.java:44)
21. select
		a.ifcgSeq,
	    a.ifcgName,
	    a.ifcgUseNy,
	    a.ifcgOrder,
	    a.ifcgDesc,
	    a.ifcgDelNy,
	    a.ifcgRegist,
	    a.ifcgEdit,
	    	(SELECT count(ifcdSeq) FROM code AS b WHERE 1 = 1 AND b.codegroup_ifcgSeq = a.ifcgSeq) AS xifcdSeqCount
	FROM 
		yuz.codegroup a
	WHERE 1 = 1

		 AND ifcgUseNy = 0 

	ORDER BY
		a.ifcgSeq desc
 {executed in 1 msec} 
2024-09-19T16:00:55.608 [http-nio-8080-exec-7] DEBUG j.sqltiming -  com.zaxxer.hikari.pool.ProxyPreparedStatement.execute(ProxyPreparedStatement.java:44)
21. select
		a.ifcgSeq,
	    a.ifcgName,
	    a.ifcgUseNy,
	    a.ifcgOrder,
	    a.ifcgDesc,
	    a.ifcgDelNy,
	    a.ifcgRegist,
	    a.ifcgEdit,
	    	(SELECT count(ifcdSeq) FROM code AS b WHERE 1 = 1 AND b.codegroup_ifcgSeq = a.ifcgSeq) AS xifcdSeqCount
	FROM 
		yuz.codegroup a
	WHERE 1 = 1

		 AND ifcgUseNy = 1 

	ORDER BY
		a.ifcgSeq desc
 {executed in 1 msec} 
2024-09-19T16:02:45.736 [File Watcher] INFO o.s.b.d.a.LocalDevToolsAutoConfiguration$RestartingClassPathChangeChangedEventListener - Restarting due to 4 class path changes (0 additions, 4 deletions, 0 modifications) 
2024-09-19T16:02:45.737 [Thread-39] INFO o.a.c.h.Http11NioProtocol - Stopping ProtocolHandler ["http-nio-8080"] 
2024-09-19T16:02:45.882 [Thread-39] INFO c.z.h.HikariDataSource - HikariPool-2 - Shutdown initiated... 
2024-09-19T16:02:45.886 [Thread-39] INFO c.z.h.HikariDataSource - HikariPool-2 - Shutdown completed. 
2024-09-19T16:02:45.941 [restartedMain] INFO c.f.RepoYuzApplication - Starting RepoYuzApplication using Java 17.0.11 with PID 40184 (C:\factory\ws_sts4_4240\repo_yuz\repo_yuz\bin\main started by mizay in C:\factory\ws_sts4_4240\repo_yuz\repo_yuz) 
2024-09-19T16:02:45.941 [restartedMain] INFO c.f.RepoYuzApplication - No active profile set, falling back to 1 default profile: "default" 
2024-09-19T16:02:46.061 [restartedMain] INFO o.s.b.w.e.t.TomcatWebServer - Tomcat initialized with port 8080 (http) 
2024-09-19T16:02:46.062 [restartedMain] INFO o.a.c.h.Http11NioProtocol - Initializing ProtocolHandler ["http-nio-8080"] 
2024-09-19T16:02:46.062 [restartedMain] INFO o.a.c.c.StandardService - Starting service [Tomcat] 
2024-09-19T16:02:46.062 [restartedMain] INFO o.a.c.c.StandardEngine - Starting Servlet engine: [Apache Tomcat/10.1.28] 
2024-09-19T16:02:46.074 [restartedMain] INFO o.a.c.c.C.[.[.[/] - Initializing Spring embedded WebApplicationContext 
2024-09-19T16:02:46.074 [restartedMain] INFO o.s.b.w.s.c.ServletWebServerApplicationContext - Root WebApplicationContext: initialization completed in 132 ms 
2024-09-19T16:02:46.150 [restartedMain] INFO o.s.b.d.a.OptionalLiveReloadServer - LiveReload server is running on port 35729 
2024-09-19T16:02:46.153 [restartedMain] INFO o.a.c.h.Http11NioProtocol - Starting ProtocolHandler ["http-nio-8080"] 
2024-09-19T16:02:46.155 [restartedMain] INFO o.s.b.w.e.t.TomcatWebServer - Tomcat started on port 8080 (http) with context path '/' 
2024-09-19T16:02:46.159 [restartedMain] INFO c.f.RepoYuzApplication - Started RepoYuzApplication in 0.238 seconds (process running for 20104.865) 
2024-09-19T16:02:46.160 [restartedMain] INFO o.s.b.d.a.ConditionEvaluationDeltaLoggingListener - Condition evaluation unchanged 
2024-09-19T16:08:17.136 [http-nio-8080-exec-1] INFO o.a.c.c.C.[.[.[/] - Initializing Spring DispatcherServlet 'dispatcherServlet' 
2024-09-19T16:08:17.136 [http-nio-8080-exec-1] INFO o.s.w.s.DispatcherServlet - Initializing Servlet 'dispatcherServlet' 
2024-09-19T16:08:17.138 [http-nio-8080-exec-1] INFO o.s.w.s.DispatcherServlet - Completed initialization in 2 ms 
2024-09-19T16:08:17.143 [http-nio-8080-exec-1] INFO c.z.h.HikariDataSource - HikariPool-3 - Starting... 
2024-09-19T16:08:17.171 [http-nio-8080-exec-1] INFO c.z.h.p.HikariPool - HikariPool-3 - Added connection net.sf.log4jdbc.sql.jdbcapi.ConnectionSpy@204612ae 
2024-09-19T16:08:17.172 [http-nio-8080-exec-1] INFO c.z.h.HikariDataSource - HikariPool-3 - Start completed. 
2024-09-19T16:08:17.174 [http-nio-8080-exec-1] DEBUG j.sqltiming -  com.zaxxer.hikari.pool.ProxyPreparedStatement.execute(ProxyPreparedStatement.java:44)
31. select
		a.ifcgSeq,
	    a.ifcgName,
	    a.ifcgUseNy,
	    a.ifcgOrder,
	    a.ifcgDesc,
	    a.ifcgDelNy,
	    a.ifcgRegist,
	    a.ifcgEdit,
	    	(SELECT count(ifcdSeq) FROM code AS b WHERE 1 = 1 AND b.codegroup_ifcgSeq = a.ifcgSeq) AS xifcdSeqCount
	FROM 
		yuz.codegroup a
	WHERE 1 = 1

		 AND ifcgUseNy = 1 

	ORDER BY
		a.ifcgSeq desc
 {executed in 2 msec} 
2024-09-19T16:08:22.195 [http-nio-8080-exec-5] DEBUG j.sqltiming -  com.zaxxer.hikari.pool.ProxyPreparedStatement.execute(ProxyPreparedStatement.java:44)
31. select
		a.ifcgSeq,
	    a.ifcgName,
	    a.ifcgUseNy,
	    a.ifcgOrder,
	    a.ifcgDesc,
	    a.ifcgDelNy,
	    a.ifcgRegist,
	    a.ifcgEdit,
	    	(SELECT count(ifcdSeq) FROM code AS b WHERE 1 = 1 AND b.codegroup_ifcgSeq = a.ifcgSeq) AS xifcdSeqCount
	FROM 
		yuz.codegroup a
	WHERE 1 = 1

	ORDER BY
		a.ifcgSeq desc
 {executed in 3 msec} 
2024-09-19T16:16:44.819 [http-nio-8080-exec-4] DEBUG j.sqltiming -  com.zaxxer.hikari.pool.ProxyPreparedStatement.execute(ProxyPreparedStatement.java:44)
31. SELECT
			a.ifcgSeq,
			a.ifcgName,
			a.ifcgUseNy,
			a.ifcgOrder,
			a.ifcgDesc,
			a.ifcgDelNy,
			a.ifcgRegist,
			a.ifcgEdit
		FROM
			yuz.codegroup a
		WHERE 1 = 1
			AND a.ifcgSeq = '7'
 {executed in 2 msec} 
2024-09-19T16:16:47.541 [http-nio-8080-exec-6] DEBUG j.sqltiming -  com.zaxxer.hikari.pool.ProxyPreparedStatement.execute(ProxyPreparedStatement.java:44)
31. SELECT
			a.ifcgSeq,
			a.ifcgName,
			a.ifcgUseNy,
			a.ifcgOrder,
			a.ifcgDesc,
			a.ifcgDelNy,
			a.ifcgRegist,
			a.ifcgEdit
		FROM
			yuz.codegroup a
		WHERE 1 = 1
			AND a.ifcgSeq = '1'
 {executed in 1 msec} 
2024-09-19T16:20:54.864 [http-nio-8080-exec-5] DEBUG j.sqltiming -  com.zaxxer.hikari.pool.ProxyPreparedStatement.execute(ProxyPreparedStatement.java:44)
31. SELECT
			a.ifcgSeq,
			a.ifcgName,
			a.ifcgUseNy,
			a.ifcgOrder,
			a.ifcgDesc,
			a.ifcgDelNy,
			a.ifcgRegist,
			a.ifcgEdit
		FROM
			yuz.codegroup a
		WHERE 1 = 1
			AND a.ifcgSeq = '1'
 {executed in 1 msec} 
2024-09-19T16:21:46.262 [http-nio-8080-exec-10] DEBUG j.sqltiming -  com.zaxxer.hikari.pool.ProxyPreparedStatement.execute(ProxyPreparedStatement.java:44)
31. SELECT
			a.ifcgSeq,
			a.ifcgName,
			a.ifcgUseNy,
			a.ifcgOrder,
			a.ifcgDesc,
			a.ifcgDelNy,
			a.ifcgRegist,
			a.ifcgEdit
		FROM
			yuz.codegroup a
		WHERE 1 = 1
			AND a.ifcgSeq = '2'
 {executed in 1 msec} 
2024-09-19T16:22:24.258 [http-nio-8080-exec-5] DEBUG j.sqltiming -  com.zaxxer.hikari.pool.ProxyPreparedStatement.execute(ProxyPreparedStatement.java:44)
31. select
		a.ifcgSeq,
	    a.ifcgName,
	    a.ifcgUseNy,
	    a.ifcgOrder,
	    a.ifcgDesc,
	    a.ifcgDelNy,
	    a.ifcgRegist,
	    a.ifcgEdit,
	    	(SELECT count(ifcdSeq) FROM code AS b WHERE 1 = 1 AND b.codegroup_ifcgSeq = a.ifcgSeq) AS xifcdSeqCount
	FROM 
		yuz.codegroup a
	WHERE 1 = 1

		 AND ifcgSeq = '1' 	

	ORDER BY
		a.ifcgSeq desc
 {executed in 2 msec} 
2024-09-19T16:22:26.927 [http-nio-8080-exec-2] DEBUG j.sqltiming -  com.zaxxer.hikari.pool.ProxyPreparedStatement.execute(ProxyPreparedStatement.java:44)
31. select
		a.ifcgSeq,
	    a.ifcgName,
	    a.ifcgUseNy,
	    a.ifcgOrder,
	    a.ifcgDesc,
	    a.ifcgDelNy,
	    a.ifcgRegist,
	    a.ifcgEdit,
	    	(SELECT count(ifcdSeq) FROM code AS b WHERE 1 = 1 AND b.codegroup_ifcgSeq = a.ifcgSeq) AS xifcdSeqCount
	FROM 
		yuz.codegroup a
	WHERE 1 = 1

	ORDER BY
		a.ifcgSeq desc
 {executed in 2 msec} 
2024-09-19T16:22:30.886 [http-nio-8080-exec-10] DEBUG j.sqltiming -  com.zaxxer.hikari.pool.ProxyPreparedStatement.execute(ProxyPreparedStatement.java:44)
31. select
		a.ifcgSeq,
	    a.ifcgName,
	    a.ifcgUseNy,
	    a.ifcgOrder,
	    a.ifcgDesc,
	    a.ifcgDelNy,
	    a.ifcgRegist,
	    a.ifcgEdit,
	    	(SELECT count(ifcdSeq) FROM code AS b WHERE 1 = 1 AND b.codegroup_ifcgSeq = a.ifcgSeq) AS xifcdSeqCount
	FROM 
		yuz.codegroup a
	WHERE 1 = 1

		 AND ifcgSeq = '3' 	

	ORDER BY
		a.ifcgSeq desc
 {executed in 3 msec} 
2024-09-19T16:36:56.239 [http-nio-8080-exec-4] DEBUG j.sqltiming -  com.zaxxer.hikari.pool.ProxyPreparedStatement.execute(ProxyPreparedStatement.java:44)
31. select
		a.ifcgSeq,
	    a.ifcgName,
	    a.ifcgUseNy,
	    a.ifcgOrder,
	    a.ifcgDesc,
	    a.ifcgDelNy,
	    a.ifcgRegist,
	    a.ifcgEdit,
	    	(SELECT count(ifcdSeq) FROM code AS b WHERE 1 = 1 AND b.codegroup_ifcgSeq = a.ifcgSeq) AS xifcdSeqCount
	FROM 
		yuz.codegroup a
	WHERE 1 = 1

	ORDER BY
		a.ifcgSeq desc
 {executed in 2 msec} 
2024-09-19T16:42:29.402 [http-nio-8080-exec-1] DEBUG j.sqltiming -  com.zaxxer.hikari.pool.ProxyPreparedStatement.execute(ProxyPreparedStatement.java:44)
41. select
		a.ifcgSeq,
	    a.ifcgName,
	    a.ifcgUseNy,
	    a.ifcgOrder,
	    a.ifcgDesc,
	    a.ifcgDelNy,
	    a.ifcgRegist,
	    a.ifcgEdit,
	    	(SELECT count(ifcdSeq) FROM code AS b WHERE 1 = 1 AND b.codegroup_ifcgSeq = a.ifcgSeq) AS xifcdSeqCount
	FROM 
		yuz.codegroup a
	WHERE 1 = 1

	ORDER BY
		a.ifcgSeq desc
 {executed in 2 msec} 
2024-09-19T16:42:38.462 [http-nio-8080-exec-6] DEBUG j.sqltiming -  com.zaxxer.hikari.pool.ProxyPreparedStatement.execute(ProxyPreparedStatement.java:44)
41. select
		a.ifcgSeq,
	    a.ifcgName,
	    a.ifcgUseNy,
	    a.ifcgOrder,
	    a.ifcgDesc,
	    a.ifcgDelNy,
	    a.ifcgRegist,
	    a.ifcgEdit,
	    	(SELECT count(ifcdSeq) FROM code AS b WHERE 1 = 1 AND b.codegroup_ifcgSeq = a.ifcgSeq) AS xifcdSeqCount
	FROM 
		yuz.codegroup a
	WHERE 1 = 1

		 AND a.ifcgRegist BETWEEN '2024-09-14' AND '2024-09-15' 

	ORDER BY
		a.ifcgSeq desc
 {executed in 2 msec} 
2024-09-19T16:42:46.782 [http-nio-8080-exec-7] DEBUG j.sqltiming -  com.zaxxer.hikari.pool.ProxyPreparedStatement.execute(ProxyPreparedStatement.java:44)
41. select
		a.ifcgSeq,
	    a.ifcgName,
	    a.ifcgUseNy,
	    a.ifcgOrder,
	    a.ifcgDesc,
	    a.ifcgDelNy,
	    a.ifcgRegist,
	    a.ifcgEdit,
	    	(SELECT count(ifcdSeq) FROM code AS b WHERE 1 = 1 AND b.codegroup_ifcgSeq = a.ifcgSeq) AS xifcdSeqCount
	FROM 
		yuz.codegroup a
	WHERE 1 = 1

		 AND a.ifcgRegist BETWEEN '2024-09-14' AND '2024-09-14' 

	ORDER BY
		a.ifcgSeq desc
 {executed in 11 msec} 
2024-09-19T16:46:03.342 [RMI TCP Connection(343)-127.0.0.1] INFO o.s.b.a.SpringApplicationAdminMXBeanRegistrar$SpringApplicationAdmin - Application shutdown requested. 
2024-09-19T16:46:03.347 [RMI TCP Connection(343)-127.0.0.1] INFO o.a.c.h.Http11NioProtocol - Stopping ProtocolHandler ["http-nio-8080"] 
2024-09-19T16:46:03.594 [RMI TCP Connection(343)-127.0.0.1] INFO c.z.h.HikariDataSource - HikariPool-3 - Shutdown initiated... 
2024-09-19T16:46:03.604 [RMI TCP Connection(343)-127.0.0.1] INFO c.z.h.HikariDataSource - HikariPool-3 - Shutdown completed. 
2024-09-19T16:46:05.464 [restartedMain] INFO c.f.RepoYuzApplication - Starting RepoYuzApplication using Java 17.0.11 with PID 22692 (C:\factory\ws_sts4_4240\repo_yuz\repo_yuz\bin\main started by mizay in C:\factory\ws_sts4_4240\repo_yuz\repo_yuz) 
2024-09-19T16:46:05.467 [restartedMain] INFO c.f.RepoYuzApplication - No active profile set, falling back to 1 default profile: "default" 
2024-09-19T16:46:05.514 [restartedMain] INFO o.s.b.d.e.DevToolsPropertyDefaultsPostProcessor - Devtools property defaults active! Set 'spring.devtools.add-properties' to 'false' to disable 
2024-09-19T16:46:05.514 [restartedMain] INFO o.s.b.d.e.DevToolsPropertyDefaultsPostProcessor - For additional web related logging consider setting the 'logging.level.web' property to 'DEBUG' 
2024-09-19T16:46:06.694 [restartedMain] INFO o.s.b.w.e.t.TomcatWebServer - Tomcat initialized with port 8080 (http) 
2024-09-19T16:46:06.712 [restartedMain] INFO o.a.c.h.Http11NioProtocol - Initializing ProtocolHandler ["http-nio-8080"] 
2024-09-19T16:46:06.716 [restartedMain] INFO o.a.c.c.StandardService - Starting service [Tomcat] 
2024-09-19T16:46:06.717 [restartedMain] INFO o.a.c.c.StandardEngine - Starting Servlet engine: [Apache Tomcat/10.1.28] 
2024-09-19T16:46:06.788 [restartedMain] INFO o.a.c.c.C.[.[.[/] - Initializing Spring embedded WebApplicationContext 
2024-09-19T16:46:06.789 [restartedMain] INFO o.s.b.w.s.c.ServletWebServerApplicationContext - Root WebApplicationContext: initialization completed in 1274 ms 
2024-09-19T16:46:07.611 [restartedMain] INFO o.s.b.d.a.OptionalLiveReloadServer - LiveReload server is running on port 35729 
2024-09-19T16:46:07.631 [restartedMain] INFO o.a.c.h.Http11NioProtocol - Starting ProtocolHandler ["http-nio-8080"] 
2024-09-19T16:46:07.667 [restartedMain] INFO o.s.b.w.e.t.TomcatWebServer - Tomcat started on port 8080 (http) with context path '/' 
2024-09-19T16:46:07.678 [restartedMain] INFO c.f.RepoYuzApplication - Started RepoYuzApplication in 2.554 seconds (process running for 3.351) 
