2024-09-16T17:12:35.176 [File Watcher] INFO o.s.b.d.a.LocalDevToolsAutoConfiguration$RestartingClassPathChangeChangedEventListener - Restarting due to 1 class path change (0 additions, 0 deletions, 1 modification) 
2024-09-16T17:12:35.181 [Thread-5] INFO o.a.c.h.Http11NioProtocol - Stopping ProtocolHandler ["http-nio-8080"] 
2024-09-16T17:12:35.321 [Thread-5] INFO c.z.h.HikariDataSource - HikariPool-1 - Shutdown initiated... 
2024-09-16T17:12:35.324 [Thread-5] INFO c.z.h.HikariDataSource - HikariPool-1 - Shutdown completed. 
2024-09-16T17:12:35.378 [restartedMain] INFO c.f.RepoYuzApplication - Starting RepoYuzApplication using Java 17.0.11 with PID 24624 (C:\factory\ws_sts4_4240\repo_yuz\repo_yuz\bin\main started by mizay in C:\factory\ws_sts4_4240\repo_yuz\repo_yuz) 
2024-09-16T17:12:35.379 [restartedMain] INFO c.f.RepoYuzApplication - No active profile set, falling back to 1 default profile: "default" 
2024-09-16T17:12:35.523 [restartedMain] INFO o.s.b.w.e.t.TomcatWebServer - Tomcat initialized with port 8080 (http) 
2024-09-16T17:12:35.523 [restartedMain] INFO o.a.c.h.Http11NioProtocol - Initializing ProtocolHandler ["http-nio-8080"] 
2024-09-16T17:12:35.523 [restartedMain] INFO o.a.c.c.StandardService - Starting service [Tomcat] 
2024-09-16T17:12:35.523 [restartedMain] INFO o.a.c.c.StandardEngine - Starting Servlet engine: [Apache Tomcat/10.1.28] 
2024-09-16T17:12:35.534 [restartedMain] INFO o.a.c.c.C.[.[.[/] - Initializing Spring embedded WebApplicationContext 
2024-09-16T17:12:35.534 [restartedMain] INFO o.s.b.w.s.c.ServletWebServerApplicationContext - Root WebApplicationContext: initialization completed in 153 ms 
2024-09-16T17:12:35.612 [restartedMain] INFO o.s.b.d.a.OptionalLiveReloadServer - LiveReload server is running on port 35729 
2024-09-16T17:12:35.616 [restartedMain] INFO o.a.c.h.Http11NioProtocol - Starting ProtocolHandler ["http-nio-8080"] 
2024-09-16T17:12:35.618 [restartedMain] INFO o.s.b.w.e.t.TomcatWebServer - Tomcat started on port 8080 (http) with context path '/' 
2024-09-16T17:12:35.622 [restartedMain] INFO c.f.RepoYuzApplication - Started RepoYuzApplication in 0.266 seconds (process running for 6834.392) 
2024-09-16T17:12:35.623 [restartedMain] INFO o.s.b.d.a.ConditionEvaluationDeltaLoggingListener - Condition evaluation unchanged 
2024-09-16T17:13:01.639 [http-nio-8080-exec-1] INFO o.a.c.c.C.[.[.[/] - Initializing Spring DispatcherServlet 'dispatcherServlet' 
2024-09-16T17:13:01.640 [http-nio-8080-exec-1] INFO o.s.w.s.DispatcherServlet - Initializing Servlet 'dispatcherServlet' 
2024-09-16T17:13:01.641 [http-nio-8080-exec-1] INFO o.s.w.s.DispatcherServlet - Completed initialization in 1 ms 
2024-09-16T17:13:01.644 [http-nio-8080-exec-1] INFO c.z.h.HikariDataSource - HikariPool-2 - Starting... 
2024-09-16T17:13:01.652 [http-nio-8080-exec-1] INFO c.z.h.p.HikariPool - HikariPool-2 - Added connection net.sf.log4jdbc.sql.jdbcapi.ConnectionSpy@6aadce40 
2024-09-16T17:13:01.653 [http-nio-8080-exec-1] INFO c.z.h.HikariDataSource - HikariPool-2 - Start completed. 
2024-09-16T17:13:01.657 [http-nio-8080-exec-1] DEBUG j.sqltiming -  com.zaxxer.hikari.pool.ProxyPreparedStatement.execute(ProxyPreparedStatement.java:44)
41. INSERT INTO code(
			ifcdName,
			ifcdUseNy,
			ifcdOrder,
			ifcdDesc,
			ifcdDelNy,
			ifcdREgist,
			ifcdEdit,
			codegroup_ifcgSeq
		) VALUES (
			'ㅇㅇ',
			0,
			10,
			NULL,
			0,
			now(),
			now(),
			'2'
		)
 {executed in 3 msec} 
2024-09-16T17:13:01.665 [http-nio-8080-exec-2] DEBUG j.sqltiming -  com.zaxxer.hikari.pool.ProxyPreparedStatement.execute(ProxyPreparedStatement.java:44)
41. SELECT
			b.ifcdSeq,
			b.ifcdName,
			b.ifcdUseNy,
			b.ifcdOrder,
			b.ifcdDesc,
		    b.ifcdDelNy,
		    b.ifcdRegist,
		    b.ifcdEdit,
		    b.codegroup_ifcgSeq
		FROM 
			yuz.code b
		ORDER BY
			b.ifcdSeq desc
 {executed in 0 msec} 
2024-09-16T17:13:05.198 [http-nio-8080-exec-6] DEBUG j.sqltiming -  com.zaxxer.hikari.pool.ProxyPreparedStatement.execute(ProxyPreparedStatement.java:44)
41. SELECT
			a.ifcgSeq,
			a.ifcgName
		FROM 
			codegroup a
		WHERE 1 = 1
			AND a.ifcgDelNy = 0
		ORDER BY
			a.ifcgOrder DESC
 {executed in 0 msec} 
2024-09-16T17:13:05.199 [http-nio-8080-exec-6] DEBUG j.sqltiming -  com.zaxxer.hikari.pool.ProxyPreparedStatement.execute(ProxyPreparedStatement.java:44)
41. SELECT
			a.ifcgSeq,
			a.ifcgName
		FROM 
			codegroup a
		WHERE 1 = 1
			AND a.ifcgDelNy = 0
		ORDER BY
			a.ifcgOrder DESC
 {executed in 1 msec} 
2024-09-16T17:13:10.884 [http-nio-8080-exec-4] DEBUG j.sqltiming -  com.zaxxer.hikari.pool.ProxyPreparedStatement.execute(ProxyPreparedStatement.java:44)
41. INSERT INTO code(
			ifcdName,
			ifcdUseNy,
			ifcdOrder,
			ifcdDesc,
			ifcdDelNy,
			ifcdREgist,
			ifcdEdit,
			codegroup_ifcgSeq
		) VALUES (
			'ㅀ',
			1,
			2,
			NULL,
			0,
			now(),
			now(),
			'2'
		)
 {executed in 1 msec} 
2024-09-16T17:13:10.889 [http-nio-8080-exec-1] DEBUG j.sqltiming -  com.zaxxer.hikari.pool.ProxyPreparedStatement.execute(ProxyPreparedStatement.java:44)
41. SELECT
			b.ifcdSeq,
			b.ifcdName,
			b.ifcdUseNy,
			b.ifcdOrder,
			b.ifcdDesc,
		    b.ifcdDelNy,
		    b.ifcdRegist,
		    b.ifcdEdit,
		    b.codegroup_ifcgSeq
		FROM 
			yuz.code b
		ORDER BY
			b.ifcdSeq desc
 {executed in 1 msec} 
2024-09-16T17:13:26.583 [File Watcher] INFO o.s.b.d.a.LocalDevToolsAutoConfiguration$RestartingClassPathChangeChangedEventListener - Restarting due to 1 class path change (0 additions, 0 deletions, 1 modification) 
2024-09-16T17:13:26.585 [Thread-7] INFO o.a.c.h.Http11NioProtocol - Stopping ProtocolHandler ["http-nio-8080"] 
2024-09-16T17:13:26.753 [Thread-7] INFO c.z.h.HikariDataSource - HikariPool-2 - Shutdown initiated... 
2024-09-16T17:13:26.756 [Thread-7] INFO c.z.h.HikariDataSource - HikariPool-2 - Shutdown completed. 
2024-09-16T17:13:26.801 [restartedMain] INFO c.f.RepoYuzApplication - Starting RepoYuzApplication using Java 17.0.11 with PID 24624 (C:\factory\ws_sts4_4240\repo_yuz\repo_yuz\bin\main started by mizay in C:\factory\ws_sts4_4240\repo_yuz\repo_yuz) 
2024-09-16T17:13:26.801 [restartedMain] INFO c.f.RepoYuzApplication - No active profile set, falling back to 1 default profile: "default" 
2024-09-16T17:13:26.918 [restartedMain] INFO o.s.b.w.e.t.TomcatWebServer - Tomcat initialized with port 8080 (http) 
2024-09-16T17:13:26.919 [restartedMain] INFO o.a.c.h.Http11NioProtocol - Initializing ProtocolHandler ["http-nio-8080"] 
2024-09-16T17:13:26.919 [restartedMain] INFO o.a.c.c.StandardService - Starting service [Tomcat] 
2024-09-16T17:13:26.919 [restartedMain] INFO o.a.c.c.StandardEngine - Starting Servlet engine: [Apache Tomcat/10.1.28] 
2024-09-16T17:13:26.930 [restartedMain] INFO o.a.c.c.C.[.[.[/] - Initializing Spring embedded WebApplicationContext 
2024-09-16T17:13:26.930 [restartedMain] INFO o.s.b.w.s.c.ServletWebServerApplicationContext - Root WebApplicationContext: initialization completed in 128 ms 
2024-09-16T17:13:26.999 [restartedMain] INFO o.s.b.d.a.OptionalLiveReloadServer - LiveReload server is running on port 35729 
2024-09-16T17:13:27.002 [restartedMain] INFO o.a.c.h.Http11NioProtocol - Starting ProtocolHandler ["http-nio-8080"] 
2024-09-16T17:13:27.005 [restartedMain] INFO o.s.b.w.e.t.TomcatWebServer - Tomcat started on port 8080 (http) with context path '/' 
2024-09-16T17:13:27.007 [restartedMain] INFO c.f.RepoYuzApplication - Started RepoYuzApplication in 0.222 seconds (process running for 6885.778) 
2024-09-16T17:13:27.010 [restartedMain] INFO o.s.b.d.a.ConditionEvaluationDeltaLoggingListener - Condition evaluation unchanged 
2024-09-16T17:23:23.991 [http-nio-8080-exec-1] INFO o.a.c.c.C.[.[.[/] - Initializing Spring DispatcherServlet 'dispatcherServlet' 
2024-09-16T17:23:23.991 [http-nio-8080-exec-1] INFO o.s.w.s.DispatcherServlet - Initializing Servlet 'dispatcherServlet' 
2024-09-16T17:23:23.992 [http-nio-8080-exec-1] INFO o.s.w.s.DispatcherServlet - Completed initialization in 1 ms 
2024-09-16T17:23:23.994 [http-nio-8080-exec-1] INFO c.z.h.HikariDataSource - HikariPool-3 - Starting... 
2024-09-16T17:23:24.005 [http-nio-8080-exec-1] INFO c.z.h.p.HikariPool - HikariPool-3 - Added connection net.sf.log4jdbc.sql.jdbcapi.ConnectionSpy@fb10ac5 
2024-09-16T17:23:24.005 [http-nio-8080-exec-1] INFO c.z.h.HikariDataSource - HikariPool-3 - Start completed. 
2024-09-16T17:23:24.006 [http-nio-8080-exec-1] DEBUG j.sqltiming -  com.zaxxer.hikari.pool.ProxyPreparedStatement.execute(ProxyPreparedStatement.java:44)
51. SELECT
			a.ifcgSeq,
			a.ifcgName,
			a.ifcgUseNy,
			a.ifcgOrder,
			a.ifcgDesc,
			a.ifcgDelNy,
			a.ifcgRegist,
			a.ifcgEdit
		FROM
			yuz.codegroup a
		WHERE 1 = 1
			AND a.ifcgSeq = '5'
 {executed in 0 msec} 
2024-09-16T17:23:30.536 [http-nio-8080-exec-3] DEBUG j.sqltiming -  com.zaxxer.hikari.pool.ProxyPreparedStatement.execute(ProxyPreparedStatement.java:44)
51. SELECT
			a.ifcgSeq,
			a.ifcgName,
			a.ifcgUseNy,
			a.ifcgOrder,
			a.ifcgDesc,
			a.ifcgDelNy,
			a.ifcgRegist,
			a.ifcgEdit
		FROM
			yuz.codegroup a
		WHERE 1 = 1
			AND a.ifcgSeq = '5'
 {executed in 0 msec} 
2024-09-16T17:26:41.488 [File Watcher] INFO o.s.b.d.a.LocalDevToolsAutoConfiguration$RestartingClassPathChangeChangedEventListener - Restarting due to 1 class path change (0 additions, 0 deletions, 1 modification) 
2024-09-16T17:26:41.489 [Thread-11] INFO o.a.c.h.Http11NioProtocol - Stopping ProtocolHandler ["http-nio-8080"] 
2024-09-16T17:26:41.629 [Thread-11] INFO c.z.h.HikariDataSource - HikariPool-3 - Shutdown initiated... 
2024-09-16T17:26:41.632 [Thread-11] INFO c.z.h.HikariDataSource - HikariPool-3 - Shutdown completed. 
2024-09-16T17:26:41.676 [restartedMain] INFO c.f.RepoYuzApplication - Starting RepoYuzApplication using Java 17.0.11 with PID 24624 (C:\factory\ws_sts4_4240\repo_yuz\repo_yuz\bin\main started by mizay in C:\factory\ws_sts4_4240\repo_yuz\repo_yuz) 
2024-09-16T17:26:41.676 [restartedMain] INFO c.f.RepoYuzApplication - No active profile set, falling back to 1 default profile: "default" 
2024-09-16T17:26:41.792 [restartedMain] INFO o.s.b.w.e.t.TomcatWebServer - Tomcat initialized with port 8080 (http) 
2024-09-16T17:26:41.793 [restartedMain] INFO o.a.c.h.Http11NioProtocol - Initializing ProtocolHandler ["http-nio-8080"] 
2024-09-16T17:26:41.793 [restartedMain] INFO o.a.c.c.StandardService - Starting service [Tomcat] 
2024-09-16T17:26:41.793 [restartedMain] INFO o.a.c.c.StandardEngine - Starting Servlet engine: [Apache Tomcat/10.1.28] 
2024-09-16T17:26:41.803 [restartedMain] INFO o.a.c.c.C.[.[.[/] - Initializing Spring embedded WebApplicationContext 
2024-09-16T17:26:41.803 [restartedMain] INFO o.s.b.w.s.c.ServletWebServerApplicationContext - Root WebApplicationContext: initialization completed in 124 ms 
2024-09-16T17:26:41.872 [restartedMain] INFO o.s.b.d.a.OptionalLiveReloadServer - LiveReload server is running on port 35729 
2024-09-16T17:26:41.876 [restartedMain] INFO o.a.c.h.Http11NioProtocol - Starting ProtocolHandler ["http-nio-8080"] 
2024-09-16T17:26:41.878 [restartedMain] INFO o.s.b.w.e.t.TomcatWebServer - Tomcat started on port 8080 (http) with context path '/' 
2024-09-16T17:26:41.880 [restartedMain] INFO c.f.RepoYuzApplication - Started RepoYuzApplication in 0.221 seconds (process running for 7680.651) 
2024-09-16T17:26:41.881 [restartedMain] INFO o.s.b.d.a.ConditionEvaluationDeltaLoggingListener - Condition evaluation unchanged 
2024-09-16T17:26:52.446 [http-nio-8080-exec-1] INFO o.a.c.c.C.[.[.[/] - Initializing Spring DispatcherServlet 'dispatcherServlet' 
2024-09-16T17:26:52.447 [http-nio-8080-exec-1] INFO o.s.w.s.DispatcherServlet - Initializing Servlet 'dispatcherServlet' 
2024-09-16T17:26:52.447 [http-nio-8080-exec-1] INFO o.s.w.s.DispatcherServlet - Completed initialization in 0 ms 
2024-09-16T17:26:52.450 [http-nio-8080-exec-1] INFO c.z.h.HikariDataSource - HikariPool-4 - Starting... 
2024-09-16T17:26:52.460 [http-nio-8080-exec-1] INFO c.z.h.p.HikariPool - HikariPool-4 - Added connection net.sf.log4jdbc.sql.jdbcapi.ConnectionSpy@53e297be 
2024-09-16T17:26:52.460 [http-nio-8080-exec-1] INFO c.z.h.HikariDataSource - HikariPool-4 - Start completed. 
2024-09-16T17:26:52.463 [http-nio-8080-exec-1] DEBUG j.sqltiming -  com.zaxxer.hikari.pool.ProxyPreparedStatement.execute(ProxyPreparedStatement.java:44)
61. INSERT INTO code(
			ifcdName,
			ifcdUseNy,
			ifcdOrder,
			ifcdDesc,
			ifcdDelNy,
			ifcdRegist,
			ifcdEdit,
			codegroup_ifcgSeq
		) VALUES (
			'ㅇㄹ',
			0,
			3,
			NULL,
			0,
			now(),
			now(),
			'4'
		)
 {executed in 2 msec} 
2024-09-16T17:26:52.469 [http-nio-8080-exec-2] DEBUG j.sqltiming -  com.zaxxer.hikari.pool.ProxyPreparedStatement.execute(ProxyPreparedStatement.java:44)
61. SELECT
			b.ifcdSeq,
			b.ifcdName,
			b.ifcdUseNy,
			b.ifcdOrder,
			b.ifcdDesc,
		    b.ifcdDelNy,
		    b.ifcdRegist,
		    b.ifcdEdit,
		    b.codegroup_ifcgSeq
		FROM 
			yuz.code b
		ORDER BY
			b.ifcdSeq desc
 {executed in 0 msec} 
2024-09-16T17:38:26.534 [http-nio-8080-exec-3] DEBUG j.sqltiming -  com.zaxxer.hikari.pool.ProxyPreparedStatement.execute(ProxyPreparedStatement.java:44)
61. INSERT INTO code(
			ifcdName,
			ifcdUseNy,
			ifcdOrder,
			ifcdDesc,
			ifcdDelNy,
			ifcdRegist,
			ifcdEdit,
			codegroup_ifcgSeq
		) VALUES (
			'ㅇㄹ',
			0,
			3,
			NULL,
			0,
			now(),
			now(),
			'4'
		)
 {executed in 2 msec} 
2024-09-16T17:38:26.539 [http-nio-8080-exec-2] DEBUG j.sqltiming -  com.zaxxer.hikari.pool.ProxyPreparedStatement.execute(ProxyPreparedStatement.java:44)
61. SELECT
			b.ifcdSeq,
			b.ifcdName,
			b.ifcdUseNy,
			b.ifcdOrder,
			b.ifcdDesc,
		    b.ifcdDelNy,
		    b.ifcdRegist,
		    b.ifcdEdit,
		    b.codegroup_ifcgSeq
		FROM 
			yuz.code b
		ORDER BY
			b.ifcdSeq desc
 {executed in 1 msec} 
2024-09-16T17:38:38.096 [http-nio-8080-exec-7] DEBUG j.sqltiming -  com.zaxxer.hikari.pool.ProxyPreparedStatement.execute(ProxyPreparedStatement.java:44)
61. INSERT INTO code(
			ifcdName,
			ifcdUseNy,
			ifcdOrder,
			ifcdDesc,
			ifcdDelNy,
			ifcdRegist,
			ifcdEdit,
			codegroup_ifcgSeq
		) VALUES (
			'ㅇㄹ',
			0,
			3,
			NULL,
			0,
			now(),
			now(),
			'4'
		)
 {executed in 2 msec} 
2024-09-16T17:38:38.100 [http-nio-8080-exec-2] DEBUG j.sqltiming -  com.zaxxer.hikari.pool.ProxyPreparedStatement.execute(ProxyPreparedStatement.java:44)
61. SELECT
			b.ifcdSeq,
			b.ifcdName,
			b.ifcdUseNy,
			b.ifcdOrder,
			b.ifcdDesc,
		    b.ifcdDelNy,
		    b.ifcdRegist,
		    b.ifcdEdit,
		    b.codegroup_ifcgSeq
		FROM 
			yuz.code b
		ORDER BY
			b.ifcdSeq desc
 {executed in 1 msec} 
2024-09-16T17:38:42.039 [http-nio-8080-exec-10] DEBUG j.sqltiming -  com.zaxxer.hikari.pool.ProxyPreparedStatement.execute(ProxyPreparedStatement.java:44)
61. INSERT INTO code(
			ifcdName,
			ifcdUseNy,
			ifcdOrder,
			ifcdDesc,
			ifcdDelNy,
			ifcdRegist,
			ifcdEdit,
			codegroup_ifcgSeq
		) VALUES (
			'ㅇㄹ',
			0,
			3,
			NULL,
			0,
			now(),
			now(),
			'4'
		)
 {executed in 4 msec} 
2024-09-16T17:38:42.046 [http-nio-8080-exec-8] DEBUG j.sqltiming -  com.zaxxer.hikari.pool.ProxyPreparedStatement.execute(ProxyPreparedStatement.java:44)
61. SELECT
			b.ifcdSeq,
			b.ifcdName,
			b.ifcdUseNy,
			b.ifcdOrder,
			b.ifcdDesc,
		    b.ifcdDelNy,
		    b.ifcdRegist,
		    b.ifcdEdit,
		    b.codegroup_ifcgSeq
		FROM 
			yuz.code b
		ORDER BY
			b.ifcdSeq desc
 {executed in 1 msec} 
2024-09-16T17:44:39.644 [File Watcher] INFO o.s.b.d.a.LocalDevToolsAutoConfiguration$RestartingClassPathChangeChangedEventListener - Restarting due to 1 class path change (0 additions, 0 deletions, 1 modification) 
2024-09-16T17:44:39.645 [Thread-15] INFO o.a.c.h.Http11NioProtocol - Stopping ProtocolHandler ["http-nio-8080"] 
2024-09-16T17:44:39.807 [Thread-15] INFO c.z.h.HikariDataSource - HikariPool-4 - Shutdown initiated... 
2024-09-16T17:44:39.810 [Thread-15] INFO c.z.h.HikariDataSource - HikariPool-4 - Shutdown completed. 
2024-09-16T17:44:39.870 [restartedMain] INFO c.f.RepoYuzApplication - Starting RepoYuzApplication using Java 17.0.11 with PID 24624 (C:\factory\ws_sts4_4240\repo_yuz\repo_yuz\bin\main started by mizay in C:\factory\ws_sts4_4240\repo_yuz\repo_yuz) 
2024-09-16T17:44:39.871 [restartedMain] INFO c.f.RepoYuzApplication - No active profile set, falling back to 1 default profile: "default" 
2024-09-16T17:44:40.018 [restartedMain] INFO o.s.b.w.e.t.TomcatWebServer - Tomcat initialized with port 8080 (http) 
2024-09-16T17:44:40.019 [restartedMain] INFO o.a.c.h.Http11NioProtocol - Initializing ProtocolHandler ["http-nio-8080"] 
2024-09-16T17:44:40.019 [restartedMain] INFO o.a.c.c.StandardService - Starting service [Tomcat] 
2024-09-16T17:44:40.019 [restartedMain] INFO o.a.c.c.StandardEngine - Starting Servlet engine: [Apache Tomcat/10.1.28] 
2024-09-16T17:44:40.032 [restartedMain] INFO o.a.c.c.C.[.[.[/] - Initializing Spring embedded WebApplicationContext 
2024-09-16T17:44:40.032 [restartedMain] INFO o.s.b.w.s.c.ServletWebServerApplicationContext - Root WebApplicationContext: initialization completed in 158 ms 
2024-09-16T17:44:40.115 [restartedMain] INFO o.s.b.d.a.OptionalLiveReloadServer - LiveReload server is running on port 35729 
2024-09-16T17:44:40.119 [restartedMain] INFO o.a.c.h.Http11NioProtocol - Starting ProtocolHandler ["http-nio-8080"] 
2024-09-16T17:44:40.122 [restartedMain] INFO o.s.b.w.e.t.TomcatWebServer - Tomcat started on port 8080 (http) with context path '/' 
2024-09-16T17:44:40.124 [restartedMain] INFO c.f.RepoYuzApplication - Started RepoYuzApplication in 0.279 seconds (process running for 8758.895) 
2024-09-16T17:44:40.126 [restartedMain] INFO o.s.b.d.a.ConditionEvaluationDeltaLoggingListener - Condition evaluation unchanged 
2024-09-16T17:46:20.266 [File Watcher] INFO o.s.b.d.a.LocalDevToolsAutoConfiguration$RestartingClassPathChangeChangedEventListener - Restarting due to 1 class path change (0 additions, 0 deletions, 1 modification) 
2024-09-16T17:46:20.268 [Thread-19] INFO o.a.c.h.Http11NioProtocol - Stopping ProtocolHandler ["http-nio-8080"] 
2024-09-16T17:46:20.451 [restartedMain] INFO c.f.RepoYuzApplication - Starting RepoYuzApplication using Java 17.0.11 with PID 24624 (C:\factory\ws_sts4_4240\repo_yuz\repo_yuz\bin\main started by mizay in C:\factory\ws_sts4_4240\repo_yuz\repo_yuz) 
2024-09-16T17:46:20.451 [restartedMain] INFO c.f.RepoYuzApplication - No active profile set, falling back to 1 default profile: "default" 
2024-09-16T17:46:20.555 [restartedMain] INFO o.s.b.w.e.t.TomcatWebServer - Tomcat initialized with port 8080 (http) 
2024-09-16T17:46:20.555 [restartedMain] INFO o.a.c.h.Http11NioProtocol - Initializing ProtocolHandler ["http-nio-8080"] 
2024-09-16T17:46:20.555 [restartedMain] INFO o.a.c.c.StandardService - Starting service [Tomcat] 
2024-09-16T17:46:20.556 [restartedMain] INFO o.a.c.c.StandardEngine - Starting Servlet engine: [Apache Tomcat/10.1.28] 
2024-09-16T17:46:20.566 [restartedMain] INFO o.a.c.c.C.[.[.[/] - Initializing Spring embedded WebApplicationContext 
2024-09-16T17:46:20.566 [restartedMain] INFO o.s.b.w.s.c.ServletWebServerApplicationContext - Root WebApplicationContext: initialization completed in 114 ms 
2024-09-16T17:46:20.633 [restartedMain] INFO o.s.b.d.a.OptionalLiveReloadServer - LiveReload server is running on port 35729 
2024-09-16T17:46:20.636 [restartedMain] INFO o.a.c.h.Http11NioProtocol - Starting ProtocolHandler ["http-nio-8080"] 
2024-09-16T17:46:20.638 [restartedMain] INFO o.s.b.w.e.t.TomcatWebServer - Tomcat started on port 8080 (http) with context path '/' 
2024-09-16T17:46:20.642 [restartedMain] INFO c.f.RepoYuzApplication - Started RepoYuzApplication in 0.208 seconds (process running for 8859.412) 
2024-09-16T17:46:20.643 [restartedMain] INFO o.s.b.d.a.ConditionEvaluationDeltaLoggingListener - Condition evaluation unchanged 
2024-09-16T17:46:40.121 [File Watcher] INFO o.s.b.d.a.LocalDevToolsAutoConfiguration$RestartingClassPathChangeChangedEventListener - Restarting due to 1 class path change (0 additions, 0 deletions, 1 modification) 
2024-09-16T17:46:40.123 [Thread-23] INFO o.a.c.h.Http11NioProtocol - Stopping ProtocolHandler ["http-nio-8080"] 
2024-09-16T17:46:40.303 [restartedMain] INFO c.f.RepoYuzApplication - Starting RepoYuzApplication using Java 17.0.11 with PID 24624 (C:\factory\ws_sts4_4240\repo_yuz\repo_yuz\bin\main started by mizay in C:\factory\ws_sts4_4240\repo_yuz\repo_yuz) 
2024-09-16T17:46:40.303 [restartedMain] INFO c.f.RepoYuzApplication - No active profile set, falling back to 1 default profile: "default" 
2024-09-16T17:46:40.408 [restartedMain] INFO o.s.b.w.e.t.TomcatWebServer - Tomcat initialized with port 8080 (http) 
2024-09-16T17:46:40.408 [restartedMain] INFO o.a.c.h.Http11NioProtocol - Initializing ProtocolHandler ["http-nio-8080"] 
2024-09-16T17:46:40.409 [restartedMain] INFO o.a.c.c.StandardService - Starting service [Tomcat] 
2024-09-16T17:46:40.409 [restartedMain] INFO o.a.c.c.StandardEngine - Starting Servlet engine: [Apache Tomcat/10.1.28] 
2024-09-16T17:46:40.420 [restartedMain] INFO o.a.c.c.C.[.[.[/] - Initializing Spring embedded WebApplicationContext 
2024-09-16T17:46:40.420 [restartedMain] INFO o.s.b.w.s.c.ServletWebServerApplicationContext - Root WebApplicationContext: initialization completed in 115 ms 
2024-09-16T17:46:40.479 [restartedMain] INFO o.s.b.d.a.OptionalLiveReloadServer - LiveReload server is running on port 35729 
2024-09-16T17:46:40.482 [restartedMain] INFO o.a.c.h.Http11NioProtocol - Starting ProtocolHandler ["http-nio-8080"] 
2024-09-16T17:46:40.484 [restartedMain] INFO o.s.b.w.e.t.TomcatWebServer - Tomcat started on port 8080 (http) with context path '/' 
2024-09-16T17:46:40.487 [restartedMain] INFO c.f.RepoYuzApplication - Started RepoYuzApplication in 0.198 seconds (process running for 8879.257) 
2024-09-16T17:46:40.487 [restartedMain] INFO o.s.b.d.a.ConditionEvaluationDeltaLoggingListener - Condition evaluation unchanged 
2024-09-16T17:46:49.457 [RMI TCP Connection(163)-127.0.0.1] INFO o.s.b.a.SpringApplicationAdminMXBeanRegistrar$SpringApplicationAdmin - Application shutdown requested. 
2024-09-16T17:46:49.458 [RMI TCP Connection(163)-127.0.0.1] INFO o.a.c.h.Http11NioProtocol - Stopping ProtocolHandler ["http-nio-8080"] 
2024-09-16T17:46:52.275 [restartedMain] INFO c.f.RepoYuzApplication - Starting RepoYuzApplication using Java 17.0.11 with PID 28328 (C:\factory\ws_sts4_4240\repo_yuz\repo_yuz\bin\main started by mizay in C:\factory\ws_sts4_4240\repo_yuz\repo_yuz) 
2024-09-16T17:46:52.276 [restartedMain] INFO c.f.RepoYuzApplication - No active profile set, falling back to 1 default profile: "default" 
2024-09-16T17:46:52.302 [restartedMain] INFO o.s.b.d.e.DevToolsPropertyDefaultsPostProcessor - Devtools property defaults active! Set 'spring.devtools.add-properties' to 'false' to disable 
2024-09-16T17:46:52.303 [restartedMain] INFO o.s.b.d.e.DevToolsPropertyDefaultsPostProcessor - For additional web related logging consider setting the 'logging.level.web' property to 'DEBUG' 
2024-09-16T17:46:52.868 [restartedMain] INFO o.s.b.w.e.t.TomcatWebServer - Tomcat initialized with port 8080 (http) 
2024-09-16T17:46:52.874 [restartedMain] INFO o.a.c.h.Http11NioProtocol - Initializing ProtocolHandler ["http-nio-8080"] 
2024-09-16T17:46:52.876 [restartedMain] INFO o.a.c.c.StandardService - Starting service [Tomcat] 
2024-09-16T17:46:52.877 [restartedMain] INFO o.a.c.c.StandardEngine - Starting Servlet engine: [Apache Tomcat/10.1.28] 
2024-09-16T17:46:52.907 [restartedMain] INFO o.a.c.c.C.[.[.[/] - Initializing Spring embedded WebApplicationContext 
2024-09-16T17:46:52.908 [restartedMain] INFO o.s.b.w.s.c.ServletWebServerApplicationContext - Root WebApplicationContext: initialization completed in 605 ms 
2024-09-16T17:46:53.323 [restartedMain] INFO o.s.b.d.a.OptionalLiveReloadServer - LiveReload server is running on port 35729 
2024-09-16T17:46:53.333 [restartedMain] INFO o.a.c.h.Http11NioProtocol - Starting ProtocolHandler ["http-nio-8080"] 
2024-09-16T17:46:53.345 [restartedMain] INFO o.s.b.w.e.t.TomcatWebServer - Tomcat started on port 8080 (http) with context path '/' 
2024-09-16T17:46:53.351 [restartedMain] INFO c.f.RepoYuzApplication - Started RepoYuzApplication in 1.267 seconds (process running for 1.697) 
2024-09-16T17:47:00.033 [http-nio-8080-exec-1] INFO o.a.c.c.C.[.[.[/] - Initializing Spring DispatcherServlet 'dispatcherServlet' 
2024-09-16T17:47:00.034 [http-nio-8080-exec-1] INFO o.s.w.s.DispatcherServlet - Initializing Servlet 'dispatcherServlet' 
2024-09-16T17:47:00.034 [http-nio-8080-exec-1] INFO o.s.w.s.DispatcherServlet - Completed initialization in 0 ms 
2024-09-16T17:47:00.064 [http-nio-8080-exec-1] INFO c.z.h.HikariDataSource - HikariPool-1 - Starting... 
2024-09-16T17:47:00.210 [http-nio-8080-exec-1] INFO c.z.h.p.HikariPool - HikariPool-1 - Added connection net.sf.log4jdbc.sql.jdbcapi.ConnectionSpy@489ae672 
2024-09-16T17:47:00.211 [http-nio-8080-exec-1] INFO c.z.h.HikariDataSource - HikariPool-1 - Start completed. 
2024-09-16T17:47:00.228 [http-nio-8080-exec-1] DEBUG j.sqltiming -  com.zaxxer.hikari.pool.ProxyPreparedStatement.execute(ProxyPreparedStatement.java:44)
1. SELECT
			b.ifcdSeq,
			b.ifcdName,
			b.ifcdUseNy,
			b.ifcdOrder,
			b.ifcdDesc,
		    b.ifcdDelNy,
		    b.ifcdRegist,
		    b.ifcdEdit,
		    b.codegroup_ifcgSeq
		FROM 
			yuz.code b
		ORDER BY
			b.ifcdSeq desc
 {executed in 5 msec} 
2024-09-16T17:47:40.038 [http-nio-8080-exec-6] DEBUG j.sqltiming -  com.zaxxer.hikari.pool.ProxyPreparedStatement.execute(ProxyPreparedStatement.java:44)
1. SELECT
			a.ifcgSeq,
			a.ifcgName
		FROM 
			codegroup a
		WHERE 1 = 1
			AND a.ifcgDelNy = 0
		ORDER BY
			a.ifcgOrder DESC
 {executed in 1 msec} 
2024-09-16T17:47:40.040 [http-nio-8080-exec-6] DEBUG j.sqltiming -  com.zaxxer.hikari.pool.ProxyPreparedStatement.execute(ProxyPreparedStatement.java:44)
1. SELECT
			a.ifcgSeq,
			a.ifcgName
		FROM 
			codegroup a
		WHERE 1 = 1
			AND a.ifcgDelNy = 0
		ORDER BY
			a.ifcgOrder DESC
 {executed in 1 msec} 
2024-09-16T17:47:44.664 [http-nio-8080-exec-4] DEBUG j.sqltiming -  com.zaxxer.hikari.pool.ProxyPreparedStatement.execute(ProxyPreparedStatement.java:44)
1. INSERT INTO code(
			ifcdName,
			ifcdUseNy,
			ifcdOrder,
			ifcdDesc,
			ifcdDelNy,
			ifcdRegist,
			ifcdEdit,
			codegroup_ifcgSeq
		) VALUES (
			'ㅇㄹㅇ',
			0,
			2,
			NULL,
			0,
			now(),
			now(),
			'4'
		)
 {executed in 3 msec} 
2024-09-16T17:47:44.674 [http-nio-8080-exec-9] DEBUG j.sqltiming -  com.zaxxer.hikari.pool.ProxyPreparedStatement.execute(ProxyPreparedStatement.java:44)
1. select
		a.ifcgSeq,
	    a.ifcgName,
	    a.ifcgUseNy,
	    a.ifcgOrder,
	    a.ifcgDesc,
	    a.ifcgDelNy,
	    a.ifcgRegist,
	    a.ifcgEdit
	FROM 
		yuz.codegroup a
	ORDER BY
		a.ifcgSeq desc
 {executed in 1 msec} 
2024-09-16T17:47:44.677 [http-nio-8080-exec-9] DEBUG j.sqltiming -  com.zaxxer.hikari.pool.ProxyPreparedStatement.execute(ProxyPreparedStatement.java:44)
1. select
		a.ifcgSeq,
	    a.ifcgName,
	    a.ifcgUseNy,
	    a.ifcgOrder,
	    a.ifcgDesc,
	    a.ifcgDelNy,
	    a.ifcgRegist,
	    a.ifcgEdit
	FROM 
		yuz.codegroup a
	ORDER BY
		a.ifcgSeq desc
 {executed in 0 msec} 
2024-09-16T17:47:55.723 [http-nio-8080-exec-7] DEBUG j.sqltiming -  com.zaxxer.hikari.pool.ProxyPreparedStatement.execute(ProxyPreparedStatement.java:44)
1. INSERT INTO code(
			ifcdName,
			ifcdUseNy,
			ifcdOrder,
			ifcdDesc,
			ifcdDelNy,
			ifcdRegist,
			ifcdEdit,
			codegroup_ifcgSeq
		) VALUES (
			'ㅇㄹㅇ',
			0,
			2,
			NULL,
			0,
			now(),
			now(),
			'4'
		)
 {executed in 3 msec} 
2024-09-16T17:47:55.727 [http-nio-8080-exec-3] DEBUG j.sqltiming -  com.zaxxer.hikari.pool.ProxyPreparedStatement.execute(ProxyPreparedStatement.java:44)
1. select
		a.ifcgSeq,
	    a.ifcgName,
	    a.ifcgUseNy,
	    a.ifcgOrder,
	    a.ifcgDesc,
	    a.ifcgDelNy,
	    a.ifcgRegist,
	    a.ifcgEdit
	FROM 
		yuz.codegroup a
	ORDER BY
		a.ifcgSeq desc
 {executed in 0 msec} 
2024-09-16T17:47:55.730 [http-nio-8080-exec-3] DEBUG j.sqltiming -  com.zaxxer.hikari.pool.ProxyPreparedStatement.execute(ProxyPreparedStatement.java:44)
1. select
		a.ifcgSeq,
	    a.ifcgName,
	    a.ifcgUseNy,
	    a.ifcgOrder,
	    a.ifcgDesc,
	    a.ifcgDelNy,
	    a.ifcgRegist,
	    a.ifcgEdit
	FROM 
		yuz.codegroup a
	ORDER BY
		a.ifcgSeq desc
 {executed in 1 msec} 
2024-09-16T17:48:10.412 [http-nio-8080-exec-3] DEBUG j.sqltiming -  com.zaxxer.hikari.pool.ProxyPreparedStatement.execute(ProxyPreparedStatement.java:44)
1. select
		a.ifcgSeq,
	    a.ifcgName,
	    a.ifcgUseNy,
	    a.ifcgOrder,
	    a.ifcgDesc,
	    a.ifcgDelNy,
	    a.ifcgRegist,
	    a.ifcgEdit
	FROM 
		yuz.codegroup a
	ORDER BY
		a.ifcgSeq desc
 {executed in 1 msec} 
2024-09-16T17:48:10.414 [http-nio-8080-exec-3] DEBUG j.sqltiming -  com.zaxxer.hikari.pool.ProxyPreparedStatement.execute(ProxyPreparedStatement.java:44)
1. select
		a.ifcgSeq,
	    a.ifcgName,
	    a.ifcgUseNy,
	    a.ifcgOrder,
	    a.ifcgDesc,
	    a.ifcgDelNy,
	    a.ifcgRegist,
	    a.ifcgEdit
	FROM 
		yuz.codegroup a
	ORDER BY
		a.ifcgSeq desc
 {executed in 1 msec} 
2024-09-16T17:48:10.842 [File Watcher] INFO o.s.b.d.a.LocalDevToolsAutoConfiguration$RestartingClassPathChangeChangedEventListener - Restarting due to 1 class path change (0 additions, 0 deletions, 1 modification) 
2024-09-16T17:48:10.844 [Thread-5] INFO o.a.c.h.Http11NioProtocol - Stopping ProtocolHandler ["http-nio-8080"] 
2024-09-16T17:48:10.988 [Thread-5] INFO c.z.h.HikariDataSource - HikariPool-1 - Shutdown initiated... 
2024-09-16T17:48:10.996 [Thread-5] INFO c.z.h.HikariDataSource - HikariPool-1 - Shutdown completed. 
2024-09-16T17:48:11.046 [restartedMain] INFO c.f.RepoYuzApplication - Starting RepoYuzApplication using Java 17.0.11 with PID 28328 (C:\factory\ws_sts4_4240\repo_yuz\repo_yuz\bin\main started by mizay in C:\factory\ws_sts4_4240\repo_yuz\repo_yuz) 
2024-09-16T17:48:11.046 [restartedMain] INFO c.f.RepoYuzApplication - No active profile set, falling back to 1 default profile: "default" 
2024-09-16T17:48:11.203 [restartedMain] INFO o.s.b.w.e.t.TomcatWebServer - Tomcat initialized with port 8080 (http) 
2024-09-16T17:48:11.205 [restartedMain] INFO o.a.c.h.Http11NioProtocol - Initializing ProtocolHandler ["http-nio-8080"] 
2024-09-16T17:48:11.205 [restartedMain] INFO o.a.c.c.StandardService - Starting service [Tomcat] 
2024-09-16T17:48:11.205 [restartedMain] INFO o.a.c.c.StandardEngine - Starting Servlet engine: [Apache Tomcat/10.1.28] 
2024-09-16T17:48:11.218 [restartedMain] INFO o.a.c.c.C.[.[.[/] - Initializing Spring embedded WebApplicationContext 
2024-09-16T17:48:11.219 [restartedMain] INFO o.s.b.w.s.c.ServletWebServerApplicationContext - Root WebApplicationContext: initialization completed in 171 ms 
2024-09-16T17:48:11.302 [restartedMain] INFO o.s.b.d.a.OptionalLiveReloadServer - LiveReload server is running on port 35729 
2024-09-16T17:48:11.307 [restartedMain] INFO o.a.c.h.Http11NioProtocol - Starting ProtocolHandler ["http-nio-8080"] 
2024-09-16T17:48:11.310 [restartedMain] INFO o.s.b.w.e.t.TomcatWebServer - Tomcat started on port 8080 (http) with context path '/' 
2024-09-16T17:48:11.312 [restartedMain] INFO c.f.RepoYuzApplication - Started RepoYuzApplication in 0.287 seconds (process running for 79.659) 
2024-09-16T17:48:11.313 [restartedMain] INFO o.s.b.d.a.ConditionEvaluationDeltaLoggingListener - Condition evaluation unchanged 
2024-09-16T17:48:13.323 [http-nio-8080-exec-1] INFO o.a.c.c.C.[.[.[/] - Initializing Spring DispatcherServlet 'dispatcherServlet' 
2024-09-16T17:48:13.323 [http-nio-8080-exec-1] INFO o.s.w.s.DispatcherServlet - Initializing Servlet 'dispatcherServlet' 
2024-09-16T17:48:13.324 [http-nio-8080-exec-1] INFO o.s.w.s.DispatcherServlet - Completed initialization in 1 ms 
2024-09-16T17:48:13.327 [http-nio-8080-exec-1] INFO c.z.h.HikariDataSource - HikariPool-2 - Starting... 
2024-09-16T17:48:13.335 [http-nio-8080-exec-1] INFO c.z.h.p.HikariPool - HikariPool-2 - Added connection net.sf.log4jdbc.sql.jdbcapi.ConnectionSpy@393a5ab2 
2024-09-16T17:48:13.336 [http-nio-8080-exec-1] INFO c.z.h.HikariDataSource - HikariPool-2 - Start completed. 
2024-09-16T17:48:13.339 [http-nio-8080-exec-1] DEBUG j.sqltiming -  com.zaxxer.hikari.pool.ProxyPreparedStatement.execute(ProxyPreparedStatement.java:44)
11. INSERT INTO code(
			ifcdName,
			ifcdUseNy,
			ifcdOrder,
			ifcdDesc,
			ifcdDelNy,
			ifcdRegist,
			ifcdEdit,
			codegroup_ifcgSeq
		) VALUES (
			'ㅇㄹㅇ',
			0,
			2,
			NULL,
			0,
			now(),
			now(),
			'4'
		)
 {executed in 2 msec} 
2024-09-16T17:48:13.344 [http-nio-8080-exec-2] DEBUG j.sqltiming -  com.zaxxer.hikari.pool.ProxyPreparedStatement.execute(ProxyPreparedStatement.java:44)
11. SELECT
			b.ifcdSeq,
			b.ifcdName,
			b.ifcdUseNy,
			b.ifcdOrder,
			b.ifcdDesc,
		    b.ifcdDelNy,
		    b.ifcdRegist,
		    b.ifcdEdit,
		    b.codegroup_ifcgSeq
		FROM 
			yuz.code b
		ORDER BY
			b.ifcdSeq desc
 {executed in 1 msec} 
2024-09-16T17:48:39.013 [RMI TCP Connection(15)-127.0.0.1] INFO o.s.b.a.SpringApplicationAdminMXBeanRegistrar$SpringApplicationAdmin - Application shutdown requested. 
2024-09-16T17:48:39.014 [RMI TCP Connection(15)-127.0.0.1] INFO o.a.c.h.Http11NioProtocol - Stopping ProtocolHandler ["http-nio-8080"] 
2024-09-16T17:48:39.155 [RMI TCP Connection(15)-127.0.0.1] INFO c.z.h.HikariDataSource - HikariPool-2 - Shutdown initiated... 
2024-09-16T17:48:39.158 [RMI TCP Connection(15)-127.0.0.1] INFO c.z.h.HikariDataSource - HikariPool-2 - Shutdown completed. 
2024-09-16T17:48:40.373 [restartedMain] INFO c.f.RepoYuzApplication - Starting RepoYuzApplication using Java 17.0.11 with PID 29008 (C:\factory\ws_sts4_4240\repo_yuz\repo_yuz\bin\main started by mizay in C:\factory\ws_sts4_4240\repo_yuz\repo_yuz) 
2024-09-16T17:48:40.374 [restartedMain] INFO c.f.RepoYuzApplication - No active profile set, falling back to 1 default profile: "default" 
2024-09-16T17:48:40.399 [restartedMain] INFO o.s.b.d.e.DevToolsPropertyDefaultsPostProcessor - Devtools property defaults active! Set 'spring.devtools.add-properties' to 'false' to disable 
2024-09-16T17:48:40.399 [restartedMain] INFO o.s.b.d.e.DevToolsPropertyDefaultsPostProcessor - For additional web related logging consider setting the 'logging.level.web' property to 'DEBUG' 
2024-09-16T17:48:40.949 [restartedMain] INFO o.s.b.w.e.t.TomcatWebServer - Tomcat initialized with port 8080 (http) 
2024-09-16T17:48:40.955 [restartedMain] INFO o.a.c.h.Http11NioProtocol - Initializing ProtocolHandler ["http-nio-8080"] 
2024-09-16T17:48:40.957 [restartedMain] INFO o.a.c.c.StandardService - Starting service [Tomcat] 
2024-09-16T17:48:40.957 [restartedMain] INFO o.a.c.c.StandardEngine - Starting Servlet engine: [Apache Tomcat/10.1.28] 
2024-09-16T17:48:40.987 [restartedMain] INFO o.a.c.c.C.[.[.[/] - Initializing Spring embedded WebApplicationContext 
2024-09-16T17:48:40.987 [restartedMain] INFO o.s.b.w.s.c.ServletWebServerApplicationContext - Root WebApplicationContext: initialization completed in 588 ms 
2024-09-16T17:48:41.393 [restartedMain] INFO o.s.b.d.a.OptionalLiveReloadServer - LiveReload server is running on port 35729 
2024-09-16T17:48:41.403 [restartedMain] INFO o.a.c.h.Http11NioProtocol - Starting ProtocolHandler ["http-nio-8080"] 
2024-09-16T17:48:41.415 [restartedMain] INFO o.s.b.w.e.t.TomcatWebServer - Tomcat started on port 8080 (http) with context path '/' 
2024-09-16T17:48:41.421 [restartedMain] INFO c.f.RepoYuzApplication - Started RepoYuzApplication in 1.226 seconds (process running for 1.655) 
2024-09-16T17:48:47.106 [http-nio-8080-exec-1] INFO o.a.c.c.C.[.[.[/] - Initializing Spring DispatcherServlet 'dispatcherServlet' 
2024-09-16T17:48:47.106 [http-nio-8080-exec-1] INFO o.s.w.s.DispatcherServlet - Initializing Servlet 'dispatcherServlet' 
2024-09-16T17:48:47.106 [http-nio-8080-exec-1] INFO o.s.w.s.DispatcherServlet - Completed initialization in 0 ms 
2024-09-16T17:48:47.132 [http-nio-8080-exec-1] INFO c.z.h.HikariDataSource - HikariPool-1 - Starting... 
2024-09-16T17:48:47.284 [http-nio-8080-exec-1] INFO c.z.h.p.HikariPool - HikariPool-1 - Added connection net.sf.log4jdbc.sql.jdbcapi.ConnectionSpy@11b4bb66 
2024-09-16T17:48:47.285 [http-nio-8080-exec-1] INFO c.z.h.HikariDataSource - HikariPool-1 - Start completed. 
2024-09-16T17:48:47.302 [http-nio-8080-exec-1] DEBUG j.sqltiming -  com.zaxxer.hikari.pool.ProxyPreparedStatement.execute(ProxyPreparedStatement.java:44)
1. SELECT
			b.ifcdSeq,
			b.ifcdName,
			b.ifcdUseNy,
			b.ifcdOrder,
			b.ifcdDesc,
		    b.ifcdDelNy,
		    b.ifcdRegist,
		    b.ifcdEdit,
		    b.codegroup_ifcgSeq
		FROM 
			yuz.code b
		ORDER BY
			b.ifcdSeq desc
 {executed in 5 msec} 
2024-09-16T17:48:56.232 [RMI TCP Connection(6)-127.0.0.1] INFO o.s.b.a.SpringApplicationAdminMXBeanRegistrar$SpringApplicationAdmin - Application shutdown requested. 
2024-09-16T17:48:56.235 [RMI TCP Connection(6)-127.0.0.1] INFO o.a.c.h.Http11NioProtocol - Stopping ProtocolHandler ["http-nio-8080"] 
2024-09-16T17:48:56.435 [RMI TCP Connection(6)-127.0.0.1] INFO c.z.h.HikariDataSource - HikariPool-1 - Shutdown initiated... 
2024-09-16T17:48:56.440 [RMI TCP Connection(6)-127.0.0.1] INFO c.z.h.HikariDataSource - HikariPool-1 - Shutdown completed. 
2024-09-16T17:48:57.756 [restartedMain] INFO c.f.RepoYuzApplication - Starting RepoYuzApplication using Java 17.0.11 with PID 24544 (C:\factory\ws_sts4_4240\repo_yuz\repo_yuz\bin\main started by mizay in C:\factory\ws_sts4_4240\repo_yuz\repo_yuz) 
2024-09-16T17:48:57.758 [restartedMain] INFO c.f.RepoYuzApplication - No active profile set, falling back to 1 default profile: "default" 
2024-09-16T17:48:57.782 [restartedMain] INFO o.s.b.d.e.DevToolsPropertyDefaultsPostProcessor - Devtools property defaults active! Set 'spring.devtools.add-properties' to 'false' to disable 
2024-09-16T17:48:57.782 [restartedMain] INFO o.s.b.d.e.DevToolsPropertyDefaultsPostProcessor - For additional web related logging consider setting the 'logging.level.web' property to 'DEBUG' 
2024-09-16T17:48:58.365 [restartedMain] INFO o.s.b.w.e.t.TomcatWebServer - Tomcat initialized with port 8080 (http) 
2024-09-16T17:48:58.371 [restartedMain] INFO o.a.c.h.Http11NioProtocol - Initializing ProtocolHandler ["http-nio-8080"] 
2024-09-16T17:48:58.373 [restartedMain] INFO o.a.c.c.StandardService - Starting service [Tomcat] 
2024-09-16T17:48:58.373 [restartedMain] INFO o.a.c.c.StandardEngine - Starting Servlet engine: [Apache Tomcat/10.1.28] 
2024-09-16T17:48:58.404 [restartedMain] INFO o.a.c.c.C.[.[.[/] - Initializing Spring embedded WebApplicationContext 
2024-09-16T17:48:58.404 [restartedMain] INFO o.s.b.w.s.c.ServletWebServerApplicationContext - Root WebApplicationContext: initialization completed in 621 ms 
2024-09-16T17:48:58.832 [restartedMain] INFO o.s.b.d.a.OptionalLiveReloadServer - LiveReload server is running on port 35729 
2024-09-16T17:48:58.842 [restartedMain] INFO o.a.c.h.Http11NioProtocol - Starting ProtocolHandler ["http-nio-8080"] 
2024-09-16T17:48:58.857 [restartedMain] INFO o.s.b.w.e.t.TomcatWebServer - Tomcat started on port 8080 (http) with context path '/' 
2024-09-16T17:48:58.863 [restartedMain] INFO c.f.RepoYuzApplication - Started RepoYuzApplication in 1.341 seconds (process running for 1.816) 
2024-09-16T17:49:05.323 [http-nio-8080-exec-1] INFO o.a.c.c.C.[.[.[/] - Initializing Spring DispatcherServlet 'dispatcherServlet' 
2024-09-16T17:49:05.323 [http-nio-8080-exec-1] INFO o.s.w.s.DispatcherServlet - Initializing Servlet 'dispatcherServlet' 
2024-09-16T17:49:05.324 [http-nio-8080-exec-1] INFO o.s.w.s.DispatcherServlet - Completed initialization in 1 ms 
2024-09-16T17:49:05.362 [http-nio-8080-exec-1] INFO c.z.h.HikariDataSource - HikariPool-1 - Starting... 
2024-09-16T17:49:05.519 [http-nio-8080-exec-1] INFO c.z.h.p.HikariPool - HikariPool-1 - Added connection net.sf.log4jdbc.sql.jdbcapi.ConnectionSpy@572634e6 
2024-09-16T17:49:05.520 [http-nio-8080-exec-1] INFO c.z.h.HikariDataSource - HikariPool-1 - Start completed. 
2024-09-16T17:49:05.542 [http-nio-8080-exec-1] DEBUG j.sqltiming -  com.zaxxer.hikari.pool.ProxyPreparedStatement.execute(ProxyPreparedStatement.java:44)
1. INSERT INTO code(
			ifcdName,
			ifcdUseNy,
			ifcdOrder,
			ifcdDesc,
			ifcdDelNy,
			ifcdRegist,
			ifcdEdit,
			codegroup_ifcgSeq
		) VALUES (
			'ㅇㄹㅇ',
			0,
			2,
			NULL,
			0,
			now(),
			now(),
			'4'
		)
 {executed in 5 msec} 
2024-09-16T17:49:05.561 [http-nio-8080-exec-2] DEBUG j.sqltiming -  com.zaxxer.hikari.pool.ProxyPreparedStatement.execute(ProxyPreparedStatement.java:44)
1. SELECT
			b.ifcdSeq,
			b.ifcdName,
			b.ifcdUseNy,
			b.ifcdOrder,
			b.ifcdDesc,
		    b.ifcdDelNy,
		    b.ifcdRegist,
		    b.ifcdEdit,
		    b.codegroup_ifcgSeq
		FROM 
			yuz.code b
		ORDER BY
			b.ifcdSeq desc
 {executed in 7 msec} 
2024-09-16T17:50:08.617 [File Watcher] INFO o.s.b.d.a.LocalDevToolsAutoConfiguration$RestartingClassPathChangeChangedEventListener - Restarting due to 1 class path change (0 additions, 0 deletions, 1 modification) 
2024-09-16T17:50:08.621 [Thread-5] INFO o.a.c.h.Http11NioProtocol - Stopping ProtocolHandler ["http-nio-8080"] 
2024-09-16T17:50:08.772 [Thread-5] INFO c.z.h.HikariDataSource - HikariPool-1 - Shutdown initiated... 
2024-09-16T17:50:08.777 [Thread-5] INFO c.z.h.HikariDataSource - HikariPool-1 - Shutdown completed. 
2024-09-16T17:50:08.825 [restartedMain] INFO c.f.RepoYuzApplication - Starting RepoYuzApplication using Java 17.0.11 with PID 24544 (C:\factory\ws_sts4_4240\repo_yuz\repo_yuz\bin\main started by mizay in C:\factory\ws_sts4_4240\repo_yuz\repo_yuz) 
2024-09-16T17:50:08.825 [restartedMain] INFO c.f.RepoYuzApplication - No active profile set, falling back to 1 default profile: "default" 
2024-09-16T17:50:08.968 [restartedMain] INFO o.s.b.w.e.t.TomcatWebServer - Tomcat initialized with port 8080 (http) 
2024-09-16T17:50:08.968 [restartedMain] INFO o.a.c.h.Http11NioProtocol - Initializing ProtocolHandler ["http-nio-8080"] 
2024-09-16T17:50:08.968 [restartedMain] INFO o.a.c.c.StandardService - Starting service [Tomcat] 
2024-09-16T17:50:08.968 [restartedMain] INFO o.a.c.c.StandardEngine - Starting Servlet engine: [Apache Tomcat/10.1.28] 
2024-09-16T17:50:08.980 [restartedMain] INFO o.a.c.c.C.[.[.[/] - Initializing Spring embedded WebApplicationContext 
2024-09-16T17:50:08.980 [restartedMain] INFO o.s.b.w.s.c.ServletWebServerApplicationContext - Root WebApplicationContext: initialization completed in 153 ms 
2024-09-16T17:50:09.062 [restartedMain] INFO o.s.b.d.a.OptionalLiveReloadServer - LiveReload server is running on port 35729 
2024-09-16T17:50:09.066 [restartedMain] INFO o.a.c.h.Http11NioProtocol - Starting ProtocolHandler ["http-nio-8080"] 
2024-09-16T17:50:09.069 [restartedMain] INFO o.s.b.w.e.t.TomcatWebServer - Tomcat started on port 8080 (http) with context path '/' 
2024-09-16T17:50:09.072 [restartedMain] INFO c.f.RepoYuzApplication - Started RepoYuzApplication in 0.267 seconds (process running for 72.024) 
2024-09-16T17:50:09.073 [restartedMain] INFO o.s.b.d.a.ConditionEvaluationDeltaLoggingListener - Condition evaluation unchanged 
2024-09-16T17:51:34.464 [File Watcher] INFO o.s.b.d.a.LocalDevToolsAutoConfiguration$RestartingClassPathChangeChangedEventListener - Restarting due to 1 class path change (0 additions, 0 deletions, 1 modification) 
2024-09-16T17:51:34.466 [Thread-7] INFO o.a.c.h.Http11NioProtocol - Stopping ProtocolHandler ["http-nio-8080"] 
2024-09-16T17:51:34.651 [restartedMain] INFO c.f.RepoYuzApplication - Starting RepoYuzApplication using Java 17.0.11 with PID 24544 (C:\factory\ws_sts4_4240\repo_yuz\repo_yuz\bin\main started by mizay in C:\factory\ws_sts4_4240\repo_yuz\repo_yuz) 
2024-09-16T17:51:34.651 [restartedMain] INFO c.f.RepoYuzApplication - No active profile set, falling back to 1 default profile: "default" 
2024-09-16T17:51:34.763 [restartedMain] INFO o.s.b.w.e.t.TomcatWebServer - Tomcat initialized with port 8080 (http) 
2024-09-16T17:51:34.763 [restartedMain] INFO o.a.c.h.Http11NioProtocol - Initializing ProtocolHandler ["http-nio-8080"] 
2024-09-16T17:51:34.763 [restartedMain] INFO o.a.c.c.StandardService - Starting service [Tomcat] 
2024-09-16T17:51:34.763 [restartedMain] INFO o.a.c.c.StandardEngine - Starting Servlet engine: [Apache Tomcat/10.1.28] 
2024-09-16T17:51:34.773 [restartedMain] INFO o.a.c.c.C.[.[.[/] - Initializing Spring embedded WebApplicationContext 
2024-09-16T17:51:34.773 [restartedMain] INFO o.s.b.w.s.c.ServletWebServerApplicationContext - Root WebApplicationContext: initialization completed in 121 ms 
2024-09-16T17:51:34.795 [restartedMain] WARN o.s.b.w.s.c.AnnotationConfigServletWebServerApplicationContext - Exception encountered during context initialization - cancelling refresh attempt: org.springframework.beans.factory.BeanCreationException: Error creating bean with name 'codeController' defined in file [C:\factory\ws_sts4_4240\repo_yuz\repo_yuz\bin\main\com\fruits\infra\code\CodeController.class]: Failed to instantiate [com.fruits.infra.code.CodeController]: Constructor threw exception 
2024-09-16T17:51:34.795 [restartedMain] INFO o.a.c.c.StandardService - Stopping service [Tomcat] 
2024-09-16T17:51:34.800 [restartedMain] INFO o.s.b.a.l.ConditionEvaluationReportLogger - 

Error starting ApplicationContext. To display the condition evaluation report re-run your application with 'debug' enabled. 
2024-09-16T17:51:34.810 [restartedMain] ERROR o.s.b.SpringApplication - Application run failed 
org.springframework.beans.factory.BeanCreationException: Error creating bean with name 'codeController' defined in file [C:\factory\ws_sts4_4240\repo_yuz\repo_yuz\bin\main\com\fruits\infra\code\CodeController.class]: Failed to instantiate [com.fruits.infra.code.CodeController]: Constructor threw exception
	at org.springframework.beans.factory.support.AbstractAutowireCapableBeanFactory.instantiateBean(AbstractAutowireCapableBeanFactory.java:1337)
	at org.springframework.beans.factory.support.AbstractAutowireCapableBeanFactory.createBeanInstance(AbstractAutowireCapableBeanFactory.java:1222)
	at org.springframework.beans.factory.support.AbstractAutowireCapableBeanFactory.doCreateBean(AbstractAutowireCapableBeanFactory.java:562)
	at org.springframework.beans.factory.support.AbstractAutowireCapableBeanFactory.createBean(AbstractAutowireCapableBeanFactory.java:522)
	at org.springframework.beans.factory.support.AbstractBeanFactory.lambda$doGetBean$0(AbstractBeanFactory.java:337)
	at org.springframework.beans.factory.support.DefaultSingletonBeanRegistry.getSingleton(DefaultSingletonBeanRegistry.java:234)
	at org.springframework.beans.factory.support.AbstractBeanFactory.doGetBean(AbstractBeanFactory.java:335)
	at org.springframework.beans.factory.support.AbstractBeanFactory.getBean(AbstractBeanFactory.java:200)
	at org.springframework.beans.factory.support.DefaultListableBeanFactory.preInstantiateSingletons(DefaultListableBeanFactory.java:975)
	at org.springframework.context.support.AbstractApplicationContext.finishBeanFactoryInitialization(AbstractApplicationContext.java:971)
	at org.springframework.context.support.AbstractApplicationContext.refresh(AbstractApplicationContext.java:625)
	at org.springframework.boot.web.servlet.context.ServletWebServerApplicationContext.refresh(ServletWebServerApplicationContext.java:146)
	at org.springframework.boot.SpringApplication.refresh(SpringApplication.java:754)
	at org.springframework.boot.SpringApplication.refreshContext(SpringApplication.java:456)
	at org.springframework.boot.SpringApplication.run(SpringApplication.java:335)
	at org.springframework.boot.SpringApplication.run(SpringApplication.java:1363)
	at org.springframework.boot.SpringApplication.run(SpringApplication.java:1352)
	at com.fruits.RepoYuzApplication.main(RepoYuzApplication.java:10)
	at java.base/jdk.internal.reflect.NativeMethodAccessorImpl.invoke0(Native Method)
	at java.base/jdk.internal.reflect.NativeMethodAccessorImpl.invoke(NativeMethodAccessorImpl.java:77)
	at java.base/jdk.internal.reflect.DelegatingMethodAccessorImpl.invoke(DelegatingMethodAccessorImpl.java:43)
	at java.base/java.lang.reflect.Method.invoke(Method.java:568)
	at org.springframework.boot.devtools.restart.RestartLauncher.run(RestartLauncher.java:50)
Caused by: org.springframework.beans.BeanInstantiationException: Failed to instantiate [com.fruits.infra.code.CodeController]: Constructor threw exception
	at org.springframework.beans.BeanUtils.instantiateClass(BeanUtils.java:221)
	at org.springframework.beans.factory.support.SimpleInstantiationStrategy.instantiate(SimpleInstantiationStrategy.java:94)
	at org.springframework.beans.factory.support.AbstractAutowireCapableBeanFactory.instantiateBean(AbstractAutowireCapableBeanFactory.java:1331)
	... 22 common frames omitted
Caused by: java.lang.Error: Unresolved compilation problem: 
	Syntax error on token "}", delete this token

	at com.fruits.infra.code.CodeController.<init>(CodeController.java:52)
	at java.base/jdk.internal.reflect.NativeConstructorAccessorImpl.newInstance0(Native Method)
	at java.base/jdk.internal.reflect.NativeConstructorAccessorImpl.newInstance(NativeConstructorAccessorImpl.java:77)
	at java.base/jdk.internal.reflect.DelegatingConstructorAccessorImpl.newInstance(DelegatingConstructorAccessorImpl.java:45)
	at java.base/java.lang.reflect.Constructor.newInstanceWithCaller(Constructor.java:499)
	at java.base/java.lang.reflect.Constructor.newInstance(Constructor.java:480)
	at org.springframework.beans.BeanUtils.instantiateClass(BeanUtils.java:195)
	... 24 common frames omitted
2024-09-16T17:51:38.057 [restartedMain] INFO c.f.RepoYuzApplication - Starting RepoYuzApplication using Java 17.0.11 with PID 34172 (C:\factory\ws_sts4_4240\repo_yuz\repo_yuz\bin\main started by mizay in C:\factory\ws_sts4_4240\repo_yuz\repo_yuz) 
2024-09-16T17:51:38.058 [restartedMain] INFO c.f.RepoYuzApplication - No active profile set, falling back to 1 default profile: "default" 
2024-09-16T17:51:38.083 [restartedMain] INFO o.s.b.d.e.DevToolsPropertyDefaultsPostProcessor - Devtools property defaults active! Set 'spring.devtools.add-properties' to 'false' to disable 
2024-09-16T17:51:38.083 [restartedMain] INFO o.s.b.d.e.DevToolsPropertyDefaultsPostProcessor - For additional web related logging consider setting the 'logging.level.web' property to 'DEBUG' 
2024-09-16T17:51:38.643 [restartedMain] INFO o.s.b.w.e.t.TomcatWebServer - Tomcat initialized with port 8080 (http) 
2024-09-16T17:51:38.649 [restartedMain] INFO o.a.c.h.Http11NioProtocol - Initializing ProtocolHandler ["http-nio-8080"] 
2024-09-16T17:51:38.651 [restartedMain] INFO o.a.c.c.StandardService - Starting service [Tomcat] 
2024-09-16T17:51:38.651 [restartedMain] INFO o.a.c.c.StandardEngine - Starting Servlet engine: [Apache Tomcat/10.1.28] 
2024-09-16T17:51:38.683 [restartedMain] INFO o.a.c.c.C.[.[.[/] - Initializing Spring embedded WebApplicationContext 
2024-09-16T17:51:38.683 [restartedMain] INFO o.s.b.w.s.c.ServletWebServerApplicationContext - Root WebApplicationContext: initialization completed in 600 ms 
2024-09-16T17:51:38.807 [restartedMain] WARN o.s.b.w.s.c.AnnotationConfigServletWebServerApplicationContext - Exception encountered during context initialization - cancelling refresh attempt: org.springframework.beans.factory.BeanCreationException: Error creating bean with name 'codeController' defined in file [C:\factory\ws_sts4_4240\repo_yuz\repo_yuz\bin\main\com\fruits\infra\code\CodeController.class]: Failed to instantiate [com.fruits.infra.code.CodeController]: Constructor threw exception 
2024-09-16T17:51:38.809 [restartedMain] INFO o.a.c.c.StandardService - Stopping service [Tomcat] 
2024-09-16T17:51:38.816 [restartedMain] INFO o.s.b.a.l.ConditionEvaluationReportLogger - 

Error starting ApplicationContext. To display the condition evaluation report re-run your application with 'debug' enabled. 
2024-09-16T17:51:38.828 [restartedMain] ERROR o.s.b.SpringApplication - Application run failed 
org.springframework.beans.factory.BeanCreationException: Error creating bean with name 'codeController' defined in file [C:\factory\ws_sts4_4240\repo_yuz\repo_yuz\bin\main\com\fruits\infra\code\CodeController.class]: Failed to instantiate [com.fruits.infra.code.CodeController]: Constructor threw exception
	at org.springframework.beans.factory.support.AbstractAutowireCapableBeanFactory.instantiateBean(AbstractAutowireCapableBeanFactory.java:1337)
	at org.springframework.beans.factory.support.AbstractAutowireCapableBeanFactory.createBeanInstance(AbstractAutowireCapableBeanFactory.java:1222)
	at org.springframework.beans.factory.support.AbstractAutowireCapableBeanFactory.doCreateBean(AbstractAutowireCapableBeanFactory.java:562)
	at org.springframework.beans.factory.support.AbstractAutowireCapableBeanFactory.createBean(AbstractAutowireCapableBeanFactory.java:522)
	at org.springframework.beans.factory.support.AbstractBeanFactory.lambda$doGetBean$0(AbstractBeanFactory.java:337)
	at org.springframework.beans.factory.support.DefaultSingletonBeanRegistry.getSingleton(DefaultSingletonBeanRegistry.java:234)
	at org.springframework.beans.factory.support.AbstractBeanFactory.doGetBean(AbstractBeanFactory.java:335)
	at org.springframework.beans.factory.support.AbstractBeanFactory.getBean(AbstractBeanFactory.java:200)
	at org.springframework.beans.factory.support.DefaultListableBeanFactory.preInstantiateSingletons(DefaultListableBeanFactory.java:975)
	at org.springframework.context.support.AbstractApplicationContext.finishBeanFactoryInitialization(AbstractApplicationContext.java:971)
	at org.springframework.context.support.AbstractApplicationContext.refresh(AbstractApplicationContext.java:625)
	at org.springframework.boot.web.servlet.context.ServletWebServerApplicationContext.refresh(ServletWebServerApplicationContext.java:146)
	at org.springframework.boot.SpringApplication.refresh(SpringApplication.java:754)
	at org.springframework.boot.SpringApplication.refreshContext(SpringApplication.java:456)
	at org.springframework.boot.SpringApplication.run(SpringApplication.java:335)
	at org.springframework.boot.SpringApplication.run(SpringApplication.java:1363)
	at org.springframework.boot.SpringApplication.run(SpringApplication.java:1352)
	at com.fruits.RepoYuzApplication.main(RepoYuzApplication.java:10)
	at java.base/jdk.internal.reflect.NativeMethodAccessorImpl.invoke0(Native Method)
	at java.base/jdk.internal.reflect.NativeMethodAccessorImpl.invoke(NativeMethodAccessorImpl.java:77)
	at java.base/jdk.internal.reflect.DelegatingMethodAccessorImpl.invoke(DelegatingMethodAccessorImpl.java:43)
	at java.base/java.lang.reflect.Method.invoke(Method.java:568)
	at org.springframework.boot.devtools.restart.RestartLauncher.run(RestartLauncher.java:50)
Caused by: org.springframework.beans.BeanInstantiationException: Failed to instantiate [com.fruits.infra.code.CodeController]: Constructor threw exception
	at org.springframework.beans.BeanUtils.instantiateClass(BeanUtils.java:221)
	at org.springframework.beans.factory.support.SimpleInstantiationStrategy.instantiate(SimpleInstantiationStrategy.java:94)
	at org.springframework.beans.factory.support.AbstractAutowireCapableBeanFactory.instantiateBean(AbstractAutowireCapableBeanFactory.java:1331)
	... 22 common frames omitted
Caused by: java.lang.Error: Unresolved compilation problem: 
	Syntax error on token "}", delete this token

	at com.fruits.infra.code.CodeController.<init>(CodeController.java:52)
	at java.base/jdk.internal.reflect.NativeConstructorAccessorImpl.newInstance0(Native Method)
	at java.base/jdk.internal.reflect.NativeConstructorAccessorImpl.newInstance(NativeConstructorAccessorImpl.java:77)
	at java.base/jdk.internal.reflect.DelegatingConstructorAccessorImpl.newInstance(DelegatingConstructorAccessorImpl.java:45)
	at java.base/java.lang.reflect.Constructor.newInstanceWithCaller(Constructor.java:499)
	at java.base/java.lang.reflect.Constructor.newInstance(Constructor.java:480)
	at org.springframework.beans.BeanUtils.instantiateClass(BeanUtils.java:195)
	... 24 common frames omitted
2024-09-16T17:57:24.221 [restartedMain] INFO c.f.RepoYuzApplication - Starting RepoYuzApplication using Java 17.0.11 with PID 40244 (C:\factory\ws_sts4_4240\repo_yuz\repo_yuz\bin\main started by mizay in C:\factory\ws_sts4_4240\repo_yuz\repo_yuz) 
2024-09-16T17:57:24.222 [restartedMain] INFO c.f.RepoYuzApplication - No active profile set, falling back to 1 default profile: "default" 
2024-09-16T17:57:24.247 [restartedMain] INFO o.s.b.d.e.DevToolsPropertyDefaultsPostProcessor - Devtools property defaults active! Set 'spring.devtools.add-properties' to 'false' to disable 
2024-09-16T17:57:24.247 [restartedMain] INFO o.s.b.d.e.DevToolsPropertyDefaultsPostProcessor - For additional web related logging consider setting the 'logging.level.web' property to 'DEBUG' 
2024-09-16T17:57:24.813 [restartedMain] INFO o.s.b.w.e.t.TomcatWebServer - Tomcat initialized with port 8080 (http) 
2024-09-16T17:57:24.819 [restartedMain] INFO o.a.c.h.Http11NioProtocol - Initializing ProtocolHandler ["http-nio-8080"] 
2024-09-16T17:57:24.821 [restartedMain] INFO o.a.c.c.StandardService - Starting service [Tomcat] 
2024-09-16T17:57:24.821 [restartedMain] INFO o.a.c.c.StandardEngine - Starting Servlet engine: [Apache Tomcat/10.1.28] 
2024-09-16T17:57:24.850 [restartedMain] INFO o.a.c.c.C.[.[.[/] - Initializing Spring embedded WebApplicationContext 
2024-09-16T17:57:24.850 [restartedMain] INFO o.s.b.w.s.c.ServletWebServerApplicationContext - Root WebApplicationContext: initialization completed in 603 ms 
2024-09-16T17:57:25.260 [restartedMain] INFO o.s.b.d.a.OptionalLiveReloadServer - LiveReload server is running on port 35729 
2024-09-16T17:57:25.272 [restartedMain] INFO o.a.c.h.Http11NioProtocol - Starting ProtocolHandler ["http-nio-8080"] 
2024-09-16T17:57:25.284 [restartedMain] INFO o.s.b.w.e.t.TomcatWebServer - Tomcat started on port 8080 (http) with context path '/' 
2024-09-16T17:57:25.291 [restartedMain] INFO c.f.RepoYuzApplication - Started RepoYuzApplication in 1.264 seconds (process running for 1.75) 
2024-09-16T17:57:37.469 [http-nio-8080-exec-1] INFO o.a.c.c.C.[.[.[/] - Initializing Spring DispatcherServlet 'dispatcherServlet' 
2024-09-16T17:57:37.469 [http-nio-8080-exec-1] INFO o.s.w.s.DispatcherServlet - Initializing Servlet 'dispatcherServlet' 
2024-09-16T17:57:37.470 [http-nio-8080-exec-1] INFO o.s.w.s.DispatcherServlet - Completed initialization in 1 ms 
2024-09-16T17:57:37.510 [http-nio-8080-exec-1] INFO c.z.h.HikariDataSource - HikariPool-1 - Starting... 
2024-09-16T17:57:37.679 [http-nio-8080-exec-1] INFO c.z.h.p.HikariPool - HikariPool-1 - Added connection net.sf.log4jdbc.sql.jdbcapi.ConnectionSpy@572634e6 
2024-09-16T17:57:37.680 [http-nio-8080-exec-1] INFO c.z.h.HikariDataSource - HikariPool-1 - Start completed. 
2024-09-16T17:57:37.704 [http-nio-8080-exec-1] DEBUG j.sqltiming -  com.zaxxer.hikari.pool.ProxyPreparedStatement.execute(ProxyPreparedStatement.java:44)
1. INSERT INTO code(
			ifcdName,
			ifcdUseNy,
			ifcdOrder,
			ifcdDesc,
			ifcdDelNy,
			ifcdRegist,
			ifcdEdit,
			codegroup_ifcgSeq
		) VALUES (
			'ㅇㄹㅇ',
			0,
			2,
			NULL,
			0,
			now(),
			now(),
			'4'
		)
 {executed in 5 msec} 
2024-09-16T17:57:37.723 [http-nio-8080-exec-2] DEBUG j.sqltiming -  com.zaxxer.hikari.pool.ProxyPreparedStatement.execute(ProxyPreparedStatement.java:44)
1. SELECT
			b.ifcdSeq,
			b.ifcdName,
			b.ifcdUseNy,
			b.ifcdOrder,
			b.ifcdDesc,
		    b.ifcdDelNy,
		    b.ifcdRegist,
		    b.ifcdEdit,
		    b.codegroup_ifcgSeq
		FROM 
			yuz.code b
		ORDER BY
			b.ifcdSeq desc
 {executed in 7 msec} 
2024-09-16T17:58:18.334 [File Watcher] INFO o.s.b.d.a.LocalDevToolsAutoConfiguration$RestartingClassPathChangeChangedEventListener - Restarting due to 1 class path change (0 additions, 0 deletions, 1 modification) 
2024-09-16T17:58:18.338 [Thread-5] INFO o.a.c.h.Http11NioProtocol - Stopping ProtocolHandler ["http-nio-8080"] 
2024-09-16T17:58:18.480 [Thread-5] INFO c.z.h.HikariDataSource - HikariPool-1 - Shutdown initiated... 
2024-09-16T17:58:18.486 [Thread-5] INFO c.z.h.HikariDataSource - HikariPool-1 - Shutdown completed. 
2024-09-16T17:58:18.531 [restartedMain] INFO c.f.RepoYuzApplication - Starting RepoYuzApplication using Java 17.0.11 with PID 40244 (C:\factory\ws_sts4_4240\repo_yuz\repo_yuz\bin\main started by mizay in C:\factory\ws_sts4_4240\repo_yuz\repo_yuz) 
2024-09-16T17:58:18.532 [restartedMain] INFO c.f.RepoYuzApplication - No active profile set, falling back to 1 default profile: "default" 
2024-09-16T17:58:18.655 [restartedMain] INFO o.s.b.w.e.t.TomcatWebServer - Tomcat initialized with port 8080 (http) 
2024-09-16T17:58:18.655 [restartedMain] INFO o.a.c.h.Http11NioProtocol - Initializing ProtocolHandler ["http-nio-8080"] 
2024-09-16T17:58:18.655 [restartedMain] INFO o.a.c.c.StandardService - Starting service [Tomcat] 
2024-09-16T17:58:18.655 [restartedMain] INFO o.a.c.c.StandardEngine - Starting Servlet engine: [Apache Tomcat/10.1.28] 
2024-09-16T17:58:18.666 [restartedMain] INFO o.a.c.c.C.[.[.[/] - Initializing Spring embedded WebApplicationContext 
2024-09-16T17:58:18.666 [restartedMain] INFO o.s.b.w.s.c.ServletWebServerApplicationContext - Root WebApplicationContext: initialization completed in 132 ms 
2024-09-16T17:58:18.730 [restartedMain] INFO o.s.b.d.a.OptionalLiveReloadServer - LiveReload server is running on port 35729 
2024-09-16T17:58:18.734 [restartedMain] INFO o.a.c.h.Http11NioProtocol - Starting ProtocolHandler ["http-nio-8080"] 
2024-09-16T17:58:18.736 [restartedMain] INFO o.s.b.w.e.t.TomcatWebServer - Tomcat started on port 8080 (http) with context path '/' 
2024-09-16T17:58:18.739 [restartedMain] INFO c.f.RepoYuzApplication - Started RepoYuzApplication in 0.226 seconds (process running for 55.198) 
2024-09-16T17:58:18.741 [restartedMain] INFO o.s.b.d.a.ConditionEvaluationDeltaLoggingListener - Condition evaluation unchanged 
