2024-09-18T15:02:20.947 [http-nio-8080-exec-1] INFO o.a.c.c.C.[.[.[/] - Initializing Spring DispatcherServlet 'dispatcherServlet' 
2024-09-18T15:02:20.949 [http-nio-8080-exec-1] INFO o.s.w.s.DispatcherServlet - Initializing Servlet 'dispatcherServlet' 
2024-09-18T15:02:20.950 [http-nio-8080-exec-1] INFO o.s.w.s.DispatcherServlet - Completed initialization in 1 ms 
2024-09-18T15:02:20.951 [http-nio-8080-exec-1] INFO c.z.h.HikariDataSource - HikariPool-12 - Starting... 
2024-09-18T15:02:20.961 [http-nio-8080-exec-1] INFO c.z.h.p.HikariPool - HikariPool-12 - Added connection net.sf.log4jdbc.sql.jdbcapi.ConnectionSpy@5a5e0cad 
2024-09-18T15:02:20.962 [http-nio-8080-exec-1] INFO c.z.h.HikariDataSource - HikariPool-12 - Start completed. 
2024-09-18T15:02:20.963 [http-nio-8080-exec-1] DEBUG j.sqltiming -  com.zaxxer.hikari.pool.ProxyPreparedStatement.execute(ProxyPreparedStatement.java:44)
131. SELECT
			b.ifcdSeq,
			b.ifcdName,
			b.ifcdUseNy,
			b.ifcdOrder,
			b.ifcdDesc,
		    b.ifcdDelNy,
		    b.ifcdRegist,
		    b.ifcdEdit,
		    b.codegroup_ifcgSeq,
		    a.ifcgName
		FROM 
			yuz.code AS b
			JOIN codegroup AS a
				ON a.ifcgSEq = b.codegroup_ifcgSeq
		ORDER BY
			b.ifcdSeq desc
 {executed in 1 msec} 
2024-09-18T15:02:52.013 [http-nio-8080-exec-5] DEBUG j.sqltiming -  com.zaxxer.hikari.pool.ProxyPreparedStatement.execute(ProxyPreparedStatement.java:44)
131. select
		a.ifcgSeq,
	    a.ifcgName,
	    a.ifcgUseNy,
	    a.ifcgOrder,
	    a.ifcgDesc,
	    a.ifcgDelNy,
	    a.ifcgRegist,
	    a.ifcgEdit,
	    	(SELECT count(ifcdSeq) FROM code AS b WHERE 1 = 1 AND b.codegroup_ifcgSeq = a.ifcgSeq) AS xifcdSeqCount
	FROM 
		yuz.codegroup a
	ORDER BY
		a.ifcgSeq desc
 {executed in 1 msec} 
2024-09-18T15:02:52.015 [http-nio-8080-exec-5] DEBUG j.sqltiming -  com.zaxxer.hikari.pool.ProxyPreparedStatement.execute(ProxyPreparedStatement.java:44)
131. select
		a.ifcgSeq,
	    a.ifcgName,
	    a.ifcgUseNy,
	    a.ifcgOrder,
	    a.ifcgDesc,
	    a.ifcgDelNy,
	    a.ifcgRegist,
	    a.ifcgEdit,
	    	(SELECT count(ifcdSeq) FROM code AS b WHERE 1 = 1 AND b.codegroup_ifcgSeq = a.ifcgSeq) AS xifcdSeqCount
	FROM 
		yuz.codegroup a
	ORDER BY
		a.ifcgSeq desc
 {executed in 0 msec} 
2024-09-18T15:03:03.091 [http-nio-8080-exec-5] DEBUG j.sqltiming -  com.zaxxer.hikari.pool.ProxyPreparedStatement.execute(ProxyPreparedStatement.java:44)
131. SELECT
			b.ifcdSeq,
			b.ifcdName,
			b.ifcdUseNy,
			b.ifcdOrder,
			b.ifcdDesc,
		    b.ifcdDelNy,
		    b.ifcdRegist,
		    b.ifcdEdit,
		    b.codegroup_ifcgSeq,
		    a.ifcgName
		FROM 
			yuz.code AS b
			JOIN codegroup AS a
				ON a.ifcgSEq = b.codegroup_ifcgSeq
		ORDER BY
			b.ifcdSeq desc
 {executed in 1 msec} 
2024-09-18T15:03:38.397 [http-nio-8080-exec-3] DEBUG j.sqltiming -  com.zaxxer.hikari.pool.ProxyPreparedStatement.execute(ProxyPreparedStatement.java:44)
131. SELECT
			b.ifcdSeq,
			b.ifcdName,
			b.ifcdUseNy,
			b.ifcdOrder,
			b.ifcdDesc,
		    b.ifcdDelNy,
		    b.ifcdRegist,
		    b.ifcdEdit,
		    b.codegroup_ifcgSeq,
		    a.ifcgName
		FROM 
			yuz.code AS b
			JOIN codegroup AS a
				ON a.ifcgSEq = b.codegroup_ifcgSeq
		ORDER BY
			b.ifcdSeq desc
 {executed in 1 msec} 
2024-09-18T15:03:50.048 [http-nio-8080-exec-1] DEBUG j.sqltiming -  com.zaxxer.hikari.pool.ProxyPreparedStatement.execute(ProxyPreparedStatement.java:44)
131. SELECT
			b.ifcdSeq,
			b.ifcdName,
			b.ifcdUseNy,
			b.ifcdOrder,
			b.ifcdDesc,
		    b.ifcdDelNy,
		    b.ifcdRegist,
		    b.ifcdEdit,
		    b.codegroup_ifcgSeq,
		    a.ifcgName
		FROM 
			yuz.code AS b
			JOIN codegroup AS a
				ON a.ifcgSEq = b.codegroup_ifcgSeq
		ORDER BY
			b.ifcdSeq desc
 {executed in 0 msec} 
2024-09-18T15:05:45.254 [File Watcher] INFO o.s.b.d.a.LocalDevToolsAutoConfiguration$RestartingClassPathChangeChangedEventListener - Restarting due to 1 class path change (1 addition, 0 deletions, 0 modifications) 
2024-09-18T15:05:45.256 [Thread-75] INFO o.a.c.h.Http11NioProtocol - Stopping ProtocolHandler ["http-nio-8080"] 
2024-09-18T15:05:45.397 [Thread-75] INFO c.z.h.HikariDataSource - HikariPool-12 - Shutdown initiated... 
2024-09-18T15:05:45.400 [Thread-75] INFO c.z.h.HikariDataSource - HikariPool-12 - Shutdown completed. 
2024-09-18T15:05:45.447 [restartedMain] INFO c.f.RepoYuzApplication - Starting RepoYuzApplication using Java 17.0.11 with PID 36748 (C:\factory\ws_sts4_4240\repo_yuz\repo_yuz\bin\main started by mizay in C:\factory\ws_sts4_4240\repo_yuz\repo_yuz) 
2024-09-18T15:05:45.447 [restartedMain] INFO c.f.RepoYuzApplication - No active profile set, falling back to 1 default profile: "default" 
2024-09-18T15:05:45.555 [restartedMain] INFO o.s.b.w.e.t.TomcatWebServer - Tomcat initialized with port 8080 (http) 
2024-09-18T15:05:45.555 [restartedMain] INFO o.a.c.h.Http11NioProtocol - Initializing ProtocolHandler ["http-nio-8080"] 
2024-09-18T15:05:45.555 [restartedMain] INFO o.a.c.c.StandardService - Starting service [Tomcat] 
2024-09-18T15:05:45.555 [restartedMain] INFO o.a.c.c.StandardEngine - Starting Servlet engine: [Apache Tomcat/10.1.28] 
2024-09-18T15:05:45.567 [restartedMain] INFO o.a.c.c.C.[.[.[/] - Initializing Spring embedded WebApplicationContext 
2024-09-18T15:05:45.567 [restartedMain] INFO o.s.b.w.s.c.ServletWebServerApplicationContext - Root WebApplicationContext: initialization completed in 119 ms 
2024-09-18T15:05:45.632 [restartedMain] INFO o.s.b.d.a.OptionalLiveReloadServer - LiveReload server is running on port 35729 
2024-09-18T15:05:45.636 [restartedMain] INFO o.a.c.h.Http11NioProtocol - Starting ProtocolHandler ["http-nio-8080"] 
2024-09-18T15:05:45.640 [restartedMain] INFO o.s.b.w.e.t.TomcatWebServer - Tomcat started on port 8080 (http) with context path '/' 
2024-09-18T15:05:45.642 [restartedMain] INFO c.f.RepoYuzApplication - Started RepoYuzApplication in 0.209 seconds (process running for 8181.555) 
2024-09-18T15:05:45.643 [restartedMain] INFO o.s.b.d.a.ConditionEvaluationDeltaLoggingListener - Condition evaluation unchanged 
2024-09-18T15:06:27.950 [File Watcher] INFO o.s.b.d.a.LocalDevToolsAutoConfiguration$RestartingClassPathChangeChangedEventListener - Restarting due to 1 class path change (0 additions, 0 deletions, 1 modification) 
2024-09-18T15:06:27.951 [Thread-79] INFO o.a.c.h.Http11NioProtocol - Stopping ProtocolHandler ["http-nio-8080"] 
2024-09-18T15:06:28.132 [restartedMain] INFO c.f.RepoYuzApplication - Starting RepoYuzApplication using Java 17.0.11 with PID 36748 (C:\factory\ws_sts4_4240\repo_yuz\repo_yuz\bin\main started by mizay in C:\factory\ws_sts4_4240\repo_yuz\repo_yuz) 
2024-09-18T15:06:28.132 [restartedMain] INFO c.f.RepoYuzApplication - No active profile set, falling back to 1 default profile: "default" 
2024-09-18T15:06:28.229 [restartedMain] INFO o.s.b.w.e.t.TomcatWebServer - Tomcat initialized with port 8080 (http) 
2024-09-18T15:06:28.229 [restartedMain] INFO o.a.c.h.Http11NioProtocol - Initializing ProtocolHandler ["http-nio-8080"] 
2024-09-18T15:06:28.229 [restartedMain] INFO o.a.c.c.StandardService - Starting service [Tomcat] 
2024-09-18T15:06:28.229 [restartedMain] INFO o.a.c.c.StandardEngine - Starting Servlet engine: [Apache Tomcat/10.1.28] 
2024-09-18T15:06:28.242 [restartedMain] INFO o.a.c.c.C.[.[.[/] - Initializing Spring embedded WebApplicationContext 
2024-09-18T15:06:28.242 [restartedMain] INFO o.s.b.w.s.c.ServletWebServerApplicationContext - Root WebApplicationContext: initialization completed in 108 ms 
2024-09-18T15:06:28.294 [restartedMain] INFO o.s.b.d.a.OptionalLiveReloadServer - LiveReload server is running on port 35729 
2024-09-18T15:06:28.297 [restartedMain] INFO o.a.c.h.Http11NioProtocol - Starting ProtocolHandler ["http-nio-8080"] 
2024-09-18T15:06:28.301 [restartedMain] INFO o.s.b.w.e.t.TomcatWebServer - Tomcat started on port 8080 (http) with context path '/' 
2024-09-18T15:06:28.303 [restartedMain] INFO c.f.RepoYuzApplication - Started RepoYuzApplication in 0.183 seconds (process running for 8224.217) 
2024-09-18T15:06:28.304 [restartedMain] INFO o.s.b.d.a.ConditionEvaluationDeltaLoggingListener - Condition evaluation unchanged 
2024-09-18T15:07:05.555 [File Watcher] INFO o.s.b.d.a.LocalDevToolsAutoConfiguration$RestartingClassPathChangeChangedEventListener - Restarting due to 1 class path change (0 additions, 0 deletions, 1 modification) 
2024-09-18T15:07:05.557 [Thread-83] INFO o.a.c.h.Http11NioProtocol - Stopping ProtocolHandler ["http-nio-8080"] 
2024-09-18T15:07:05.749 [restartedMain] INFO c.f.RepoYuzApplication - Starting RepoYuzApplication using Java 17.0.11 with PID 36748 (C:\factory\ws_sts4_4240\repo_yuz\repo_yuz\bin\main started by mizay in C:\factory\ws_sts4_4240\repo_yuz\repo_yuz) 
2024-09-18T15:07:05.749 [restartedMain] INFO c.f.RepoYuzApplication - No active profile set, falling back to 1 default profile: "default" 
2024-09-18T15:07:05.858 [restartedMain] INFO o.s.b.w.e.t.TomcatWebServer - Tomcat initialized with port 8080 (http) 
2024-09-18T15:07:05.858 [restartedMain] INFO o.a.c.h.Http11NioProtocol - Initializing ProtocolHandler ["http-nio-8080"] 
2024-09-18T15:07:05.858 [restartedMain] INFO o.a.c.c.StandardService - Starting service [Tomcat] 
2024-09-18T15:07:05.858 [restartedMain] INFO o.a.c.c.StandardEngine - Starting Servlet engine: [Apache Tomcat/10.1.28] 
2024-09-18T15:07:05.870 [restartedMain] INFO o.a.c.c.C.[.[.[/] - Initializing Spring embedded WebApplicationContext 
2024-09-18T15:07:05.870 [restartedMain] INFO o.s.b.w.s.c.ServletWebServerApplicationContext - Root WebApplicationContext: initialization completed in 120 ms 
2024-09-18T15:07:05.926 [restartedMain] INFO o.s.b.d.a.OptionalLiveReloadServer - LiveReload server is running on port 35729 
2024-09-18T15:07:05.929 [restartedMain] INFO o.a.c.h.Http11NioProtocol - Starting ProtocolHandler ["http-nio-8080"] 
2024-09-18T15:07:05.932 [restartedMain] INFO o.s.b.w.e.t.TomcatWebServer - Tomcat started on port 8080 (http) with context path '/' 
2024-09-18T15:07:05.935 [restartedMain] INFO c.f.RepoYuzApplication - Started RepoYuzApplication in 0.202 seconds (process running for 8261.848) 
2024-09-18T15:07:05.936 [restartedMain] INFO o.s.b.d.a.ConditionEvaluationDeltaLoggingListener - Condition evaluation unchanged 
2024-09-18T15:18:51.414 [http-nio-8080-exec-1] INFO o.a.c.c.C.[.[.[/] - Initializing Spring DispatcherServlet 'dispatcherServlet' 
2024-09-18T15:18:51.415 [http-nio-8080-exec-1] INFO o.s.w.s.DispatcherServlet - Initializing Servlet 'dispatcherServlet' 
2024-09-18T15:18:51.415 [http-nio-8080-exec-1] INFO o.s.w.s.DispatcherServlet - Completed initialization in 0 ms 
2024-09-18T15:18:51.416 [http-nio-8080-exec-1] INFO c.z.h.HikariDataSource - HikariPool-13 - Starting... 
2024-09-18T15:18:51.424 [http-nio-8080-exec-1] INFO c.z.h.p.HikariPool - HikariPool-13 - Added connection net.sf.log4jdbc.sql.jdbcapi.ConnectionSpy@609f021 
2024-09-18T15:18:51.424 [http-nio-8080-exec-1] INFO c.z.h.HikariDataSource - HikariPool-13 - Start completed. 
2024-09-18T15:18:51.425 [http-nio-8080-exec-1] DEBUG j.sqltiming -  com.zaxxer.hikari.pool.ProxyPreparedStatement.execute(ProxyPreparedStatement.java:44)
141. SELECT
			b.ifcdSeq,
			b.ifcdName,
			b.ifcdUseNy,
			b.ifcdOrder,
			b.ifcdDesc,
		    b.ifcdDelNy,
		    b.ifcdRegist,
		    b.ifcdEdit,
		    b.codegroup_ifcgSeq,
		    a.ifcgName
		FROM 
			yuz.code AS b
			JOIN codegroup AS a
				ON a.ifcgSEq = b.codegroup_ifcgSeq
		ORDER BY
			b.ifcdSeq desc
 {executed in 0 msec} 
2024-09-18T15:18:57.504 [RMI TCP Connection(223)-127.0.0.1] INFO o.s.b.a.SpringApplicationAdminMXBeanRegistrar$SpringApplicationAdmin - Application shutdown requested. 
2024-09-18T15:18:57.505 [RMI TCP Connection(223)-127.0.0.1] INFO o.a.c.h.Http11NioProtocol - Stopping ProtocolHandler ["http-nio-8080"] 
2024-09-18T15:18:57.993 [RMI TCP Connection(223)-127.0.0.1] INFO c.z.h.HikariDataSource - HikariPool-13 - Shutdown initiated... 
2024-09-18T15:18:57.997 [RMI TCP Connection(223)-127.0.0.1] INFO c.z.h.HikariDataSource - HikariPool-13 - Shutdown completed. 
2024-09-18T15:18:59.269 [restartedMain] INFO c.f.RepoYuzApplication - Starting RepoYuzApplication using Java 17.0.11 with PID 11968 (C:\factory\ws_sts4_4240\repo_yuz\repo_yuz\bin\main started by mizay in C:\factory\ws_sts4_4240\repo_yuz\repo_yuz) 
2024-09-18T15:18:59.270 [restartedMain] INFO c.f.RepoYuzApplication - No active profile set, falling back to 1 default profile: "default" 
2024-09-18T15:18:59.294 [restartedMain] INFO o.s.b.d.e.DevToolsPropertyDefaultsPostProcessor - Devtools property defaults active! Set 'spring.devtools.add-properties' to 'false' to disable 
2024-09-18T15:18:59.294 [restartedMain] INFO o.s.b.d.e.DevToolsPropertyDefaultsPostProcessor - For additional web related logging consider setting the 'logging.level.web' property to 'DEBUG' 
2024-09-18T15:18:59.863 [restartedMain] INFO o.s.b.w.e.t.TomcatWebServer - Tomcat initialized with port 8080 (http) 
2024-09-18T15:18:59.869 [restartedMain] INFO o.a.c.h.Http11NioProtocol - Initializing ProtocolHandler ["http-nio-8080"] 
2024-09-18T15:18:59.870 [restartedMain] INFO o.a.c.c.StandardService - Starting service [Tomcat] 
2024-09-18T15:18:59.871 [restartedMain] INFO o.a.c.c.StandardEngine - Starting Servlet engine: [Apache Tomcat/10.1.28] 
2024-09-18T15:18:59.901 [restartedMain] INFO o.a.c.c.C.[.[.[/] - Initializing Spring embedded WebApplicationContext 
2024-09-18T15:18:59.901 [restartedMain] INFO o.s.b.w.s.c.ServletWebServerApplicationContext - Root WebApplicationContext: initialization completed in 607 ms 
2024-09-18T15:19:00.324 [restartedMain] INFO o.s.b.d.a.OptionalLiveReloadServer - LiveReload server is running on port 35729 
2024-09-18T15:19:00.335 [restartedMain] INFO o.a.c.h.Http11NioProtocol - Starting ProtocolHandler ["http-nio-8080"] 
2024-09-18T15:19:00.348 [restartedMain] INFO o.s.b.w.e.t.TomcatWebServer - Tomcat started on port 8080 (http) with context path '/' 
2024-09-18T15:19:00.354 [restartedMain] INFO c.f.RepoYuzApplication - Started RepoYuzApplication in 1.28 seconds (process running for 1.736) 
2024-09-18T15:19:10.275 [http-nio-8080-exec-1] INFO o.a.c.c.C.[.[.[/] - Initializing Spring DispatcherServlet 'dispatcherServlet' 
2024-09-18T15:19:10.275 [http-nio-8080-exec-1] INFO o.s.w.s.DispatcherServlet - Initializing Servlet 'dispatcherServlet' 
2024-09-18T15:19:10.276 [http-nio-8080-exec-1] INFO o.s.w.s.DispatcherServlet - Completed initialization in 0 ms 
2024-09-18T15:19:10.303 [http-nio-8080-exec-1] INFO c.z.h.HikariDataSource - HikariPool-1 - Starting... 
2024-09-18T15:19:10.459 [http-nio-8080-exec-1] INFO c.z.h.p.HikariPool - HikariPool-1 - Added connection net.sf.log4jdbc.sql.jdbcapi.ConnectionSpy@72c78016 
2024-09-18T15:19:10.460 [http-nio-8080-exec-1] INFO c.z.h.HikariDataSource - HikariPool-1 - Start completed. 
2024-09-18T15:19:10.476 [http-nio-8080-exec-1] DEBUG j.sqltiming -  com.zaxxer.hikari.pool.ProxyPreparedStatement.execute(ProxyPreparedStatement.java:44)
1. SELECT
			b.ifcdSeq,
			b.ifcdName,
			b.ifcdUseNy,
			b.ifcdOrder,
			b.ifcdDesc,
		    b.ifcdDelNy,
		    b.ifcdRegist,
		    b.ifcdEdit,
		    b.codegroup_ifcgSeq,
		    a.ifcgName
		FROM 
			yuz.code AS b
			JOIN codegroup AS a
				ON a.ifcgSEq = b.codegroup_ifcgSeq
		ORDER BY
			b.ifcdSeq desc
 {executed in 5 msec} 
2024-09-18T15:19:23.618 [http-nio-8080-exec-3] DEBUG j.sqltiming -  com.zaxxer.hikari.pool.ProxyPreparedStatement.execute(ProxyPreparedStatement.java:44)
1. select
		a.ifcgSeq,
	    a.ifcgName,
	    a.ifcgUseNy,
	    a.ifcgOrder,
	    a.ifcgDesc,
	    a.ifcgDelNy,
	    a.ifcgRegist,
	    a.ifcgEdit,
	    	(SELECT count(ifcdSeq) FROM code AS b WHERE 1 = 1 AND b.codegroup_ifcgSeq = a.ifcgSeq) AS xifcdSeqCount
	FROM 
		yuz.codegroup a
	ORDER BY
		a.ifcgSeq desc
 {executed in 1 msec} 
2024-09-18T15:19:23.620 [http-nio-8080-exec-3] DEBUG j.sqltiming -  com.zaxxer.hikari.pool.ProxyPreparedStatement.execute(ProxyPreparedStatement.java:44)
1. select
		a.ifcgSeq,
	    a.ifcgName,
	    a.ifcgUseNy,
	    a.ifcgOrder,
	    a.ifcgDesc,
	    a.ifcgDelNy,
	    a.ifcgRegist,
	    a.ifcgEdit,
	    	(SELECT count(ifcdSeq) FROM code AS b WHERE 1 = 1 AND b.codegroup_ifcgSeq = a.ifcgSeq) AS xifcdSeqCount
	FROM 
		yuz.codegroup a
	ORDER BY
		a.ifcgSeq desc
 {executed in 0 msec} 
2024-09-18T15:20:06.692 [http-nio-8080-exec-9] DEBUG j.sqltiming -  com.zaxxer.hikari.pool.ProxyPreparedStatement.execute(ProxyPreparedStatement.java:44)
1. select
		a.ifcgSeq,
	    a.ifcgName,
	    a.ifcgUseNy,
	    a.ifcgOrder,
	    a.ifcgDesc,
	    a.ifcgDelNy,
	    a.ifcgRegist,
	    a.ifcgEdit,
	    	(SELECT count(ifcdSeq) FROM code AS b WHERE 1 = 1 AND b.codegroup_ifcgSeq = a.ifcgSeq) AS xifcdSeqCount
	FROM 
		yuz.codegroup a
	ORDER BY
		a.ifcgSeq desc
 {executed in 1 msec} 
2024-09-18T15:20:06.696 [http-nio-8080-exec-9] DEBUG j.sqltiming -  com.zaxxer.hikari.pool.ProxyPreparedStatement.execute(ProxyPreparedStatement.java:44)
1. select
		a.ifcgSeq,
	    a.ifcgName,
	    a.ifcgUseNy,
	    a.ifcgOrder,
	    a.ifcgDesc,
	    a.ifcgDelNy,
	    a.ifcgRegist,
	    a.ifcgEdit,
	    	(SELECT count(ifcdSeq) FROM code AS b WHERE 1 = 1 AND b.codegroup_ifcgSeq = a.ifcgSeq) AS xifcdSeqCount
	FROM 
		yuz.codegroup a
	ORDER BY
		a.ifcgSeq desc
 {executed in 1 msec} 
