2024-09-14T15:04:16.808 [File Watcher] INFO o.s.b.d.a.LocalDevToolsAutoConfiguration$RestartingClassPathChangeChangedEventListener - Restarting due to 1 class path change (1 addition, 0 deletions, 0 modifications) 
2024-09-14T15:04:16.812 [Thread-39] INFO o.a.c.h.Http11NioProtocol - Stopping ProtocolHandler ["http-nio-8080"] 
2024-09-14T15:04:17.186 [restartedMain] INFO c.f.RepoYuzApplication - Starting RepoYuzApplication using Java 17.0.11 with PID 30780 (C:\factory\ws_sts4_4240\repo_yuz\repo_yuz\bin\main started by mizay in C:\factory\ws_sts4_4240\repo_yuz\repo_yuz) 
2024-09-14T15:04:17.188 [restartedMain] INFO c.f.RepoYuzApplication - No active profile set, falling back to 1 default profile: "default" 
2024-09-14T15:04:17.296 [restartedMain] WARN o.m.s.m.ClassPathMapperScanner - No MyBatis mapper was found in '[com.fruits.*]' package. Please check your configuration. 
2024-09-14T15:04:17.325 [restartedMain] INFO o.s.b.w.e.t.TomcatWebServer - Tomcat initialized with port 8080 (http) 
2024-09-14T15:04:17.325 [restartedMain] INFO o.a.c.h.Http11NioProtocol - Initializing ProtocolHandler ["http-nio-8080"] 
2024-09-14T15:04:17.326 [restartedMain] INFO o.a.c.c.StandardService - Starting service [Tomcat] 
2024-09-14T15:04:17.326 [restartedMain] INFO o.a.c.c.StandardEngine - Starting Servlet engine: [Apache Tomcat/10.1.28] 
2024-09-14T15:04:17.337 [restartedMain] INFO o.a.c.c.C.[.[.[/] - Initializing Spring embedded WebApplicationContext 
2024-09-14T15:04:17.337 [restartedMain] INFO o.s.b.w.s.c.ServletWebServerApplicationContext - Root WebApplicationContext: initialization completed in 148 ms 
2024-09-14T15:04:17.348 [restartedMain] WARN o.m.s.SqlSessionFactoryBean - Property 'mapperLocations' was specified but matching resources are not found. 
2024-09-14T15:04:17.395 [restartedMain] INFO o.s.b.d.a.OptionalLiveReloadServer - LiveReload server is running on port 35729 
2024-09-14T15:04:17.399 [restartedMain] INFO o.a.c.h.Http11NioProtocol - Starting ProtocolHandler ["http-nio-8080"] 
2024-09-14T15:04:17.401 [restartedMain] INFO o.s.b.w.e.t.TomcatWebServer - Tomcat started on port 8080 (http) with context path '/' 
2024-09-14T15:04:17.404 [restartedMain] INFO c.f.RepoYuzApplication - Started RepoYuzApplication in 0.236 seconds (process running for 1659.248) 
2024-09-14T15:04:17.407 [restartedMain] INFO o.s.b.d.a.ConditionEvaluationDeltaLoggingListener - Condition evaluation unchanged 
2024-09-14T15:04:50.162 [File Watcher] INFO o.s.b.d.a.LocalDevToolsAutoConfiguration$RestartingClassPathChangeChangedEventListener - Restarting due to 1 class path change (0 additions, 0 deletions, 1 modification) 
2024-09-14T15:04:50.164 [Thread-43] INFO o.a.c.h.Http11NioProtocol - Stopping ProtocolHandler ["http-nio-8080"] 
2024-09-14T15:04:50.505 [restartedMain] INFO c.f.RepoYuzApplication - Starting RepoYuzApplication using Java 17.0.11 with PID 30780 (C:\factory\ws_sts4_4240\repo_yuz\repo_yuz\bin\main started by mizay in C:\factory\ws_sts4_4240\repo_yuz\repo_yuz) 
2024-09-14T15:04:50.506 [restartedMain] INFO c.f.RepoYuzApplication - No active profile set, falling back to 1 default profile: "default" 
2024-09-14T15:04:50.589 [restartedMain] WARN o.m.s.m.ClassPathMapperScanner - No MyBatis mapper was found in '[com.fruits.*]' package. Please check your configuration. 
2024-09-14T15:04:50.609 [restartedMain] INFO o.s.b.w.e.t.TomcatWebServer - Tomcat initialized with port 8080 (http) 
2024-09-14T15:04:50.609 [restartedMain] INFO o.a.c.h.Http11NioProtocol - Initializing ProtocolHandler ["http-nio-8080"] 
2024-09-14T15:04:50.610 [restartedMain] INFO o.a.c.c.StandardService - Starting service [Tomcat] 
2024-09-14T15:04:50.610 [restartedMain] INFO o.a.c.c.StandardEngine - Starting Servlet engine: [Apache Tomcat/10.1.28] 
2024-09-14T15:04:50.621 [restartedMain] INFO o.a.c.c.C.[.[.[/] - Initializing Spring embedded WebApplicationContext 
2024-09-14T15:04:50.621 [restartedMain] INFO o.s.b.w.s.c.ServletWebServerApplicationContext - Root WebApplicationContext: initialization completed in 114 ms 
2024-09-14T15:04:50.626 [restartedMain] WARN o.s.b.w.s.c.AnnotationConfigServletWebServerApplicationContext - Exception encountered during context initialization - cancelling refresh attempt: org.springframework.beans.factory.BeanCreationException: Error creating bean with name 'codeGroupService' defined in file [C:\factory\ws_sts4_4240\repo_yuz\repo_yuz\bin\main\com\fruits\infra\codegroup\CodeGroupService.class]: Failed to instantiate [com.fruits.infra.codegroup.CodeGroupService]: Constructor threw exception 
2024-09-14T15:04:50.626 [restartedMain] INFO o.a.c.c.StandardService - Stopping service [Tomcat] 
2024-09-14T15:04:50.630 [restartedMain] INFO o.s.b.a.l.ConditionEvaluationReportLogger - 

Error starting ApplicationContext. To display the condition evaluation report re-run your application with 'debug' enabled. 
2024-09-14T15:04:50.640 [restartedMain] ERROR o.s.b.SpringApplication - Application run failed 
org.springframework.beans.factory.BeanCreationException: Error creating bean with name 'codeGroupService' defined in file [C:\factory\ws_sts4_4240\repo_yuz\repo_yuz\bin\main\com\fruits\infra\codegroup\CodeGroupService.class]: Failed to instantiate [com.fruits.infra.codegroup.CodeGroupService]: Constructor threw exception
	at org.springframework.beans.factory.support.AbstractAutowireCapableBeanFactory.instantiateBean(AbstractAutowireCapableBeanFactory.java:1337)
	at org.springframework.beans.factory.support.AbstractAutowireCapableBeanFactory.createBeanInstance(AbstractAutowireCapableBeanFactory.java:1222)
	at org.springframework.beans.factory.support.AbstractAutowireCapableBeanFactory.doCreateBean(AbstractAutowireCapableBeanFactory.java:562)
	at org.springframework.beans.factory.support.AbstractAutowireCapableBeanFactory.createBean(AbstractAutowireCapableBeanFactory.java:522)
	at org.springframework.beans.factory.support.AbstractBeanFactory.lambda$doGetBean$0(AbstractBeanFactory.java:337)
	at org.springframework.beans.factory.support.DefaultSingletonBeanRegistry.getSingleton(DefaultSingletonBeanRegistry.java:234)
	at org.springframework.beans.factory.support.AbstractBeanFactory.doGetBean(AbstractBeanFactory.java:335)
	at org.springframework.beans.factory.support.AbstractBeanFactory.getBean(AbstractBeanFactory.java:200)
	at org.springframework.beans.factory.support.DefaultListableBeanFactory.preInstantiateSingletons(DefaultListableBeanFactory.java:975)
	at org.springframework.context.support.AbstractApplicationContext.finishBeanFactoryInitialization(AbstractApplicationContext.java:971)
	at org.springframework.context.support.AbstractApplicationContext.refresh(AbstractApplicationContext.java:625)
	at org.springframework.boot.web.servlet.context.ServletWebServerApplicationContext.refresh(ServletWebServerApplicationContext.java:146)
	at org.springframework.boot.SpringApplication.refresh(SpringApplication.java:754)
	at org.springframework.boot.SpringApplication.refreshContext(SpringApplication.java:456)
	at org.springframework.boot.SpringApplication.run(SpringApplication.java:335)
	at org.springframework.boot.SpringApplication.run(SpringApplication.java:1363)
	at org.springframework.boot.SpringApplication.run(SpringApplication.java:1352)
	at com.fruits.RepoYuzApplication.main(RepoYuzApplication.java:10)
	at java.base/jdk.internal.reflect.NativeMethodAccessorImpl.invoke0(Native Method)
	at java.base/jdk.internal.reflect.NativeMethodAccessorImpl.invoke(NativeMethodAccessorImpl.java:77)
	at java.base/jdk.internal.reflect.DelegatingMethodAccessorImpl.invoke(DelegatingMethodAccessorImpl.java:43)
	at java.base/java.lang.reflect.Method.invoke(Method.java:568)
	at org.springframework.boot.devtools.restart.RestartLauncher.run(RestartLauncher.java:50)
Caused by: org.springframework.beans.BeanInstantiationException: Failed to instantiate [com.fruits.infra.codegroup.CodeGroupService]: Constructor threw exception
	at org.springframework.beans.BeanUtils.instantiateClass(BeanUtils.java:221)
	at org.springframework.beans.factory.support.SimpleInstantiationStrategy.instantiate(SimpleInstantiationStrategy.java:94)
	at org.springframework.beans.factory.support.AbstractAutowireCapableBeanFactory.instantiateBean(AbstractAutowireCapableBeanFactory.java:1331)
	... 22 common frames omitted
Caused by: java.lang.Error: Unresolved compilation problem: 
	Syntax error, insert "}" to complete ClassBody

	at com.fruits.infra.codegroup.CodeGroupService.<init>(CodeGroupService.java:10)
	at java.base/jdk.internal.reflect.NativeConstructorAccessorImpl.newInstance0(Native Method)
	at java.base/jdk.internal.reflect.NativeConstructorAccessorImpl.newInstance(NativeConstructorAccessorImpl.java:77)
	at java.base/jdk.internal.reflect.DelegatingConstructorAccessorImpl.newInstance(DelegatingConstructorAccessorImpl.java:45)
	at java.base/java.lang.reflect.Constructor.newInstanceWithCaller(Constructor.java:499)
	at java.base/java.lang.reflect.Constructor.newInstance(Constructor.java:480)
	at org.springframework.beans.BeanUtils.instantiateClass(BeanUtils.java:195)
	... 24 common frames omitted
2024-09-14T15:05:03.605 [restartedMain] INFO c.f.RepoYuzApplication - Starting RepoYuzApplication using Java 17.0.11 with PID 30780 (C:\factory\ws_sts4_4240\repo_yuz\repo_yuz\bin\main started by mizay in C:\factory\ws_sts4_4240\repo_yuz\repo_yuz) 
2024-09-14T15:05:03.606 [restartedMain] INFO c.f.RepoYuzApplication - No active profile set, falling back to 1 default profile: "default" 
2024-09-14T15:05:03.702 [restartedMain] WARN o.m.s.m.ClassPathMapperScanner - No MyBatis mapper was found in '[com.fruits.*]' package. Please check your configuration. 
2024-09-14T15:05:03.729 [restartedMain] INFO o.s.b.w.e.t.TomcatWebServer - Tomcat initialized with port 8080 (http) 
2024-09-14T15:05:03.729 [restartedMain] INFO o.a.c.h.Http11NioProtocol - Initializing ProtocolHandler ["http-nio-8080"] 
2024-09-14T15:05:03.730 [restartedMain] INFO o.a.c.c.StandardService - Starting service [Tomcat] 
2024-09-14T15:05:03.730 [restartedMain] INFO o.a.c.c.StandardEngine - Starting Servlet engine: [Apache Tomcat/10.1.28] 
2024-09-14T15:05:03.742 [restartedMain] INFO o.a.c.c.C.[.[.[/] - Initializing Spring embedded WebApplicationContext 
2024-09-14T15:05:03.742 [restartedMain] INFO o.s.b.w.s.c.ServletWebServerApplicationContext - Root WebApplicationContext: initialization completed in 133 ms 
2024-09-14T15:05:03.750 [restartedMain] WARN o.m.s.SqlSessionFactoryBean - Property 'mapperLocations' was specified but matching resources are not found. 
2024-09-14T15:05:03.790 [restartedMain] INFO o.s.b.d.a.OptionalLiveReloadServer - LiveReload server is running on port 35729 
2024-09-14T15:05:03.793 [restartedMain] INFO o.a.c.h.Http11NioProtocol - Starting ProtocolHandler ["http-nio-8080"] 
2024-09-14T15:05:03.797 [restartedMain] INFO o.s.b.w.e.t.TomcatWebServer - Tomcat started on port 8080 (http) with context path '/' 
2024-09-14T15:05:03.801 [restartedMain] INFO c.f.RepoYuzApplication - Started RepoYuzApplication in 0.223 seconds (process running for 1705.645) 
2024-09-14T15:05:03.802 [restartedMain] INFO o.s.b.d.a.ConditionEvaluationDeltaLoggingListener - Condition evaluation unchanged 
2024-09-14T15:21:51.228 [File Watcher] INFO o.s.b.d.a.LocalDevToolsAutoConfiguration$RestartingClassPathChangeChangedEventListener - Restarting due to 1 class path change (0 additions, 0 deletions, 1 modification) 
2024-09-14T15:21:51.231 [Thread-47] INFO o.a.c.h.Http11NioProtocol - Stopping ProtocolHandler ["http-nio-8080"] 
2024-09-14T15:21:51.577 [restartedMain] INFO c.f.RepoYuzApplication - Starting RepoYuzApplication using Java 17.0.11 with PID 30780 (C:\factory\ws_sts4_4240\repo_yuz\repo_yuz\bin\main started by mizay in C:\factory\ws_sts4_4240\repo_yuz\repo_yuz) 
2024-09-14T15:21:51.577 [restartedMain] INFO c.f.RepoYuzApplication - No active profile set, falling back to 1 default profile: "default" 
2024-09-14T15:21:51.668 [restartedMain] WARN o.m.s.m.ClassPathMapperScanner - No MyBatis mapper was found in '[com.fruits.*]' package. Please check your configuration. 
2024-09-14T15:21:51.692 [restartedMain] INFO o.s.b.w.e.t.TomcatWebServer - Tomcat initialized with port 8080 (http) 
2024-09-14T15:21:51.693 [restartedMain] INFO o.a.c.h.Http11NioProtocol - Initializing ProtocolHandler ["http-nio-8080"] 
2024-09-14T15:21:51.693 [restartedMain] INFO o.a.c.c.StandardService - Starting service [Tomcat] 
2024-09-14T15:21:51.693 [restartedMain] INFO o.a.c.c.StandardEngine - Starting Servlet engine: [Apache Tomcat/10.1.28] 
2024-09-14T15:21:51.706 [restartedMain] INFO o.a.c.c.C.[.[.[/] - Initializing Spring embedded WebApplicationContext 
2024-09-14T15:21:51.706 [restartedMain] INFO o.s.b.w.s.c.ServletWebServerApplicationContext - Root WebApplicationContext: initialization completed in 127 ms 
2024-09-14T15:21:51.717 [restartedMain] WARN o.m.s.SqlSessionFactoryBean - Property 'mapperLocations' was specified but matching resources are not found. 
2024-09-14T15:21:51.764 [restartedMain] INFO o.s.b.d.a.OptionalLiveReloadServer - LiveReload server is running on port 35729 
2024-09-14T15:21:51.767 [restartedMain] INFO o.a.c.h.Http11NioProtocol - Starting ProtocolHandler ["http-nio-8080"] 
2024-09-14T15:21:51.770 [restartedMain] INFO o.s.b.w.e.t.TomcatWebServer - Tomcat started on port 8080 (http) with context path '/' 
2024-09-14T15:21:51.773 [restartedMain] INFO c.f.RepoYuzApplication - Started RepoYuzApplication in 0.212 seconds (process running for 2713.613) 
2024-09-14T15:21:51.774 [restartedMain] INFO o.s.b.d.a.ConditionEvaluationDeltaLoggingListener - Condition evaluation unchanged 
2024-09-14T15:23:15.139 [File Watcher] INFO o.s.b.d.a.LocalDevToolsAutoConfiguration$RestartingClassPathChangeChangedEventListener - Restarting due to 1 class path change (0 additions, 0 deletions, 1 modification) 
2024-09-14T15:23:15.140 [Thread-54] INFO o.a.c.h.Http11NioProtocol - Stopping ProtocolHandler ["http-nio-8080"] 
2024-09-14T15:23:15.538 [restartedMain] INFO c.f.RepoYuzApplication - Starting RepoYuzApplication using Java 17.0.11 with PID 30780 (C:\factory\ws_sts4_4240\repo_yuz\repo_yuz\bin\main started by mizay in C:\factory\ws_sts4_4240\repo_yuz\repo_yuz) 
2024-09-14T15:23:15.538 [restartedMain] INFO c.f.RepoYuzApplication - No active profile set, falling back to 1 default profile: "default" 
2024-09-14T15:23:15.636 [restartedMain] WARN o.m.s.m.ClassPathMapperScanner - No MyBatis mapper was found in '[com.fruits.*]' package. Please check your configuration. 
2024-09-14T15:23:15.662 [restartedMain] INFO o.s.b.w.e.t.TomcatWebServer - Tomcat initialized with port 8080 (http) 
2024-09-14T15:23:15.662 [restartedMain] INFO o.a.c.h.Http11NioProtocol - Initializing ProtocolHandler ["http-nio-8080"] 
2024-09-14T15:23:15.662 [restartedMain] INFO o.a.c.c.StandardService - Starting service [Tomcat] 
2024-09-14T15:23:15.662 [restartedMain] INFO o.a.c.c.StandardEngine - Starting Servlet engine: [Apache Tomcat/10.1.28] 
2024-09-14T15:23:15.675 [restartedMain] INFO o.a.c.c.C.[.[.[/] - Initializing Spring embedded WebApplicationContext 
2024-09-14T15:23:15.676 [restartedMain] INFO o.s.b.w.s.c.ServletWebServerApplicationContext - Root WebApplicationContext: initialization completed in 136 ms 
2024-09-14T15:23:15.685 [restartedMain] WARN o.m.s.SqlSessionFactoryBean - Property 'mapperLocations' was specified but matching resources are not found. 
2024-09-14T15:23:15.737 [restartedMain] INFO o.s.b.d.a.OptionalLiveReloadServer - LiveReload server is running on port 35729 
2024-09-14T15:23:15.740 [restartedMain] INFO o.a.c.h.Http11NioProtocol - Starting ProtocolHandler ["http-nio-8080"] 
2024-09-14T15:23:15.742 [restartedMain] INFO o.s.b.w.e.t.TomcatWebServer - Tomcat started on port 8080 (http) with context path '/' 
2024-09-14T15:23:15.746 [restartedMain] INFO c.f.RepoYuzApplication - Started RepoYuzApplication in 0.225 seconds (process running for 2797.585) 
2024-09-14T15:23:15.747 [restartedMain] INFO o.s.b.d.a.ConditionEvaluationDeltaLoggingListener - Condition evaluation unchanged 
2024-09-14T15:23:47.451 [File Watcher] INFO o.s.b.d.a.LocalDevToolsAutoConfiguration$RestartingClassPathChangeChangedEventListener - Restarting due to 1 class path change (0 additions, 0 deletions, 1 modification) 
2024-09-14T15:23:47.451 [Thread-58] INFO o.a.c.h.Http11NioProtocol - Stopping ProtocolHandler ["http-nio-8080"] 
2024-09-14T15:23:47.841 [restartedMain] INFO c.f.RepoYuzApplication - Starting RepoYuzApplication using Java 17.0.11 with PID 30780 (C:\factory\ws_sts4_4240\repo_yuz\repo_yuz\bin\main started by mizay in C:\factory\ws_sts4_4240\repo_yuz\repo_yuz) 
2024-09-14T15:23:47.842 [restartedMain] INFO c.f.RepoYuzApplication - No active profile set, falling back to 1 default profile: "default" 
2024-09-14T15:23:47.935 [restartedMain] WARN o.m.s.m.ClassPathMapperScanner - No MyBatis mapper was found in '[com.fruits.*]' package. Please check your configuration. 
2024-09-14T15:23:47.960 [restartedMain] INFO o.s.b.w.e.t.TomcatWebServer - Tomcat initialized with port 8080 (http) 
2024-09-14T15:23:47.960 [restartedMain] INFO o.a.c.h.Http11NioProtocol - Initializing ProtocolHandler ["http-nio-8080"] 
2024-09-14T15:23:47.960 [restartedMain] INFO o.a.c.c.StandardService - Starting service [Tomcat] 
2024-09-14T15:23:47.960 [restartedMain] INFO o.a.c.c.StandardEngine - Starting Servlet engine: [Apache Tomcat/10.1.28] 
2024-09-14T15:23:47.971 [restartedMain] INFO o.a.c.c.C.[.[.[/] - Initializing Spring embedded WebApplicationContext 
2024-09-14T15:23:47.971 [restartedMain] INFO o.s.b.w.s.c.ServletWebServerApplicationContext - Root WebApplicationContext: initialization completed in 128 ms 
2024-09-14T15:23:47.981 [restartedMain] WARN o.m.s.SqlSessionFactoryBean - Property 'mapperLocations' was specified but matching resources are not found. 
2024-09-14T15:23:48.021 [restartedMain] INFO o.s.b.d.a.OptionalLiveReloadServer - LiveReload server is running on port 35729 
2024-09-14T15:23:48.025 [restartedMain] INFO o.a.c.h.Http11NioProtocol - Starting ProtocolHandler ["http-nio-8080"] 
2024-09-14T15:23:48.029 [restartedMain] INFO o.s.b.w.e.t.TomcatWebServer - Tomcat started on port 8080 (http) with context path '/' 
2024-09-14T15:23:48.032 [restartedMain] INFO c.f.RepoYuzApplication - Started RepoYuzApplication in 0.207 seconds (process running for 2829.871) 
2024-09-14T15:23:48.033 [restartedMain] INFO o.s.b.d.a.ConditionEvaluationDeltaLoggingListener - Condition evaluation unchanged 
2024-09-14T15:24:06.765 [RMI TCP Connection(90)-127.0.0.1] INFO o.s.b.a.SpringApplicationAdminMXBeanRegistrar$SpringApplicationAdmin - Application shutdown requested. 
2024-09-14T15:24:06.766 [RMI TCP Connection(90)-127.0.0.1] INFO o.a.c.h.Http11NioProtocol - Stopping ProtocolHandler ["http-nio-8080"] 
2024-09-14T15:24:08.557 [restartedMain] INFO c.f.RepoYuzApplication - Starting RepoYuzApplication using Java 17.0.11 with PID 27148 (C:\factory\ws_sts4_4240\repo_yuz\repo_yuz\bin\main started by mizay in C:\factory\ws_sts4_4240\repo_yuz\repo_yuz) 
2024-09-14T15:24:08.559 [restartedMain] INFO c.f.RepoYuzApplication - No active profile set, falling back to 1 default profile: "default" 
2024-09-14T15:24:08.601 [restartedMain] INFO o.s.b.d.e.DevToolsPropertyDefaultsPostProcessor - Devtools property defaults active! Set 'spring.devtools.add-properties' to 'false' to disable 
2024-09-14T15:24:08.601 [restartedMain] INFO o.s.b.d.e.DevToolsPropertyDefaultsPostProcessor - For additional web related logging consider setting the 'logging.level.web' property to 'DEBUG' 
2024-09-14T15:24:09.024 [restartedMain] WARN o.m.s.m.ClassPathMapperScanner - No MyBatis mapper was found in '[com.fruits.*]' package. Please check your configuration. 
2024-09-14T15:24:09.258 [restartedMain] INFO o.s.b.w.e.t.TomcatWebServer - Tomcat initialized with port 8080 (http) 
2024-09-14T15:24:09.266 [restartedMain] INFO o.a.c.h.Http11NioProtocol - Initializing ProtocolHandler ["http-nio-8080"] 
2024-09-14T15:24:09.268 [restartedMain] INFO o.a.c.c.StandardService - Starting service [Tomcat] 
2024-09-14T15:24:09.269 [restartedMain] INFO o.a.c.c.StandardEngine - Starting Servlet engine: [Apache Tomcat/10.1.28] 
2024-09-14T15:24:09.305 [restartedMain] INFO o.a.c.c.C.[.[.[/] - Initializing Spring embedded WebApplicationContext 
2024-09-14T15:24:09.305 [restartedMain] INFO o.s.b.w.s.c.ServletWebServerApplicationContext - Root WebApplicationContext: initialization completed in 703 ms 
2024-09-14T15:24:09.376 [restartedMain] WARN o.m.s.SqlSessionFactoryBean - Property 'mapperLocations' was specified but matching resources are not found. 
2024-09-14T15:24:09.715 [restartedMain] INFO o.s.b.d.a.OptionalLiveReloadServer - LiveReload server is running on port 35729 
2024-09-14T15:24:09.730 [restartedMain] INFO o.a.c.h.Http11NioProtocol - Starting ProtocolHandler ["http-nio-8080"] 
2024-09-14T15:24:09.744 [restartedMain] INFO o.s.b.w.e.t.TomcatWebServer - Tomcat started on port 8080 (http) with context path '/' 
2024-09-14T15:24:09.751 [restartedMain] INFO c.f.RepoYuzApplication - Started RepoYuzApplication in 1.426 seconds (process running for 1.948) 
2024-09-14T15:24:19.441 [http-nio-8080-exec-1] INFO o.a.c.c.C.[.[.[/] - Initializing Spring DispatcherServlet 'dispatcherServlet' 
2024-09-14T15:24:19.441 [http-nio-8080-exec-1] INFO o.s.w.s.DispatcherServlet - Initializing Servlet 'dispatcherServlet' 
2024-09-14T15:24:19.442 [http-nio-8080-exec-1] INFO o.s.w.s.DispatcherServlet - Completed initialization in 1 ms 
2024-09-14T15:25:19.145 [File Watcher] INFO o.s.b.d.a.LocalDevToolsAutoConfiguration$RestartingClassPathChangeChangedEventListener - Restarting due to 1 class path change (1 addition, 0 deletions, 0 modifications) 
2024-09-14T15:25:19.149 [Thread-5] INFO o.a.c.h.Http11NioProtocol - Stopping ProtocolHandler ["http-nio-8080"] 
2024-09-14T15:25:19.512 [restartedMain] INFO c.f.RepoYuzApplication - Starting RepoYuzApplication using Java 17.0.11 with PID 27148 (C:\factory\ws_sts4_4240\repo_yuz\repo_yuz\bin\main started by mizay in C:\factory\ws_sts4_4240\repo_yuz\repo_yuz) 
2024-09-14T15:25:19.512 [restartedMain] INFO c.f.RepoYuzApplication - No active profile set, falling back to 1 default profile: "default" 
2024-09-14T15:25:19.627 [restartedMain] WARN o.m.s.m.ClassPathMapperScanner - No MyBatis mapper was found in '[com.fruits.*]' package. Please check your configuration. 
2024-09-14T15:25:19.664 [restartedMain] INFO o.s.b.w.e.t.TomcatWebServer - Tomcat initialized with port 8080 (http) 
2024-09-14T15:25:19.664 [restartedMain] INFO o.a.c.h.Http11NioProtocol - Initializing ProtocolHandler ["http-nio-8080"] 
2024-09-14T15:25:19.665 [restartedMain] INFO o.a.c.c.StandardService - Starting service [Tomcat] 
2024-09-14T15:25:19.665 [restartedMain] INFO o.a.c.c.StandardEngine - Starting Servlet engine: [Apache Tomcat/10.1.28] 
2024-09-14T15:25:19.678 [restartedMain] INFO o.a.c.c.C.[.[.[/] - Initializing Spring embedded WebApplicationContext 
2024-09-14T15:25:19.678 [restartedMain] INFO o.s.b.w.s.c.ServletWebServerApplicationContext - Root WebApplicationContext: initialization completed in 164 ms 
2024-09-14T15:25:19.688 [restartedMain] WARN o.m.s.SqlSessionFactoryBean - Property 'mapperLocations' was specified but matching resources are not found. 
2024-09-14T15:25:19.747 [restartedMain] INFO o.s.b.d.a.OptionalLiveReloadServer - LiveReload server is running on port 35729 
2024-09-14T15:25:19.751 [restartedMain] INFO o.a.c.h.Http11NioProtocol - Starting ProtocolHandler ["http-nio-8080"] 
2024-09-14T15:25:19.753 [restartedMain] INFO o.s.b.w.e.t.TomcatWebServer - Tomcat started on port 8080 (http) with context path '/' 
2024-09-14T15:25:19.756 [restartedMain] INFO c.f.RepoYuzApplication - Started RepoYuzApplication in 0.267 seconds (process running for 71.953) 
2024-09-14T15:25:19.759 [restartedMain] INFO o.s.b.d.a.ConditionEvaluationDeltaLoggingListener - Condition evaluation unchanged 
2024-09-14T15:25:57.855 [File Watcher] INFO o.s.b.d.a.LocalDevToolsAutoConfiguration$RestartingClassPathChangeChangedEventListener - Restarting due to 1 class path change (0 additions, 0 deletions, 1 modification) 
2024-09-14T15:25:57.856 [Thread-7] INFO o.a.c.h.Http11NioProtocol - Stopping ProtocolHandler ["http-nio-8080"] 
2024-09-14T15:25:58.252 [restartedMain] INFO c.f.RepoYuzApplication - Starting RepoYuzApplication using Java 17.0.11 with PID 27148 (C:\factory\ws_sts4_4240\repo_yuz\repo_yuz\bin\main started by mizay in C:\factory\ws_sts4_4240\repo_yuz\repo_yuz) 
2024-09-14T15:25:58.253 [restartedMain] INFO c.f.RepoYuzApplication - No active profile set, falling back to 1 default profile: "default" 
2024-09-14T15:25:58.384 [restartedMain] WARN o.m.s.m.ClassPathMapperScanner - No MyBatis mapper was found in '[com.fruits.*]' package. Please check your configuration. 
2024-09-14T15:25:58.413 [restartedMain] INFO o.s.b.w.e.t.TomcatWebServer - Tomcat initialized with port 8080 (http) 
2024-09-14T15:25:58.414 [restartedMain] INFO o.a.c.h.Http11NioProtocol - Initializing ProtocolHandler ["http-nio-8080"] 
2024-09-14T15:25:58.414 [restartedMain] INFO o.a.c.c.StandardService - Starting service [Tomcat] 
2024-09-14T15:25:58.414 [restartedMain] INFO o.a.c.c.StandardEngine - Starting Servlet engine: [Apache Tomcat/10.1.28] 
2024-09-14T15:25:58.429 [restartedMain] INFO o.a.c.c.C.[.[.[/] - Initializing Spring embedded WebApplicationContext 
2024-09-14T15:25:58.429 [restartedMain] INFO o.s.b.w.s.c.ServletWebServerApplicationContext - Root WebApplicationContext: initialization completed in 175 ms 
2024-09-14T15:25:58.451 [restartedMain] WARN o.m.s.SqlSessionFactoryBean - Property 'mapperLocations' was specified but matching resources are not found. 
2024-09-14T15:25:58.508 [restartedMain] INFO o.s.b.d.a.OptionalLiveReloadServer - LiveReload server is running on port 35729 
2024-09-14T15:25:58.514 [restartedMain] INFO o.a.c.h.Http11NioProtocol - Starting ProtocolHandler ["http-nio-8080"] 
2024-09-14T15:25:58.518 [restartedMain] INFO o.s.b.w.e.t.TomcatWebServer - Tomcat started on port 8080 (http) with context path '/' 
2024-09-14T15:25:58.521 [restartedMain] INFO c.f.RepoYuzApplication - Started RepoYuzApplication in 0.295 seconds (process running for 110.718) 
2024-09-14T15:25:58.524 [restartedMain] INFO o.s.b.d.a.ConditionEvaluationDeltaLoggingListener - Condition evaluation unchanged 
2024-09-14T15:26:50.780 [File Watcher] INFO o.s.b.d.a.LocalDevToolsAutoConfiguration$RestartingClassPathChangeChangedEventListener - Restarting due to 1 class path change (0 additions, 0 deletions, 1 modification) 
2024-09-14T15:26:50.781 [Thread-11] INFO o.a.c.h.Http11NioProtocol - Stopping ProtocolHandler ["http-nio-8080"] 
2024-09-14T15:26:51.128 [restartedMain] INFO c.f.RepoYuzApplication - Starting RepoYuzApplication using Java 17.0.11 with PID 27148 (C:\factory\ws_sts4_4240\repo_yuz\repo_yuz\bin\main started by mizay in C:\factory\ws_sts4_4240\repo_yuz\repo_yuz) 
2024-09-14T15:26:51.128 [restartedMain] INFO c.f.RepoYuzApplication - No active profile set, falling back to 1 default profile: "default" 
2024-09-14T15:26:51.222 [restartedMain] WARN o.m.s.m.ClassPathMapperScanner - No MyBatis mapper was found in '[com.fruits.*]' package. Please check your configuration. 
2024-09-14T15:26:51.249 [restartedMain] INFO o.s.b.w.e.t.TomcatWebServer - Tomcat initialized with port 8080 (http) 
2024-09-14T15:26:51.250 [restartedMain] INFO o.a.c.h.Http11NioProtocol - Initializing ProtocolHandler ["http-nio-8080"] 
2024-09-14T15:26:51.250 [restartedMain] INFO o.a.c.c.StandardService - Starting service [Tomcat] 
2024-09-14T15:26:51.250 [restartedMain] INFO o.a.c.c.StandardEngine - Starting Servlet engine: [Apache Tomcat/10.1.28] 
2024-09-14T15:26:51.261 [restartedMain] INFO o.a.c.c.C.[.[.[/] - Initializing Spring embedded WebApplicationContext 
2024-09-14T15:26:51.261 [restartedMain] INFO o.s.b.w.s.c.ServletWebServerApplicationContext - Root WebApplicationContext: initialization completed in 131 ms 
2024-09-14T15:26:51.272 [restartedMain] WARN o.m.s.SqlSessionFactoryBean - Property 'mapperLocations' was specified but matching resources are not found. 
2024-09-14T15:26:51.322 [restartedMain] INFO o.s.b.d.a.OptionalLiveReloadServer - LiveReload server is running on port 35729 
2024-09-14T15:26:51.327 [restartedMain] INFO o.a.c.h.Http11NioProtocol - Starting ProtocolHandler ["http-nio-8080"] 
2024-09-14T15:26:51.329 [restartedMain] INFO o.s.b.w.e.t.TomcatWebServer - Tomcat started on port 8080 (http) with context path '/' 
2024-09-14T15:26:51.333 [restartedMain] INFO c.f.RepoYuzApplication - Started RepoYuzApplication in 0.222 seconds (process running for 163.529) 
2024-09-14T15:26:51.335 [restartedMain] INFO o.s.b.d.a.ConditionEvaluationDeltaLoggingListener - Condition evaluation unchanged 
2024-09-14T15:27:08.709 [File Watcher] INFO o.s.b.d.a.LocalDevToolsAutoConfiguration$RestartingClassPathChangeChangedEventListener - Restarting due to 1 class path change (0 additions, 0 deletions, 1 modification) 
2024-09-14T15:27:08.710 [Thread-15] INFO o.a.c.h.Http11NioProtocol - Stopping ProtocolHandler ["http-nio-8080"] 
2024-09-14T15:27:09.093 [restartedMain] INFO c.f.RepoYuzApplication - Starting RepoYuzApplication using Java 17.0.11 with PID 27148 (C:\factory\ws_sts4_4240\repo_yuz\repo_yuz\bin\main started by mizay in C:\factory\ws_sts4_4240\repo_yuz\repo_yuz) 
2024-09-14T15:27:09.094 [restartedMain] INFO c.f.RepoYuzApplication - No active profile set, falling back to 1 default profile: "default" 
2024-09-14T15:27:09.199 [restartedMain] WARN o.m.s.m.ClassPathMapperScanner - No MyBatis mapper was found in '[com.fruits.*]' package. Please check your configuration. 
2024-09-14T15:27:09.226 [restartedMain] INFO o.s.b.w.e.t.TomcatWebServer - Tomcat initialized with port 8080 (http) 
2024-09-14T15:27:09.226 [restartedMain] INFO o.a.c.h.Http11NioProtocol - Initializing ProtocolHandler ["http-nio-8080"] 
2024-09-14T15:27:09.226 [restartedMain] INFO o.a.c.c.StandardService - Starting service [Tomcat] 
2024-09-14T15:27:09.226 [restartedMain] INFO o.a.c.c.StandardEngine - Starting Servlet engine: [Apache Tomcat/10.1.28] 
2024-09-14T15:27:09.241 [restartedMain] INFO o.a.c.c.C.[.[.[/] - Initializing Spring embedded WebApplicationContext 
2024-09-14T15:27:09.242 [restartedMain] INFO o.s.b.w.s.c.ServletWebServerApplicationContext - Root WebApplicationContext: initialization completed in 146 ms 
2024-09-14T15:27:09.255 [restartedMain] WARN o.m.s.SqlSessionFactoryBean - Property 'mapperLocations' was specified but matching resources are not found. 
2024-09-14T15:27:09.299 [restartedMain] INFO o.s.b.d.a.OptionalLiveReloadServer - LiveReload server is running on port 35729 
2024-09-14T15:27:09.302 [restartedMain] INFO o.a.c.h.Http11NioProtocol - Starting ProtocolHandler ["http-nio-8080"] 
2024-09-14T15:27:09.305 [restartedMain] INFO o.s.b.w.e.t.TomcatWebServer - Tomcat started on port 8080 (http) with context path '/' 
2024-09-14T15:27:09.309 [restartedMain] INFO c.f.RepoYuzApplication - Started RepoYuzApplication in 0.234 seconds (process running for 181.505) 
2024-09-14T15:27:09.310 [restartedMain] INFO o.s.b.d.a.ConditionEvaluationDeltaLoggingListener - Condition evaluation unchanged 
2024-09-14T15:27:25.815 [RMI TCP Connection(16)-127.0.0.1] INFO o.s.b.a.SpringApplicationAdminMXBeanRegistrar$SpringApplicationAdmin - Application shutdown requested. 
2024-09-14T15:27:25.816 [RMI TCP Connection(16)-127.0.0.1] INFO o.a.c.h.Http11NioProtocol - Stopping ProtocolHandler ["http-nio-8080"] 
2024-09-14T15:27:27.509 [restartedMain] INFO c.f.RepoYuzApplication - Starting RepoYuzApplication using Java 17.0.11 with PID 22976 (C:\factory\ws_sts4_4240\repo_yuz\repo_yuz\bin\main started by mizay in C:\factory\ws_sts4_4240\repo_yuz\repo_yuz) 
2024-09-14T15:27:27.511 [restartedMain] INFO c.f.RepoYuzApplication - No active profile set, falling back to 1 default profile: "default" 
2024-09-14T15:27:27.539 [restartedMain] INFO o.s.b.d.e.DevToolsPropertyDefaultsPostProcessor - Devtools property defaults active! Set 'spring.devtools.add-properties' to 'false' to disable 
2024-09-14T15:27:27.539 [restartedMain] INFO o.s.b.d.e.DevToolsPropertyDefaultsPostProcessor - For additional web related logging consider setting the 'logging.level.web' property to 'DEBUG' 
2024-09-14T15:27:27.916 [restartedMain] WARN o.m.s.m.ClassPathMapperScanner - No MyBatis mapper was found in '[com.fruits.*]' package. Please check your configuration. 
2024-09-14T15:27:28.141 [restartedMain] INFO o.s.b.w.e.t.TomcatWebServer - Tomcat initialized with port 8080 (http) 
2024-09-14T15:27:28.148 [restartedMain] INFO o.a.c.h.Http11NioProtocol - Initializing ProtocolHandler ["http-nio-8080"] 
2024-09-14T15:27:28.150 [restartedMain] INFO o.a.c.c.StandardService - Starting service [Tomcat] 
2024-09-14T15:27:28.151 [restartedMain] INFO o.a.c.c.StandardEngine - Starting Servlet engine: [Apache Tomcat/10.1.28] 
2024-09-14T15:27:28.185 [restartedMain] INFO o.a.c.c.C.[.[.[/] - Initializing Spring embedded WebApplicationContext 
2024-09-14T15:27:28.185 [restartedMain] INFO o.s.b.w.s.c.ServletWebServerApplicationContext - Root WebApplicationContext: initialization completed in 646 ms 
2024-09-14T15:27:28.263 [restartedMain] WARN o.m.s.SqlSessionFactoryBean - Property 'mapperLocations' was specified but matching resources are not found. 
2024-09-14T15:27:28.583 [restartedMain] INFO o.s.b.d.a.OptionalLiveReloadServer - LiveReload server is running on port 35729 
2024-09-14T15:27:28.593 [restartedMain] INFO o.a.c.h.Http11NioProtocol - Starting ProtocolHandler ["http-nio-8080"] 
2024-09-14T15:27:28.608 [restartedMain] INFO o.s.b.w.e.t.TomcatWebServer - Tomcat started on port 8080 (http) with context path '/' 
2024-09-14T15:27:28.614 [restartedMain] INFO c.f.RepoYuzApplication - Started RepoYuzApplication in 1.303 seconds (process running for 1.846) 
2024-09-14T15:28:00.648 [File Watcher] INFO o.s.b.d.a.LocalDevToolsAutoConfiguration$RestartingClassPathChangeChangedEventListener - Restarting due to 1 class path change (0 additions, 0 deletions, 1 modification) 
2024-09-14T15:28:00.651 [Thread-5] INFO o.a.c.h.Http11NioProtocol - Stopping ProtocolHandler ["http-nio-8080"] 
2024-09-14T15:28:01.081 [restartedMain] INFO c.f.RepoYuzApplication - Starting RepoYuzApplication using Java 17.0.11 with PID 22976 (C:\factory\ws_sts4_4240\repo_yuz\repo_yuz\bin\main started by mizay in C:\factory\ws_sts4_4240\repo_yuz\repo_yuz) 
2024-09-14T15:28:01.081 [restartedMain] INFO c.f.RepoYuzApplication - No active profile set, falling back to 1 default profile: "default" 
2024-09-14T15:28:01.214 [restartedMain] WARN o.m.s.m.ClassPathMapperScanner - No MyBatis mapper was found in '[com.fruits.*]' package. Please check your configuration. 
2024-09-14T15:28:01.242 [restartedMain] INFO o.s.b.w.e.t.TomcatWebServer - Tomcat initialized with port 8080 (http) 
2024-09-14T15:28:01.243 [restartedMain] INFO o.a.c.h.Http11NioProtocol - Initializing ProtocolHandler ["http-nio-8080"] 
2024-09-14T15:28:01.243 [restartedMain] INFO o.a.c.c.StandardService - Starting service [Tomcat] 
2024-09-14T15:28:01.243 [restartedMain] INFO o.a.c.c.StandardEngine - Starting Servlet engine: [Apache Tomcat/10.1.28] 
2024-09-14T15:28:01.260 [restartedMain] INFO o.a.c.c.C.[.[.[/] - Initializing Spring embedded WebApplicationContext 
2024-09-14T15:28:01.260 [restartedMain] INFO o.s.b.w.s.c.ServletWebServerApplicationContext - Root WebApplicationContext: initialization completed in 177 ms 
2024-09-14T15:28:01.273 [restartedMain] WARN o.m.s.SqlSessionFactoryBean - Property 'mapperLocations' was specified but matching resources are not found. 
2024-09-14T15:28:01.327 [restartedMain] INFO o.s.b.d.a.OptionalLiveReloadServer - LiveReload server is running on port 35729 
2024-09-14T15:28:01.332 [restartedMain] INFO o.a.c.h.Http11NioProtocol - Starting ProtocolHandler ["http-nio-8080"] 
2024-09-14T15:28:01.335 [restartedMain] INFO o.s.b.w.e.t.TomcatWebServer - Tomcat started on port 8080 (http) with context path '/' 
2024-09-14T15:28:01.338 [restartedMain] INFO c.f.RepoYuzApplication - Started RepoYuzApplication in 0.282 seconds (process running for 34.569) 
2024-09-14T15:28:01.339 [restartedMain] INFO o.s.b.d.a.ConditionEvaluationDeltaLoggingListener - Condition evaluation unchanged 
2024-09-14T15:28:24.388 [File Watcher] INFO o.s.b.d.a.LocalDevToolsAutoConfiguration$RestartingClassPathChangeChangedEventListener - Restarting due to 1 class path change (0 additions, 0 deletions, 1 modification) 
2024-09-14T15:28:24.389 [Thread-7] INFO o.a.c.h.Http11NioProtocol - Stopping ProtocolHandler ["http-nio-8080"] 
2024-09-14T15:28:24.791 [restartedMain] INFO c.f.RepoYuzApplication - Starting RepoYuzApplication using Java 17.0.11 with PID 22976 (C:\factory\ws_sts4_4240\repo_yuz\repo_yuz\bin\main started by mizay in C:\factory\ws_sts4_4240\repo_yuz\repo_yuz) 
2024-09-14T15:28:24.791 [restartedMain] INFO c.f.RepoYuzApplication - No active profile set, falling back to 1 default profile: "default" 
2024-09-14T15:28:24.918 [restartedMain] WARN o.m.s.m.ClassPathMapperScanner - No MyBatis mapper was found in '[com.fruits.*]' package. Please check your configuration. 
2024-09-14T15:28:24.947 [restartedMain] INFO o.s.b.w.e.t.TomcatWebServer - Tomcat initialized with port 8080 (http) 
2024-09-14T15:28:24.948 [restartedMain] INFO o.a.c.h.Http11NioProtocol - Initializing ProtocolHandler ["http-nio-8080"] 
2024-09-14T15:28:24.948 [restartedMain] INFO o.a.c.c.StandardService - Starting service [Tomcat] 
2024-09-14T15:28:24.948 [restartedMain] INFO o.a.c.c.StandardEngine - Starting Servlet engine: [Apache Tomcat/10.1.28] 
2024-09-14T15:28:24.962 [restartedMain] INFO o.a.c.c.C.[.[.[/] - Initializing Spring embedded WebApplicationContext 
2024-09-14T15:28:24.962 [restartedMain] INFO o.s.b.w.s.c.ServletWebServerApplicationContext - Root WebApplicationContext: initialization completed in 170 ms 
2024-09-14T15:28:24.977 [restartedMain] WARN o.m.s.SqlSessionFactoryBean - Property 'mapperLocations' was specified but matching resources are not found. 
2024-09-14T15:28:25.038 [restartedMain] INFO o.s.b.d.a.OptionalLiveReloadServer - LiveReload server is running on port 35729 
2024-09-14T15:28:25.041 [restartedMain] INFO o.a.c.h.Http11NioProtocol - Starting ProtocolHandler ["http-nio-8080"] 
2024-09-14T15:28:25.044 [restartedMain] INFO o.s.b.w.e.t.TomcatWebServer - Tomcat started on port 8080 (http) with context path '/' 
2024-09-14T15:28:25.046 [restartedMain] INFO c.f.RepoYuzApplication - Started RepoYuzApplication in 0.278 seconds (process running for 58.279) 
2024-09-14T15:28:25.049 [restartedMain] INFO o.s.b.d.a.ConditionEvaluationDeltaLoggingListener - Condition evaluation unchanged 
2024-09-14T15:29:05.040 [File Watcher] INFO o.s.b.d.a.LocalDevToolsAutoConfiguration$RestartingClassPathChangeChangedEventListener - Restarting due to 1 class path change (0 additions, 0 deletions, 1 modification) 
2024-09-14T15:29:05.042 [Thread-11] INFO o.a.c.h.Http11NioProtocol - Stopping ProtocolHandler ["http-nio-8080"] 
2024-09-14T15:29:05.381 [restartedMain] INFO c.f.RepoYuzApplication - Starting RepoYuzApplication using Java 17.0.11 with PID 22976 (C:\factory\ws_sts4_4240\repo_yuz\repo_yuz\bin\main started by mizay in C:\factory\ws_sts4_4240\repo_yuz\repo_yuz) 
2024-09-14T15:29:05.382 [restartedMain] INFO c.f.RepoYuzApplication - No active profile set, falling back to 1 default profile: "default" 
2024-09-14T15:29:05.475 [restartedMain] WARN o.m.s.m.ClassPathMapperScanner - No MyBatis mapper was found in '[com.fruits.*]' package. Please check your configuration. 
2024-09-14T15:29:05.497 [restartedMain] INFO o.s.b.w.e.t.TomcatWebServer - Tomcat initialized with port 8080 (http) 
2024-09-14T15:29:05.498 [restartedMain] INFO o.a.c.h.Http11NioProtocol - Initializing ProtocolHandler ["http-nio-8080"] 
2024-09-14T15:29:05.498 [restartedMain] INFO o.a.c.c.StandardService - Starting service [Tomcat] 
2024-09-14T15:29:05.498 [restartedMain] INFO o.a.c.c.StandardEngine - Starting Servlet engine: [Apache Tomcat/10.1.28] 
2024-09-14T15:29:05.510 [restartedMain] INFO o.a.c.c.C.[.[.[/] - Initializing Spring embedded WebApplicationContext 
2024-09-14T15:29:05.510 [restartedMain] INFO o.s.b.w.s.c.ServletWebServerApplicationContext - Root WebApplicationContext: initialization completed in 127 ms 
2024-09-14T15:29:05.522 [restartedMain] WARN o.m.s.SqlSessionFactoryBean - Property 'mapperLocations' was specified but matching resources are not found. 
2024-09-14T15:29:05.568 [restartedMain] INFO o.s.b.d.a.OptionalLiveReloadServer - LiveReload server is running on port 35729 
2024-09-14T15:29:05.572 [restartedMain] INFO o.a.c.h.Http11NioProtocol - Starting ProtocolHandler ["http-nio-8080"] 
2024-09-14T15:29:05.578 [restartedMain] INFO o.s.b.w.e.t.TomcatWebServer - Tomcat started on port 8080 (http) with context path '/' 
2024-09-14T15:29:05.582 [restartedMain] INFO c.f.RepoYuzApplication - Started RepoYuzApplication in 0.218 seconds (process running for 98.814) 
2024-09-14T15:29:05.584 [restartedMain] INFO o.s.b.d.a.ConditionEvaluationDeltaLoggingListener - Condition evaluation unchanged 
2024-09-14T15:29:18.466 [RMI TCP Connection(17)-127.0.0.1] INFO o.s.b.a.SpringApplicationAdminMXBeanRegistrar$SpringApplicationAdmin - Application shutdown requested. 
2024-09-14T15:29:18.467 [RMI TCP Connection(17)-127.0.0.1] INFO o.a.c.h.Http11NioProtocol - Stopping ProtocolHandler ["http-nio-8080"] 
2024-09-14T15:29:20.099 [restartedMain] INFO c.f.RepoYuzApplication - Starting RepoYuzApplication using Java 17.0.11 with PID 21500 (C:\factory\ws_sts4_4240\repo_yuz\repo_yuz\bin\main started by mizay in C:\factory\ws_sts4_4240\repo_yuz\repo_yuz) 
2024-09-14T15:29:20.102 [restartedMain] INFO c.f.RepoYuzApplication - No active profile set, falling back to 1 default profile: "default" 
2024-09-14T15:29:20.131 [restartedMain] INFO o.s.b.d.e.DevToolsPropertyDefaultsPostProcessor - Devtools property defaults active! Set 'spring.devtools.add-properties' to 'false' to disable 
2024-09-14T15:29:20.131 [restartedMain] INFO o.s.b.d.e.DevToolsPropertyDefaultsPostProcessor - For additional web related logging consider setting the 'logging.level.web' property to 'DEBUG' 
2024-09-14T15:29:20.544 [restartedMain] WARN o.m.s.m.ClassPathMapperScanner - No MyBatis mapper was found in '[com.fruits.*]' package. Please check your configuration. 
2024-09-14T15:29:20.787 [restartedMain] INFO o.s.b.w.e.t.TomcatWebServer - Tomcat initialized with port 8080 (http) 
2024-09-14T15:29:20.794 [restartedMain] INFO o.a.c.h.Http11NioProtocol - Initializing ProtocolHandler ["http-nio-8080"] 
2024-09-14T15:29:20.796 [restartedMain] INFO o.a.c.c.StandardService - Starting service [Tomcat] 
2024-09-14T15:29:20.796 [restartedMain] INFO o.a.c.c.StandardEngine - Starting Servlet engine: [Apache Tomcat/10.1.28] 
2024-09-14T15:29:20.828 [restartedMain] INFO o.a.c.c.C.[.[.[/] - Initializing Spring embedded WebApplicationContext 
2024-09-14T15:29:20.830 [restartedMain] INFO o.s.b.w.s.c.ServletWebServerApplicationContext - Root WebApplicationContext: initialization completed in 699 ms 
2024-09-14T15:29:20.913 [restartedMain] WARN o.m.s.SqlSessionFactoryBean - Property 'mapperLocations' was specified but matching resources are not found. 
2024-09-14T15:29:21.266 [restartedMain] INFO o.s.b.d.a.OptionalLiveReloadServer - LiveReload server is running on port 35729 
2024-09-14T15:29:21.276 [restartedMain] INFO o.a.c.h.Http11NioProtocol - Starting ProtocolHandler ["http-nio-8080"] 
2024-09-14T15:29:21.289 [restartedMain] INFO o.s.b.w.e.t.TomcatWebServer - Tomcat started on port 8080 (http) with context path '/' 
2024-09-14T15:29:21.295 [restartedMain] INFO c.f.RepoYuzApplication - Started RepoYuzApplication in 1.39 seconds (process running for 1.898) 
2024-09-14T15:31:15.433 [File Watcher] INFO o.s.b.d.a.LocalDevToolsAutoConfiguration$RestartingClassPathChangeChangedEventListener - Restarting due to 1 class path change (0 additions, 0 deletions, 1 modification) 
2024-09-14T15:31:15.436 [Thread-5] INFO o.a.c.h.Http11NioProtocol - Stopping ProtocolHandler ["http-nio-8080"] 
2024-09-14T15:31:15.813 [restartedMain] INFO c.f.RepoYuzApplication - Starting RepoYuzApplication using Java 17.0.11 with PID 21500 (C:\factory\ws_sts4_4240\repo_yuz\repo_yuz\bin\main started by mizay in C:\factory\ws_sts4_4240\repo_yuz\repo_yuz) 
2024-09-14T15:31:15.813 [restartedMain] INFO c.f.RepoYuzApplication - No active profile set, falling back to 1 default profile: "default" 
2024-09-14T15:31:15.921 [restartedMain] WARN o.m.s.m.ClassPathMapperScanner - No MyBatis mapper was found in '[com.fruits.*]' package. Please check your configuration. 
2024-09-14T15:31:15.948 [restartedMain] INFO o.s.b.w.e.t.TomcatWebServer - Tomcat initialized with port 8080 (http) 
2024-09-14T15:31:15.949 [restartedMain] INFO o.a.c.h.Http11NioProtocol - Initializing ProtocolHandler ["http-nio-8080"] 
2024-09-14T15:31:15.949 [restartedMain] INFO o.a.c.c.StandardService - Starting service [Tomcat] 
2024-09-14T15:31:15.949 [restartedMain] INFO o.a.c.c.StandardEngine - Starting Servlet engine: [Apache Tomcat/10.1.28] 
2024-09-14T15:31:15.962 [restartedMain] INFO o.a.c.c.C.[.[.[/] - Initializing Spring embedded WebApplicationContext 
2024-09-14T15:31:15.963 [restartedMain] INFO o.s.b.w.s.c.ServletWebServerApplicationContext - Root WebApplicationContext: initialization completed in 147 ms 
2024-09-14T15:31:15.976 [restartedMain] WARN o.m.s.SqlSessionFactoryBean - Property 'mapperLocations' was specified but matching resources are not found. 
2024-09-14T15:31:16.025 [restartedMain] INFO o.s.b.d.a.OptionalLiveReloadServer - LiveReload server is running on port 35729 
2024-09-14T15:31:16.030 [restartedMain] INFO o.a.c.h.Http11NioProtocol - Starting ProtocolHandler ["http-nio-8080"] 
2024-09-14T15:31:16.033 [restartedMain] INFO o.s.b.w.e.t.TomcatWebServer - Tomcat started on port 8080 (http) with context path '/' 
2024-09-14T15:31:16.036 [restartedMain] INFO c.f.RepoYuzApplication - Started RepoYuzApplication in 0.246 seconds (process running for 116.639) 
2024-09-14T15:31:16.039 [restartedMain] INFO o.s.b.d.a.ConditionEvaluationDeltaLoggingListener - Condition evaluation unchanged 
2024-09-14T15:31:32.291 [File Watcher] INFO o.s.b.d.a.LocalDevToolsAutoConfiguration$RestartingClassPathChangeChangedEventListener - Restarting due to 1 class path change (0 additions, 0 deletions, 1 modification) 
2024-09-14T15:31:32.293 [Thread-7] INFO o.a.c.h.Http11NioProtocol - Stopping ProtocolHandler ["http-nio-8080"] 
2024-09-14T15:31:32.630 [restartedMain] INFO c.f.RepoYuzApplication - Starting RepoYuzApplication using Java 17.0.11 with PID 21500 (C:\factory\ws_sts4_4240\repo_yuz\repo_yuz\bin\main started by mizay in C:\factory\ws_sts4_4240\repo_yuz\repo_yuz) 
2024-09-14T15:31:32.631 [restartedMain] INFO c.f.RepoYuzApplication - No active profile set, falling back to 1 default profile: "default" 
2024-09-14T15:31:32.725 [restartedMain] WARN o.m.s.m.ClassPathMapperScanner - No MyBatis mapper was found in '[com.fruits.*]' package. Please check your configuration. 
2024-09-14T15:31:32.751 [restartedMain] INFO o.s.b.w.e.t.TomcatWebServer - Tomcat initialized with port 8080 (http) 
2024-09-14T15:31:32.751 [restartedMain] INFO o.a.c.h.Http11NioProtocol - Initializing ProtocolHandler ["http-nio-8080"] 
2024-09-14T15:31:32.751 [restartedMain] INFO o.a.c.c.StandardService - Starting service [Tomcat] 
2024-09-14T15:31:32.751 [restartedMain] INFO o.a.c.c.StandardEngine - Starting Servlet engine: [Apache Tomcat/10.1.28] 
2024-09-14T15:31:32.763 [restartedMain] INFO o.a.c.c.C.[.[.[/] - Initializing Spring embedded WebApplicationContext 
2024-09-14T15:31:32.763 [restartedMain] INFO o.s.b.w.s.c.ServletWebServerApplicationContext - Root WebApplicationContext: initialization completed in 131 ms 
2024-09-14T15:31:32.775 [restartedMain] WARN o.m.s.SqlSessionFactoryBean - Property 'mapperLocations' was specified but matching resources are not found. 
2024-09-14T15:31:32.819 [restartedMain] INFO o.s.b.d.a.OptionalLiveReloadServer - LiveReload server is running on port 35729 
2024-09-14T15:31:32.823 [restartedMain] INFO o.a.c.h.Http11NioProtocol - Starting ProtocolHandler ["http-nio-8080"] 
2024-09-14T15:31:32.826 [restartedMain] INFO o.s.b.w.e.t.TomcatWebServer - Tomcat started on port 8080 (http) with context path '/' 
2024-09-14T15:31:32.828 [restartedMain] INFO c.f.RepoYuzApplication - Started RepoYuzApplication in 0.216 seconds (process running for 133.431) 
2024-09-14T15:31:32.830 [restartedMain] INFO o.s.b.d.a.ConditionEvaluationDeltaLoggingListener - Condition evaluation unchanged 
2024-09-14T15:31:41.903 [RMI TCP Connection(13)-127.0.0.1] INFO o.s.b.a.SpringApplicationAdminMXBeanRegistrar$SpringApplicationAdmin - Application shutdown requested. 
2024-09-14T15:31:41.904 [RMI TCP Connection(13)-127.0.0.1] INFO o.a.c.h.Http11NioProtocol - Stopping ProtocolHandler ["http-nio-8080"] 
2024-09-14T15:31:44.101 [restartedMain] INFO c.f.RepoYuzApplication - Starting RepoYuzApplication using Java 17.0.11 with PID 25380 (C:\factory\ws_sts4_4240\repo_yuz\repo_yuz\bin\main started by mizay in C:\factory\ws_sts4_4240\repo_yuz\repo_yuz) 
2024-09-14T15:31:44.102 [restartedMain] INFO c.f.RepoYuzApplication - No active profile set, falling back to 1 default profile: "default" 
2024-09-14T15:31:44.129 [restartedMain] INFO o.s.b.d.e.DevToolsPropertyDefaultsPostProcessor - Devtools property defaults active! Set 'spring.devtools.add-properties' to 'false' to disable 
2024-09-14T15:31:44.129 [restartedMain] INFO o.s.b.d.e.DevToolsPropertyDefaultsPostProcessor - For additional web related logging consider setting the 'logging.level.web' property to 'DEBUG' 
2024-09-14T15:31:44.545 [restartedMain] WARN o.m.s.m.ClassPathMapperScanner - No MyBatis mapper was found in '[com.fruits.*]' package. Please check your configuration. 
2024-09-14T15:31:44.797 [restartedMain] INFO o.s.b.w.e.t.TomcatWebServer - Tomcat initialized with port 8080 (http) 
2024-09-14T15:31:44.803 [restartedMain] INFO o.a.c.h.Http11NioProtocol - Initializing ProtocolHandler ["http-nio-8080"] 
2024-09-14T15:31:44.805 [restartedMain] INFO o.a.c.c.StandardService - Starting service [Tomcat] 
2024-09-14T15:31:44.806 [restartedMain] INFO o.a.c.c.StandardEngine - Starting Servlet engine: [Apache Tomcat/10.1.28] 
2024-09-14T15:31:44.839 [restartedMain] INFO o.a.c.c.C.[.[.[/] - Initializing Spring embedded WebApplicationContext 
2024-09-14T15:31:44.839 [restartedMain] INFO o.s.b.w.s.c.ServletWebServerApplicationContext - Root WebApplicationContext: initialization completed in 708 ms 
2024-09-14T15:31:44.916 [restartedMain] WARN o.m.s.SqlSessionFactoryBean - Property 'mapperLocations' was specified but matching resources are not found. 
2024-09-14T15:31:45.231 [restartedMain] INFO o.s.b.d.a.OptionalLiveReloadServer - LiveReload server is running on port 35729 
2024-09-14T15:31:45.242 [restartedMain] INFO o.a.c.h.Http11NioProtocol - Starting ProtocolHandler ["http-nio-8080"] 
2024-09-14T15:31:45.255 [restartedMain] INFO o.s.b.w.e.t.TomcatWebServer - Tomcat started on port 8080 (http) with context path '/' 
2024-09-14T15:31:45.261 [restartedMain] INFO c.f.RepoYuzApplication - Started RepoYuzApplication in 1.364 seconds (process running for 1.846) 
2024-09-14T15:32:50.664 [File Watcher] INFO o.s.b.d.a.LocalDevToolsAutoConfiguration$RestartingClassPathChangeChangedEventListener - Restarting due to 1 class path change (0 additions, 0 deletions, 1 modification) 
2024-09-14T15:32:50.667 [Thread-5] INFO o.a.c.h.Http11NioProtocol - Stopping ProtocolHandler ["http-nio-8080"] 
2024-09-14T15:32:51.027 [restartedMain] INFO c.f.RepoYuzApplication - Starting RepoYuzApplication using Java 17.0.11 with PID 25380 (C:\factory\ws_sts4_4240\repo_yuz\repo_yuz\bin\main started by mizay in C:\factory\ws_sts4_4240\repo_yuz\repo_yuz) 
2024-09-14T15:32:51.027 [restartedMain] INFO c.f.RepoYuzApplication - No active profile set, falling back to 1 default profile: "default" 
2024-09-14T15:32:51.153 [restartedMain] WARN o.m.s.m.ClassPathMapperScanner - No MyBatis mapper was found in '[com.fruits.*]' package. Please check your configuration. 
2024-09-14T15:32:51.186 [restartedMain] INFO o.s.b.w.e.t.TomcatWebServer - Tomcat initialized with port 8080 (http) 
2024-09-14T15:32:51.187 [restartedMain] INFO o.a.c.h.Http11NioProtocol - Initializing ProtocolHandler ["http-nio-8080"] 
2024-09-14T15:32:51.187 [restartedMain] INFO o.a.c.c.StandardService - Starting service [Tomcat] 
2024-09-14T15:32:51.187 [restartedMain] INFO o.a.c.c.StandardEngine - Starting Servlet engine: [Apache Tomcat/10.1.28] 
2024-09-14T15:32:51.201 [restartedMain] INFO o.a.c.c.C.[.[.[/] - Initializing Spring embedded WebApplicationContext 
2024-09-14T15:32:51.201 [restartedMain] INFO o.s.b.w.s.c.ServletWebServerApplicationContext - Root WebApplicationContext: initialization completed in 172 ms 
2024-09-14T15:32:51.218 [restartedMain] WARN o.m.s.SqlSessionFactoryBean - Property 'mapperLocations' was specified but matching resources are not found. 
2024-09-14T15:32:51.282 [restartedMain] INFO o.s.b.d.a.OptionalLiveReloadServer - LiveReload server is running on port 35729 
2024-09-14T15:32:51.288 [restartedMain] INFO o.a.c.h.Http11NioProtocol - Starting ProtocolHandler ["http-nio-8080"] 
2024-09-14T15:32:51.290 [restartedMain] INFO o.s.b.w.e.t.TomcatWebServer - Tomcat started on port 8080 (http) with context path '/' 
2024-09-14T15:32:51.296 [restartedMain] INFO c.f.RepoYuzApplication - Started RepoYuzApplication in 0.295 seconds (process running for 67.88) 
2024-09-14T15:32:51.299 [restartedMain] INFO o.s.b.d.a.ConditionEvaluationDeltaLoggingListener - Condition evaluation unchanged 
2024-09-14T15:33:11.250 [File Watcher] INFO o.s.b.d.a.LocalDevToolsAutoConfiguration$RestartingClassPathChangeChangedEventListener - Restarting due to 1 class path change (1 addition, 0 deletions, 0 modifications) 
2024-09-14T15:33:11.251 [Thread-7] INFO o.a.c.h.Http11NioProtocol - Stopping ProtocolHandler ["http-nio-8080"] 
2024-09-14T15:33:11.620 [restartedMain] INFO c.f.RepoYuzApplication - Starting RepoYuzApplication using Java 17.0.11 with PID 25380 (C:\factory\ws_sts4_4240\repo_yuz\repo_yuz\bin\main started by mizay in C:\factory\ws_sts4_4240\repo_yuz\repo_yuz) 
2024-09-14T15:33:11.621 [restartedMain] INFO c.f.RepoYuzApplication - No active profile set, falling back to 1 default profile: "default" 
2024-09-14T15:33:11.721 [restartedMain] WARN o.m.s.m.ClassPathMapperScanner - No MyBatis mapper was found in '[com.fruits.*]' package. Please check your configuration. 
2024-09-14T15:33:11.749 [restartedMain] INFO o.s.b.w.e.t.TomcatWebServer - Tomcat initialized with port 8080 (http) 
2024-09-14T15:33:11.749 [restartedMain] INFO o.a.c.h.Http11NioProtocol - Initializing ProtocolHandler ["http-nio-8080"] 
2024-09-14T15:33:11.750 [restartedMain] INFO o.a.c.c.StandardService - Starting service [Tomcat] 
2024-09-14T15:33:11.750 [restartedMain] INFO o.a.c.c.StandardEngine - Starting Servlet engine: [Apache Tomcat/10.1.28] 
2024-09-14T15:33:11.762 [restartedMain] INFO o.a.c.c.C.[.[.[/] - Initializing Spring embedded WebApplicationContext 
2024-09-14T15:33:11.763 [restartedMain] INFO o.s.b.w.s.c.ServletWebServerApplicationContext - Root WebApplicationContext: initialization completed in 140 ms 
2024-09-14T15:33:11.777 [restartedMain] WARN o.m.s.SqlSessionFactoryBean - Property 'mapperLocations' was specified but matching resources are not found. 
2024-09-14T15:33:11.834 [restartedMain] INFO o.s.b.d.a.OptionalLiveReloadServer - LiveReload server is running on port 35729 
2024-09-14T15:33:11.838 [restartedMain] INFO o.a.c.h.Http11NioProtocol - Starting ProtocolHandler ["http-nio-8080"] 
2024-09-14T15:33:11.841 [restartedMain] INFO o.s.b.w.e.t.TomcatWebServer - Tomcat started on port 8080 (http) with context path '/' 
2024-09-14T15:33:11.846 [restartedMain] INFO c.f.RepoYuzApplication - Started RepoYuzApplication in 0.243 seconds (process running for 88.43) 
2024-09-14T15:33:11.847 [restartedMain] INFO o.s.b.d.a.ConditionEvaluationDeltaLoggingListener - Condition evaluation unchanged 
2024-09-14T15:33:46.406 [File Watcher] INFO o.s.b.d.a.LocalDevToolsAutoConfiguration$RestartingClassPathChangeChangedEventListener - Restarting due to 1 class path change (0 additions, 0 deletions, 1 modification) 
2024-09-14T15:33:46.409 [Thread-11] INFO o.a.c.h.Http11NioProtocol - Stopping ProtocolHandler ["http-nio-8080"] 
2024-09-14T15:33:46.858 [restartedMain] INFO c.f.RepoYuzApplication - Starting RepoYuzApplication using Java 17.0.11 with PID 25380 (C:\factory\ws_sts4_4240\repo_yuz\repo_yuz\bin\main started by mizay in C:\factory\ws_sts4_4240\repo_yuz\repo_yuz) 
2024-09-14T15:33:46.858 [restartedMain] INFO c.f.RepoYuzApplication - No active profile set, falling back to 1 default profile: "default" 
2024-09-14T15:33:46.956 [restartedMain] WARN o.m.s.m.ClassPathMapperScanner - No MyBatis mapper was found in '[com.fruits.*]' package. Please check your configuration. 
2024-09-14T15:33:46.980 [restartedMain] INFO o.s.b.w.e.t.TomcatWebServer - Tomcat initialized with port 8080 (http) 
2024-09-14T15:33:46.981 [restartedMain] INFO o.a.c.h.Http11NioProtocol - Initializing ProtocolHandler ["http-nio-8080"] 
2024-09-14T15:33:46.981 [restartedMain] INFO o.a.c.c.StandardService - Starting service [Tomcat] 
2024-09-14T15:33:46.981 [restartedMain] INFO o.a.c.c.StandardEngine - Starting Servlet engine: [Apache Tomcat/10.1.28] 
2024-09-14T15:33:46.994 [restartedMain] INFO o.a.c.c.C.[.[.[/] - Initializing Spring embedded WebApplicationContext 
2024-09-14T15:33:46.996 [restartedMain] INFO o.s.b.w.s.c.ServletWebServerApplicationContext - Root WebApplicationContext: initialization completed in 136 ms 
2024-09-14T15:33:47.007 [restartedMain] WARN o.m.s.SqlSessionFactoryBean - Property 'mapperLocations' was specified but matching resources are not found. 
2024-09-14T15:33:47.049 [restartedMain] INFO o.s.b.d.a.OptionalLiveReloadServer - LiveReload server is running on port 35729 
2024-09-14T15:33:47.053 [restartedMain] INFO o.a.c.h.Http11NioProtocol - Starting ProtocolHandler ["http-nio-8080"] 
2024-09-14T15:33:47.056 [restartedMain] INFO o.s.b.w.e.t.TomcatWebServer - Tomcat started on port 8080 (http) with context path '/' 
2024-09-14T15:33:47.060 [restartedMain] INFO c.f.RepoYuzApplication - Started RepoYuzApplication in 0.224 seconds (process running for 123.644) 
2024-09-14T15:33:47.061 [restartedMain] INFO o.s.b.d.a.ConditionEvaluationDeltaLoggingListener - Condition evaluation unchanged 
2024-09-14T15:33:48.720 [File Watcher] INFO o.s.b.d.a.LocalDevToolsAutoConfiguration$RestartingClassPathChangeChangedEventListener - Restarting due to 1 class path change (0 additions, 0 deletions, 1 modification) 
2024-09-14T15:33:48.722 [Thread-15] INFO o.a.c.h.Http11NioProtocol - Stopping ProtocolHandler ["http-nio-8080"] 
2024-09-14T15:33:49.068 [restartedMain] INFO c.f.RepoYuzApplication - Starting RepoYuzApplication using Java 17.0.11 with PID 25380 (C:\factory\ws_sts4_4240\repo_yuz\repo_yuz\bin\main started by mizay in C:\factory\ws_sts4_4240\repo_yuz\repo_yuz) 
2024-09-14T15:33:49.069 [restartedMain] INFO c.f.RepoYuzApplication - No active profile set, falling back to 1 default profile: "default" 
2024-09-14T15:33:49.158 [restartedMain] WARN o.m.s.m.ClassPathMapperScanner - No MyBatis mapper was found in '[com.fruits.*]' package. Please check your configuration. 
2024-09-14T15:33:49.184 [restartedMain] INFO o.s.b.w.e.t.TomcatWebServer - Tomcat initialized with port 8080 (http) 
2024-09-14T15:33:49.185 [restartedMain] INFO o.a.c.h.Http11NioProtocol - Initializing ProtocolHandler ["http-nio-8080"] 
2024-09-14T15:33:49.185 [restartedMain] INFO o.a.c.c.StandardService - Starting service [Tomcat] 
2024-09-14T15:33:49.185 [restartedMain] INFO o.a.c.c.StandardEngine - Starting Servlet engine: [Apache Tomcat/10.1.28] 
2024-09-14T15:33:49.197 [restartedMain] INFO o.a.c.c.C.[.[.[/] - Initializing Spring embedded WebApplicationContext 
2024-09-14T15:33:49.197 [restartedMain] INFO o.s.b.w.s.c.ServletWebServerApplicationContext - Root WebApplicationContext: initialization completed in 127 ms 
2024-09-14T15:33:49.207 [restartedMain] WARN o.m.s.SqlSessionFactoryBean - Property 'mapperLocations' was specified but matching resources are not found. 
2024-09-14T15:33:49.247 [restartedMain] INFO o.s.b.d.a.OptionalLiveReloadServer - LiveReload server is running on port 35729 
2024-09-14T15:33:49.251 [restartedMain] INFO o.a.c.h.Http11NioProtocol - Starting ProtocolHandler ["http-nio-8080"] 
2024-09-14T15:33:49.254 [restartedMain] INFO o.s.b.w.e.t.TomcatWebServer - Tomcat started on port 8080 (http) with context path '/' 
2024-09-14T15:33:49.258 [restartedMain] INFO c.f.RepoYuzApplication - Started RepoYuzApplication in 0.208 seconds (process running for 125.843) 
2024-09-14T15:33:49.259 [restartedMain] INFO o.s.b.d.a.ConditionEvaluationDeltaLoggingListener - Condition evaluation unchanged 
2024-09-14T15:34:43.498 [File Watcher] INFO o.s.b.d.a.LocalDevToolsAutoConfiguration$RestartingClassPathChangeChangedEventListener - Restarting due to 1 class path change (0 additions, 0 deletions, 1 modification) 
2024-09-14T15:34:43.499 [Thread-19] INFO o.a.c.h.Http11NioProtocol - Stopping ProtocolHandler ["http-nio-8080"] 
2024-09-14T15:34:43.842 [restartedMain] INFO c.f.RepoYuzApplication - Starting RepoYuzApplication using Java 17.0.11 with PID 25380 (C:\factory\ws_sts4_4240\repo_yuz\repo_yuz\bin\main started by mizay in C:\factory\ws_sts4_4240\repo_yuz\repo_yuz) 
2024-09-14T15:34:43.842 [restartedMain] INFO c.f.RepoYuzApplication - No active profile set, falling back to 1 default profile: "default" 
2024-09-14T15:34:43.936 [restartedMain] WARN o.m.s.m.ClassPathMapperScanner - No MyBatis mapper was found in '[com.fruits.*]' package. Please check your configuration. 
2024-09-14T15:34:43.960 [restartedMain] INFO o.s.b.w.e.t.TomcatWebServer - Tomcat initialized with port 8080 (http) 
2024-09-14T15:34:43.961 [restartedMain] INFO o.a.c.h.Http11NioProtocol - Initializing ProtocolHandler ["http-nio-8080"] 
2024-09-14T15:34:43.961 [restartedMain] INFO o.a.c.c.StandardService - Starting service [Tomcat] 
2024-09-14T15:34:43.961 [restartedMain] INFO o.a.c.c.StandardEngine - Starting Servlet engine: [Apache Tomcat/10.1.28] 
2024-09-14T15:34:43.972 [restartedMain] INFO o.a.c.c.C.[.[.[/] - Initializing Spring embedded WebApplicationContext 
2024-09-14T15:34:43.972 [restartedMain] INFO o.s.b.w.s.c.ServletWebServerApplicationContext - Root WebApplicationContext: initialization completed in 129 ms 
2024-09-14T15:34:43.983 [restartedMain] WARN o.m.s.SqlSessionFactoryBean - Property 'mapperLocations' was specified but matching resources are not found. 
2024-09-14T15:34:44.032 [restartedMain] INFO o.s.b.d.a.OptionalLiveReloadServer - LiveReload server is running on port 35729 
2024-09-14T15:34:44.036 [restartedMain] INFO o.a.c.h.Http11NioProtocol - Starting ProtocolHandler ["http-nio-8080"] 
2024-09-14T15:34:44.038 [restartedMain] INFO o.s.b.w.e.t.TomcatWebServer - Tomcat started on port 8080 (http) with context path '/' 
2024-09-14T15:34:44.041 [restartedMain] INFO c.f.RepoYuzApplication - Started RepoYuzApplication in 0.219 seconds (process running for 180.626) 
2024-09-14T15:34:44.042 [restartedMain] INFO o.s.b.d.a.ConditionEvaluationDeltaLoggingListener - Condition evaluation unchanged 
2024-09-14T15:35:29.918 [File Watcher] INFO o.s.b.d.a.LocalDevToolsAutoConfiguration$RestartingClassPathChangeChangedEventListener - Restarting due to 1 class path change (1 addition, 0 deletions, 0 modifications) 
2024-09-14T15:35:29.919 [Thread-23] INFO o.a.c.h.Http11NioProtocol - Stopping ProtocolHandler ["http-nio-8080"] 
2024-09-14T15:35:30.247 [restartedMain] INFO c.f.RepoYuzApplication - Starting RepoYuzApplication using Java 17.0.11 with PID 25380 (C:\factory\ws_sts4_4240\repo_yuz\repo_yuz\bin\main started by mizay in C:\factory\ws_sts4_4240\repo_yuz\repo_yuz) 
2024-09-14T15:35:30.247 [restartedMain] INFO c.f.RepoYuzApplication - No active profile set, falling back to 1 default profile: "default" 
2024-09-14T15:35:30.338 [restartedMain] WARN o.m.s.m.ClassPathMapperScanner - No MyBatis mapper was found in '[com.fruits.*]' package. Please check your configuration. 
2024-09-14T15:35:30.362 [restartedMain] INFO o.s.b.w.e.t.TomcatWebServer - Tomcat initialized with port 8080 (http) 
2024-09-14T15:35:30.362 [restartedMain] INFO o.a.c.h.Http11NioProtocol - Initializing ProtocolHandler ["http-nio-8080"] 
2024-09-14T15:35:30.362 [restartedMain] INFO o.a.c.c.StandardService - Starting service [Tomcat] 
2024-09-14T15:35:30.362 [restartedMain] INFO o.a.c.c.StandardEngine - Starting Servlet engine: [Apache Tomcat/10.1.28] 
2024-09-14T15:35:30.372 [restartedMain] INFO o.a.c.c.C.[.[.[/] - Initializing Spring embedded WebApplicationContext 
2024-09-14T15:35:30.372 [restartedMain] INFO o.s.b.w.s.c.ServletWebServerApplicationContext - Root WebApplicationContext: initialization completed in 123 ms 
2024-09-14T15:35:30.383 [restartedMain] WARN o.m.s.SqlSessionFactoryBean - Property 'mapperLocations' was specified but matching resources are not found. 
2024-09-14T15:35:30.433 [restartedMain] INFO o.s.b.d.a.OptionalLiveReloadServer - LiveReload server is running on port 35729 
2024-09-14T15:35:30.438 [restartedMain] INFO o.a.c.h.Http11NioProtocol - Starting ProtocolHandler ["http-nio-8080"] 
2024-09-14T15:35:30.440 [restartedMain] INFO o.s.b.w.e.t.TomcatWebServer - Tomcat started on port 8080 (http) with context path '/' 
2024-09-14T15:35:30.443 [restartedMain] INFO c.f.RepoYuzApplication - Started RepoYuzApplication in 0.212 seconds (process running for 227.027) 
2024-09-14T15:35:30.443 [restartedMain] INFO o.s.b.d.a.ConditionEvaluationDeltaLoggingListener - Condition evaluation unchanged 
2024-09-14T15:36:07.105 [File Watcher] INFO o.s.b.d.a.LocalDevToolsAutoConfiguration$RestartingClassPathChangeChangedEventListener - Restarting due to 1 class path change (0 additions, 0 deletions, 1 modification) 
2024-09-14T15:36:07.106 [Thread-27] INFO o.a.c.h.Http11NioProtocol - Stopping ProtocolHandler ["http-nio-8080"] 
2024-09-14T15:36:07.437 [restartedMain] INFO c.f.RepoYuzApplication - Starting RepoYuzApplication using Java 17.0.11 with PID 25380 (C:\factory\ws_sts4_4240\repo_yuz\repo_yuz\bin\main started by mizay in C:\factory\ws_sts4_4240\repo_yuz\repo_yuz) 
2024-09-14T15:36:07.437 [restartedMain] INFO c.f.RepoYuzApplication - No active profile set, falling back to 1 default profile: "default" 
2024-09-14T15:36:07.526 [restartedMain] WARN o.m.s.m.ClassPathMapperScanner - No MyBatis mapper was found in '[com.fruits.*]' package. Please check your configuration. 
2024-09-14T15:36:07.547 [restartedMain] INFO o.s.b.w.e.t.TomcatWebServer - Tomcat initialized with port 8080 (http) 
2024-09-14T15:36:07.547 [restartedMain] INFO o.a.c.h.Http11NioProtocol - Initializing ProtocolHandler ["http-nio-8080"] 
2024-09-14T15:36:07.547 [restartedMain] INFO o.a.c.c.StandardService - Starting service [Tomcat] 
2024-09-14T15:36:07.547 [restartedMain] INFO o.a.c.c.StandardEngine - Starting Servlet engine: [Apache Tomcat/10.1.28] 
2024-09-14T15:36:07.558 [restartedMain] INFO o.a.c.c.C.[.[.[/] - Initializing Spring embedded WebApplicationContext 
2024-09-14T15:36:07.559 [restartedMain] INFO o.s.b.w.s.c.ServletWebServerApplicationContext - Root WebApplicationContext: initialization completed in 120 ms 
2024-09-14T15:36:07.573 [restartedMain] WARN o.m.s.SqlSessionFactoryBean - Property 'mapperLocations' was specified but matching resources are not found. 
2024-09-14T15:36:07.613 [restartedMain] INFO o.s.b.d.a.OptionalLiveReloadServer - LiveReload server is running on port 35729 
2024-09-14T15:36:07.616 [restartedMain] INFO o.a.c.h.Http11NioProtocol - Starting ProtocolHandler ["http-nio-8080"] 
2024-09-14T15:36:07.619 [restartedMain] INFO o.s.b.w.e.t.TomcatWebServer - Tomcat started on port 8080 (http) with context path '/' 
2024-09-14T15:36:07.621 [restartedMain] INFO c.f.RepoYuzApplication - Started RepoYuzApplication in 0.2 seconds (process running for 264.206) 
2024-09-14T15:36:07.622 [restartedMain] INFO o.s.b.d.a.ConditionEvaluationDeltaLoggingListener - Condition evaluation unchanged 
2024-09-14T15:36:39.260 [File Watcher] INFO o.s.b.d.a.LocalDevToolsAutoConfiguration$RestartingClassPathChangeChangedEventListener - Restarting due to 1 class path change (0 additions, 0 deletions, 1 modification) 
2024-09-14T15:36:39.261 [Thread-31] INFO o.a.c.h.Http11NioProtocol - Stopping ProtocolHandler ["http-nio-8080"] 
2024-09-14T15:36:39.599 [restartedMain] INFO c.f.RepoYuzApplication - Starting RepoYuzApplication using Java 17.0.11 with PID 25380 (C:\factory\ws_sts4_4240\repo_yuz\repo_yuz\bin\main started by mizay in C:\factory\ws_sts4_4240\repo_yuz\repo_yuz) 
2024-09-14T15:36:39.599 [restartedMain] INFO c.f.RepoYuzApplication - No active profile set, falling back to 1 default profile: "default" 
2024-09-14T15:36:39.687 [restartedMain] WARN o.m.s.m.ClassPathMapperScanner - No MyBatis mapper was found in '[com.fruits.*]' package. Please check your configuration. 
2024-09-14T15:36:39.706 [restartedMain] INFO o.s.b.w.e.t.TomcatWebServer - Tomcat initialized with port 8080 (http) 
2024-09-14T15:36:39.706 [restartedMain] INFO o.a.c.h.Http11NioProtocol - Initializing ProtocolHandler ["http-nio-8080"] 
2024-09-14T15:36:39.707 [restartedMain] INFO o.a.c.c.StandardService - Starting service [Tomcat] 
2024-09-14T15:36:39.707 [restartedMain] INFO o.a.c.c.StandardEngine - Starting Servlet engine: [Apache Tomcat/10.1.28] 
2024-09-14T15:36:39.719 [restartedMain] INFO o.a.c.c.C.[.[.[/] - Initializing Spring embedded WebApplicationContext 
2024-09-14T15:36:39.719 [restartedMain] INFO o.s.b.w.s.c.ServletWebServerApplicationContext - Root WebApplicationContext: initialization completed in 118 ms 
2024-09-14T15:36:39.729 [restartedMain] WARN o.m.s.SqlSessionFactoryBean - Property 'mapperLocations' was specified but matching resources are not found. 
2024-09-14T15:36:39.765 [restartedMain] INFO o.s.b.d.a.OptionalLiveReloadServer - LiveReload server is running on port 35729 
2024-09-14T15:36:39.768 [restartedMain] INFO o.a.c.h.Http11NioProtocol - Starting ProtocolHandler ["http-nio-8080"] 
2024-09-14T15:36:39.771 [restartedMain] INFO o.s.b.w.e.t.TomcatWebServer - Tomcat started on port 8080 (http) with context path '/' 
2024-09-14T15:36:39.773 [restartedMain] INFO c.f.RepoYuzApplication - Started RepoYuzApplication in 0.188 seconds (process running for 296.356) 
2024-09-14T15:36:39.773 [restartedMain] INFO o.s.b.d.a.ConditionEvaluationDeltaLoggingListener - Condition evaluation unchanged 
2024-09-14T15:36:45.875 [File Watcher] INFO o.s.b.d.a.LocalDevToolsAutoConfiguration$RestartingClassPathChangeChangedEventListener - Restarting due to 1 class path change (0 additions, 0 deletions, 1 modification) 
2024-09-14T15:36:45.876 [Thread-35] INFO o.a.c.h.Http11NioProtocol - Stopping ProtocolHandler ["http-nio-8080"] 
2024-09-14T15:36:46.259 [restartedMain] INFO c.f.RepoYuzApplication - Starting RepoYuzApplication using Java 17.0.11 with PID 25380 (C:\factory\ws_sts4_4240\repo_yuz\repo_yuz\bin\main started by mizay in C:\factory\ws_sts4_4240\repo_yuz\repo_yuz) 
2024-09-14T15:36:46.259 [restartedMain] INFO c.f.RepoYuzApplication - No active profile set, falling back to 1 default profile: "default" 
2024-09-14T15:36:46.347 [restartedMain] WARN o.m.s.m.ClassPathMapperScanner - No MyBatis mapper was found in '[com.fruits.*]' package. Please check your configuration. 
2024-09-14T15:36:46.369 [restartedMain] INFO o.s.b.w.e.t.TomcatWebServer - Tomcat initialized with port 8080 (http) 
2024-09-14T15:36:46.369 [restartedMain] INFO o.a.c.h.Http11NioProtocol - Initializing ProtocolHandler ["http-nio-8080"] 
2024-09-14T15:36:46.369 [restartedMain] INFO o.a.c.c.StandardService - Starting service [Tomcat] 
2024-09-14T15:36:46.369 [restartedMain] INFO o.a.c.c.StandardEngine - Starting Servlet engine: [Apache Tomcat/10.1.28] 
2024-09-14T15:36:46.382 [restartedMain] INFO o.a.c.c.C.[.[.[/] - Initializing Spring embedded WebApplicationContext 
2024-09-14T15:36:46.382 [restartedMain] INFO o.s.b.w.s.c.ServletWebServerApplicationContext - Root WebApplicationContext: initialization completed in 121 ms 
2024-09-14T15:36:46.393 [restartedMain] WARN o.m.s.SqlSessionFactoryBean - Property 'mapperLocations' was specified but matching resources are not found. 
2024-09-14T15:36:46.430 [restartedMain] INFO o.s.b.d.a.OptionalLiveReloadServer - LiveReload server is running on port 35729 
2024-09-14T15:36:46.433 [restartedMain] INFO o.a.c.h.Http11NioProtocol - Starting ProtocolHandler ["http-nio-8080"] 
2024-09-14T15:36:46.438 [restartedMain] INFO o.s.b.w.e.t.TomcatWebServer - Tomcat started on port 8080 (http) with context path '/' 
2024-09-14T15:36:46.443 [restartedMain] INFO c.f.RepoYuzApplication - Started RepoYuzApplication in 0.199 seconds (process running for 303.026) 
2024-09-14T15:36:46.443 [restartedMain] INFO o.s.b.d.a.ConditionEvaluationDeltaLoggingListener - Condition evaluation unchanged 
2024-09-14T15:37:53.270 [File Watcher] INFO o.s.b.d.a.LocalDevToolsAutoConfiguration$RestartingClassPathChangeChangedEventListener - Restarting due to 1 class path change (1 addition, 0 deletions, 0 modifications) 
2024-09-14T15:37:53.272 [Thread-39] INFO o.a.c.h.Http11NioProtocol - Stopping ProtocolHandler ["http-nio-8080"] 
2024-09-14T15:37:53.628 [restartedMain] INFO c.f.RepoYuzApplication - Starting RepoYuzApplication using Java 17.0.11 with PID 25380 (C:\factory\ws_sts4_4240\repo_yuz\repo_yuz\bin\main started by mizay in C:\factory\ws_sts4_4240\repo_yuz\repo_yuz) 
2024-09-14T15:37:53.628 [restartedMain] INFO c.f.RepoYuzApplication - No active profile set, falling back to 1 default profile: "default" 
2024-09-14T15:37:53.715 [restartedMain] WARN o.m.s.m.ClassPathMapperScanner - No MyBatis mapper was found in '[com.fruits.*]' package. Please check your configuration. 
2024-09-14T15:37:53.742 [restartedMain] INFO o.s.b.w.e.t.TomcatWebServer - Tomcat initialized with port 8080 (http) 
2024-09-14T15:37:53.743 [restartedMain] INFO o.a.c.h.Http11NioProtocol - Initializing ProtocolHandler ["http-nio-8080"] 
2024-09-14T15:37:53.743 [restartedMain] INFO o.a.c.c.StandardService - Starting service [Tomcat] 
2024-09-14T15:37:53.743 [restartedMain] INFO o.a.c.c.StandardEngine - Starting Servlet engine: [Apache Tomcat/10.1.28] 
2024-09-14T15:37:53.755 [restartedMain] INFO o.a.c.c.C.[.[.[/] - Initializing Spring embedded WebApplicationContext 
2024-09-14T15:37:53.755 [restartedMain] INFO o.s.b.w.s.c.ServletWebServerApplicationContext - Root WebApplicationContext: initialization completed in 126 ms 
2024-09-14T15:37:53.766 [restartedMain] WARN o.m.s.SqlSessionFactoryBean - Property 'mapperLocations' was specified but matching resources are not found. 
2024-09-14T15:37:53.816 [restartedMain] INFO o.s.b.d.a.OptionalLiveReloadServer - LiveReload server is running on port 35729 
2024-09-14T15:37:53.819 [restartedMain] INFO o.a.c.h.Http11NioProtocol - Starting ProtocolHandler ["http-nio-8080"] 
2024-09-14T15:37:53.823 [restartedMain] INFO o.s.b.w.e.t.TomcatWebServer - Tomcat started on port 8080 (http) with context path '/' 
2024-09-14T15:37:53.826 [restartedMain] INFO c.f.RepoYuzApplication - Started RepoYuzApplication in 0.214 seconds (process running for 370.41) 
2024-09-14T15:37:53.827 [restartedMain] INFO o.s.b.d.a.ConditionEvaluationDeltaLoggingListener - Condition evaluation unchanged 
2024-09-14T15:38:28.827 [File Watcher] INFO o.s.b.d.a.LocalDevToolsAutoConfiguration$RestartingClassPathChangeChangedEventListener - Restarting due to 1 class path change (0 additions, 0 deletions, 1 modification) 
2024-09-14T15:38:28.829 [Thread-43] INFO o.a.c.h.Http11NioProtocol - Stopping ProtocolHandler ["http-nio-8080"] 
2024-09-14T15:38:29.157 [restartedMain] INFO c.f.RepoYuzApplication - Starting RepoYuzApplication using Java 17.0.11 with PID 25380 (C:\factory\ws_sts4_4240\repo_yuz\repo_yuz\bin\main started by mizay in C:\factory\ws_sts4_4240\repo_yuz\repo_yuz) 
2024-09-14T15:38:29.157 [restartedMain] INFO c.f.RepoYuzApplication - No active profile set, falling back to 1 default profile: "default" 
2024-09-14T15:38:29.238 [restartedMain] WARN o.m.s.m.ClassPathMapperScanner - No MyBatis mapper was found in '[com.fruits.*]' package. Please check your configuration. 
2024-09-14T15:38:29.261 [restartedMain] INFO o.s.b.w.e.t.TomcatWebServer - Tomcat initialized with port 8080 (http) 
2024-09-14T15:38:29.262 [restartedMain] INFO o.a.c.h.Http11NioProtocol - Initializing ProtocolHandler ["http-nio-8080"] 
2024-09-14T15:38:29.262 [restartedMain] INFO o.a.c.c.StandardService - Starting service [Tomcat] 
2024-09-14T15:38:29.262 [restartedMain] INFO o.a.c.c.StandardEngine - Starting Servlet engine: [Apache Tomcat/10.1.28] 
2024-09-14T15:38:29.273 [restartedMain] INFO o.a.c.c.C.[.[.[/] - Initializing Spring embedded WebApplicationContext 
2024-09-14T15:38:29.273 [restartedMain] INFO o.s.b.w.s.c.ServletWebServerApplicationContext - Root WebApplicationContext: initialization completed in 114 ms 
2024-09-14T15:38:29.284 [restartedMain] WARN o.m.s.SqlSessionFactoryBean - Property 'mapperLocations' was specified but matching resources are not found. 
2024-09-14T15:38:29.321 [restartedMain] INFO o.s.b.d.a.OptionalLiveReloadServer - LiveReload server is running on port 35729 
2024-09-14T15:38:29.325 [restartedMain] INFO o.a.c.h.Http11NioProtocol - Starting ProtocolHandler ["http-nio-8080"] 
2024-09-14T15:38:29.328 [restartedMain] INFO o.s.b.w.e.t.TomcatWebServer - Tomcat started on port 8080 (http) with context path '/' 
2024-09-14T15:38:29.331 [restartedMain] INFO c.f.RepoYuzApplication - Started RepoYuzApplication in 0.188 seconds (process running for 405.915) 
2024-09-14T15:38:29.332 [restartedMain] INFO o.s.b.d.a.ConditionEvaluationDeltaLoggingListener - Condition evaluation unchanged 
2024-09-14T15:38:36.537 [File Watcher] INFO o.s.b.d.a.LocalDevToolsAutoConfiguration$RestartingClassPathChangeChangedEventListener - Restarting due to 1 class path change (0 additions, 0 deletions, 1 modification) 
2024-09-14T15:38:36.539 [Thread-47] INFO o.a.c.h.Http11NioProtocol - Stopping ProtocolHandler ["http-nio-8080"] 
2024-09-14T15:38:36.873 [restartedMain] INFO c.f.RepoYuzApplication - Starting RepoYuzApplication using Java 17.0.11 with PID 25380 (C:\factory\ws_sts4_4240\repo_yuz\repo_yuz\bin\main started by mizay in C:\factory\ws_sts4_4240\repo_yuz\repo_yuz) 
2024-09-14T15:38:36.873 [restartedMain] INFO c.f.RepoYuzApplication - No active profile set, falling back to 1 default profile: "default" 
2024-09-14T15:38:36.959 [restartedMain] WARN o.m.s.m.ClassPathMapperScanner - No MyBatis mapper was found in '[com.fruits.*]' package. Please check your configuration. 
2024-09-14T15:38:36.978 [restartedMain] INFO o.s.b.w.e.t.TomcatWebServer - Tomcat initialized with port 8080 (http) 
2024-09-14T15:38:36.979 [restartedMain] INFO o.a.c.h.Http11NioProtocol - Initializing ProtocolHandler ["http-nio-8080"] 
2024-09-14T15:38:36.979 [restartedMain] INFO o.a.c.c.StandardService - Starting service [Tomcat] 
2024-09-14T15:38:36.979 [restartedMain] INFO o.a.c.c.StandardEngine - Starting Servlet engine: [Apache Tomcat/10.1.28] 
2024-09-14T15:38:36.992 [restartedMain] INFO o.a.c.c.C.[.[.[/] - Initializing Spring embedded WebApplicationContext 
2024-09-14T15:38:36.992 [restartedMain] INFO o.s.b.w.s.c.ServletWebServerApplicationContext - Root WebApplicationContext: initialization completed in 118 ms 
2024-09-14T15:38:37.004 [restartedMain] WARN o.m.s.SqlSessionFactoryBean - Property 'mapperLocations' was specified but matching resources are not found. 
2024-09-14T15:38:37.041 [restartedMain] INFO o.s.b.d.a.OptionalLiveReloadServer - LiveReload server is running on port 35729 
2024-09-14T15:38:37.044 [restartedMain] INFO o.a.c.h.Http11NioProtocol - Starting ProtocolHandler ["http-nio-8080"] 
2024-09-14T15:38:37.047 [restartedMain] INFO o.s.b.w.e.t.TomcatWebServer - Tomcat started on port 8080 (http) with context path '/' 
2024-09-14T15:38:37.050 [restartedMain] INFO c.f.RepoYuzApplication - Started RepoYuzApplication in 0.191 seconds (process running for 413.634) 
2024-09-14T15:38:37.051 [restartedMain] INFO o.s.b.d.a.ConditionEvaluationDeltaLoggingListener - Condition evaluation unchanged 
2024-09-14T15:39:19.996 [File Watcher] INFO o.s.b.d.a.LocalDevToolsAutoConfiguration$RestartingClassPathChangeChangedEventListener - Restarting due to 1 class path change (0 additions, 0 deletions, 1 modification) 
2024-09-14T15:39:19.998 [Thread-51] INFO o.a.c.h.Http11NioProtocol - Stopping ProtocolHandler ["http-nio-8080"] 
2024-09-14T15:39:20.331 [restartedMain] INFO c.f.RepoYuzApplication - Starting RepoYuzApplication using Java 17.0.11 with PID 25380 (C:\factory\ws_sts4_4240\repo_yuz\repo_yuz\bin\main started by mizay in C:\factory\ws_sts4_4240\repo_yuz\repo_yuz) 
2024-09-14T15:39:20.332 [restartedMain] INFO c.f.RepoYuzApplication - No active profile set, falling back to 1 default profile: "default" 
2024-09-14T15:39:20.415 [restartedMain] WARN o.m.s.m.ClassPathMapperScanner - No MyBatis mapper was found in '[com.fruits.*]' package. Please check your configuration. 
2024-09-14T15:39:20.436 [restartedMain] INFO o.s.b.w.e.t.TomcatWebServer - Tomcat initialized with port 8080 (http) 
2024-09-14T15:39:20.437 [restartedMain] INFO o.a.c.h.Http11NioProtocol - Initializing ProtocolHandler ["http-nio-8080"] 
2024-09-14T15:39:20.437 [restartedMain] INFO o.a.c.c.StandardService - Starting service [Tomcat] 
2024-09-14T15:39:20.437 [restartedMain] INFO o.a.c.c.StandardEngine - Starting Servlet engine: [Apache Tomcat/10.1.28] 
2024-09-14T15:39:20.449 [restartedMain] INFO o.a.c.c.C.[.[.[/] - Initializing Spring embedded WebApplicationContext 
2024-09-14T15:39:20.449 [restartedMain] INFO o.s.b.w.s.c.ServletWebServerApplicationContext - Root WebApplicationContext: initialization completed in 116 ms 
2024-09-14T15:39:20.460 [restartedMain] WARN o.m.s.SqlSessionFactoryBean - Property 'mapperLocations' was specified but matching resources are not found. 
2024-09-14T15:39:20.499 [restartedMain] INFO o.s.b.d.a.OptionalLiveReloadServer - LiveReload server is running on port 35729 
2024-09-14T15:39:20.502 [restartedMain] INFO o.a.c.h.Http11NioProtocol - Starting ProtocolHandler ["http-nio-8080"] 
2024-09-14T15:39:20.504 [restartedMain] INFO o.s.b.w.e.t.TomcatWebServer - Tomcat started on port 8080 (http) with context path '/' 
2024-09-14T15:39:20.506 [restartedMain] INFO c.f.RepoYuzApplication - Started RepoYuzApplication in 0.189 seconds (process running for 457.09) 
2024-09-14T15:39:20.507 [restartedMain] INFO o.s.b.d.a.ConditionEvaluationDeltaLoggingListener - Condition evaluation unchanged 
2024-09-14T15:39:35.664 [File Watcher] INFO o.s.b.d.a.LocalDevToolsAutoConfiguration$RestartingClassPathChangeChangedEventListener - Restarting due to 1 class path change (0 additions, 0 deletions, 1 modification) 
2024-09-14T15:39:35.664 [Thread-55] INFO o.a.c.h.Http11NioProtocol - Stopping ProtocolHandler ["http-nio-8080"] 
2024-09-14T15:39:36.052 [restartedMain] INFO c.f.RepoYuzApplication - Starting RepoYuzApplication using Java 17.0.11 with PID 25380 (C:\factory\ws_sts4_4240\repo_yuz\repo_yuz\bin\main started by mizay in C:\factory\ws_sts4_4240\repo_yuz\repo_yuz) 
2024-09-14T15:39:36.052 [restartedMain] INFO c.f.RepoYuzApplication - No active profile set, falling back to 1 default profile: "default" 
2024-09-14T15:39:36.137 [restartedMain] WARN o.m.s.m.ClassPathMapperScanner - No MyBatis mapper was found in '[com.fruits.*]' package. Please check your configuration. 
2024-09-14T15:39:36.157 [restartedMain] INFO o.s.b.w.e.t.TomcatWebServer - Tomcat initialized with port 8080 (http) 
2024-09-14T15:39:36.158 [restartedMain] INFO o.a.c.h.Http11NioProtocol - Initializing ProtocolHandler ["http-nio-8080"] 
2024-09-14T15:39:36.158 [restartedMain] INFO o.a.c.c.StandardService - Starting service [Tomcat] 
2024-09-14T15:39:36.158 [restartedMain] INFO o.a.c.c.StandardEngine - Starting Servlet engine: [Apache Tomcat/10.1.28] 
2024-09-14T15:39:36.169 [restartedMain] INFO o.a.c.c.C.[.[.[/] - Initializing Spring embedded WebApplicationContext 
2024-09-14T15:39:36.169 [restartedMain] INFO o.s.b.w.s.c.ServletWebServerApplicationContext - Root WebApplicationContext: initialization completed in 115 ms 
2024-09-14T15:39:36.180 [restartedMain] WARN o.m.s.SqlSessionFactoryBean - Property 'mapperLocations' was specified but matching resources are not found. 
2024-09-14T15:39:36.218 [restartedMain] INFO o.s.b.d.a.OptionalLiveReloadServer - LiveReload server is running on port 35729 
2024-09-14T15:39:36.222 [restartedMain] INFO o.a.c.h.Http11NioProtocol - Starting ProtocolHandler ["http-nio-8080"] 
2024-09-14T15:39:36.224 [restartedMain] INFO o.s.b.w.e.t.TomcatWebServer - Tomcat started on port 8080 (http) with context path '/' 
2024-09-14T15:39:36.227 [restartedMain] INFO c.f.RepoYuzApplication - Started RepoYuzApplication in 0.19 seconds (process running for 472.81) 
2024-09-14T15:39:36.228 [restartedMain] INFO o.s.b.d.a.ConditionEvaluationDeltaLoggingListener - Condition evaluation unchanged 
