2024-09-18T20:00:07.620 [http-nio-8080-exec-5] DEBUG j.sqltiming -  com.zaxxer.hikari.pool.ProxyPreparedStatement.execute(ProxyPreparedStatement.java:44)
71. SELECT
			a.ifcgSeq,
			a.ifcgName,
			a.ifcgUseNy,
			a.ifcgOrder,
			a.ifcgDesc,
			a.ifcgDelNy,
			a.ifcgRegist,
			a.ifcgEdit
		FROM
			yuz.codegroup a
		WHERE 1 = 1
			AND a.ifcgSeq = '7'
 {executed in 4 msec} 
2024-09-18T20:00:10.808 [http-nio-8080-exec-1] DEBUG j.sqltiming -  com.zaxxer.hikari.pool.ProxyPreparedStatement.execute(ProxyPreparedStatement.java:44)
71. UPDATE yuz.codegroup
	  		SET
	  			ifcgDelNy = 1
	  		WHERE 1 = 1
	  			AND ifcgSeq = '7'
 {executed in 2 msec} 
2024-09-18T20:00:10.845 [http-nio-8080-exec-6] DEBUG j.sqltiming -  com.zaxxer.hikari.pool.ProxyPreparedStatement.execute(ProxyPreparedStatement.java:44)
71. select
		a.ifcgSeq,
	    a.ifcgName,
	    a.ifcgUseNy,
	    a.ifcgOrder,
	    a.ifcgDesc,
	    a.ifcgDelNy,
	    a.ifcgRegist,
	    a.ifcgEdit,
	    	(SELECT count(ifcdSeq) FROM code AS b WHERE 1 = 1 AND b.codegroup_ifcgSeq = a.ifcgSeq) AS xifcdSeqCount
	FROM 
		yuz.codegroup a
	WHERE 1 = 1

	ORDER BY
		a.ifcgSeq desc
 {executed in 2 msec} 
2024-09-18T20:01:24.214 [http-nio-8080-exec-3] DEBUG j.sqltiming -  com.zaxxer.hikari.pool.ProxyPreparedStatement.execute(ProxyPreparedStatement.java:44)
71. select
		a.ifcgSeq,
	    a.ifcgName,
	    a.ifcgUseNy,
	    a.ifcgOrder,
	    a.ifcgDesc,
	    a.ifcgDelNy,
	    a.ifcgRegist,
	    a.ifcgEdit,
	    	(SELECT count(ifcdSeq) FROM code AS b WHERE 1 = 1 AND b.codegroup_ifcgSeq = a.ifcgSeq) AS xifcdSeqCount
	FROM 
		yuz.codegroup a
	WHERE 1 = 1

	ORDER BY
		a.ifcgSeq desc
 {executed in 2 msec} 
2024-09-18T20:10:42.147 [File Watcher] INFO o.s.b.d.a.LocalDevToolsAutoConfiguration$RestartingClassPathChangeChangedEventListener - Restarting due to 1 class path change (0 additions, 0 deletions, 1 modification) 
2024-09-18T20:10:42.164 [Thread-51] INFO o.a.c.h.Http11NioProtocol - Stopping ProtocolHandler ["http-nio-8080"] 
2024-09-18T20:10:42.414 [Thread-51] INFO c.z.h.HikariDataSource - HikariPool-4 - Shutdown initiated... 
2024-09-18T20:10:42.423 [Thread-51] INFO c.z.h.HikariDataSource - HikariPool-4 - Shutdown completed. 
2024-09-18T20:10:42.570 [restartedMain] INFO c.f.RepoYuzApplication - Starting RepoYuzApplication using Java 17.0.11 with PID 16696 (C:\factory\ws_sts4_4240\repo_yuz\repo_yuz\bin\main started by mizay in C:\factory\ws_sts4_4240\repo_yuz\repo_yuz) 
2024-09-18T20:10:42.574 [restartedMain] INFO c.f.RepoYuzApplication - No active profile set, falling back to 1 default profile: "default" 
2024-09-18T20:10:42.840 [restartedMain] INFO o.s.b.w.e.t.TomcatWebServer - Tomcat initialized with port 8080 (http) 
2024-09-18T20:10:42.841 [restartedMain] INFO o.a.c.h.Http11NioProtocol - Initializing ProtocolHandler ["http-nio-8080"] 
2024-09-18T20:10:42.842 [restartedMain] INFO o.a.c.c.StandardService - Starting service [Tomcat] 
2024-09-18T20:10:42.842 [restartedMain] INFO o.a.c.c.StandardEngine - Starting Servlet engine: [Apache Tomcat/10.1.28] 
2024-09-18T20:10:42.867 [restartedMain] INFO o.a.c.c.C.[.[.[/] - Initializing Spring embedded WebApplicationContext 
2024-09-18T20:10:42.867 [restartedMain] INFO o.s.b.w.s.c.ServletWebServerApplicationContext - Root WebApplicationContext: initialization completed in 287 ms 
2024-09-18T20:10:43.034 [restartedMain] INFO o.s.b.d.a.OptionalLiveReloadServer - LiveReload server is running on port 35729 
2024-09-18T20:10:43.041 [restartedMain] INFO o.a.c.h.Http11NioProtocol - Starting ProtocolHandler ["http-nio-8080"] 
2024-09-18T20:10:43.046 [restartedMain] INFO o.s.b.w.e.t.TomcatWebServer - Tomcat started on port 8080 (http) with context path '/' 
2024-09-18T20:10:43.051 [restartedMain] INFO c.f.RepoYuzApplication - Started RepoYuzApplication in 0.531 seconds (process running for 10822.988) 
2024-09-18T20:10:43.052 [restartedMain] INFO o.s.b.d.a.ConditionEvaluationDeltaLoggingListener - Condition evaluation unchanged 
2024-09-18T20:11:08.950 [File Watcher] INFO o.s.b.d.a.LocalDevToolsAutoConfiguration$RestartingClassPathChangeChangedEventListener - Restarting due to 1 class path change (0 additions, 0 deletions, 1 modification) 
2024-09-18T20:11:08.954 [Thread-55] INFO o.a.c.h.Http11NioProtocol - Stopping ProtocolHandler ["http-nio-8080"] 
2024-09-18T20:11:09.436 [restartedMain] INFO c.f.RepoYuzApplication - Starting RepoYuzApplication using Java 17.0.11 with PID 16696 (C:\factory\ws_sts4_4240\repo_yuz\repo_yuz\bin\main started by mizay in C:\factory\ws_sts4_4240\repo_yuz\repo_yuz) 
2024-09-18T20:11:09.437 [restartedMain] INFO c.f.RepoYuzApplication - No active profile set, falling back to 1 default profile: "default" 
2024-09-18T20:11:09.831 [restartedMain] INFO o.s.b.w.e.t.TomcatWebServer - Tomcat initialized with port 8080 (http) 
2024-09-18T20:11:09.833 [restartedMain] INFO o.a.c.h.Http11NioProtocol - Initializing ProtocolHandler ["http-nio-8080"] 
2024-09-18T20:11:09.833 [restartedMain] INFO o.a.c.c.StandardService - Starting service [Tomcat] 
2024-09-18T20:11:09.833 [restartedMain] INFO o.a.c.c.StandardEngine - Starting Servlet engine: [Apache Tomcat/10.1.28] 
2024-09-18T20:11:09.871 [restartedMain] INFO o.a.c.c.C.[.[.[/] - Initializing Spring embedded WebApplicationContext 
2024-09-18T20:11:09.872 [restartedMain] INFO o.s.b.w.s.c.ServletWebServerApplicationContext - Root WebApplicationContext: initialization completed in 431 ms 
2024-09-18T20:11:10.073 [restartedMain] INFO o.s.b.d.a.OptionalLiveReloadServer - LiveReload server is running on port 35729 
2024-09-18T20:11:10.081 [restartedMain] INFO o.a.c.h.Http11NioProtocol - Starting ProtocolHandler ["http-nio-8080"] 
2024-09-18T20:11:10.087 [restartedMain] INFO o.s.b.w.e.t.TomcatWebServer - Tomcat started on port 8080 (http) with context path '/' 
2024-09-18T20:11:10.093 [restartedMain] INFO c.f.RepoYuzApplication - Started RepoYuzApplication in 0.707 seconds (process running for 10850.029) 
2024-09-18T20:11:10.095 [restartedMain] INFO o.s.b.d.a.ConditionEvaluationDeltaLoggingListener - Condition evaluation unchanged 
2024-09-18T20:21:23.261 [File Watcher] INFO o.s.b.d.a.LocalDevToolsAutoConfiguration$RestartingClassPathChangeChangedEventListener - Restarting due to 1 class path change (0 additions, 0 deletions, 1 modification) 
2024-09-18T20:21:23.265 [Thread-59] INFO o.a.c.h.Http11NioProtocol - Stopping ProtocolHandler ["http-nio-8080"] 
2024-09-18T20:21:23.658 [restartedMain] INFO c.f.RepoYuzApplication - Starting RepoYuzApplication using Java 17.0.11 with PID 16696 (C:\factory\ws_sts4_4240\repo_yuz\repo_yuz\bin\main started by mizay in C:\factory\ws_sts4_4240\repo_yuz\repo_yuz) 
2024-09-18T20:21:23.658 [restartedMain] INFO c.f.RepoYuzApplication - No active profile set, falling back to 1 default profile: "default" 
2024-09-18T20:21:23.899 [restartedMain] INFO o.s.b.w.e.t.TomcatWebServer - Tomcat initialized with port 8080 (http) 
2024-09-18T20:21:23.900 [restartedMain] INFO o.a.c.h.Http11NioProtocol - Initializing ProtocolHandler ["http-nio-8080"] 
2024-09-18T20:21:23.900 [restartedMain] INFO o.a.c.c.StandardService - Starting service [Tomcat] 
2024-09-18T20:21:23.900 [restartedMain] INFO o.a.c.c.StandardEngine - Starting Servlet engine: [Apache Tomcat/10.1.28] 
2024-09-18T20:21:23.926 [restartedMain] INFO o.a.c.c.C.[.[.[/] - Initializing Spring embedded WebApplicationContext 
2024-09-18T20:21:23.927 [restartedMain] INFO o.s.b.w.s.c.ServletWebServerApplicationContext - Root WebApplicationContext: initialization completed in 265 ms 
2024-09-18T20:21:24.071 [restartedMain] INFO o.s.b.d.a.OptionalLiveReloadServer - LiveReload server is running on port 35729 
2024-09-18T20:21:24.079 [restartedMain] INFO o.a.c.h.Http11NioProtocol - Starting ProtocolHandler ["http-nio-8080"] 
2024-09-18T20:21:24.084 [restartedMain] INFO o.s.b.w.e.t.TomcatWebServer - Tomcat started on port 8080 (http) with context path '/' 
2024-09-18T20:21:24.090 [restartedMain] INFO c.f.RepoYuzApplication - Started RepoYuzApplication in 0.467 seconds (process running for 11464.014) 
2024-09-18T20:21:24.091 [restartedMain] INFO o.s.b.d.a.ConditionEvaluationDeltaLoggingListener - Condition evaluation unchanged 
2024-09-18T20:21:35.519 [File Watcher] INFO o.s.b.d.a.LocalDevToolsAutoConfiguration$RestartingClassPathChangeChangedEventListener - Restarting due to 1 class path change (0 additions, 0 deletions, 1 modification) 
2024-09-18T20:21:35.522 [Thread-63] INFO o.a.c.h.Http11NioProtocol - Stopping ProtocolHandler ["http-nio-8080"] 
2024-09-18T20:21:35.867 [restartedMain] INFO c.f.RepoYuzApplication - Starting RepoYuzApplication using Java 17.0.11 with PID 16696 (C:\factory\ws_sts4_4240\repo_yuz\repo_yuz\bin\main started by mizay in C:\factory\ws_sts4_4240\repo_yuz\repo_yuz) 
2024-09-18T20:21:35.868 [restartedMain] INFO c.f.RepoYuzApplication - No active profile set, falling back to 1 default profile: "default" 
2024-09-18T20:21:36.075 [restartedMain] INFO o.s.b.w.e.t.TomcatWebServer - Tomcat initialized with port 8080 (http) 
2024-09-18T20:21:36.076 [restartedMain] INFO o.a.c.h.Http11NioProtocol - Initializing ProtocolHandler ["http-nio-8080"] 
2024-09-18T20:21:36.076 [restartedMain] INFO o.a.c.c.StandardService - Starting service [Tomcat] 
2024-09-18T20:21:36.076 [restartedMain] INFO o.a.c.c.StandardEngine - Starting Servlet engine: [Apache Tomcat/10.1.28] 
2024-09-18T20:21:36.105 [restartedMain] INFO o.a.c.c.C.[.[.[/] - Initializing Spring embedded WebApplicationContext 
2024-09-18T20:21:36.105 [restartedMain] INFO o.s.b.w.s.c.ServletWebServerApplicationContext - Root WebApplicationContext: initialization completed in 233 ms 
2024-09-18T20:21:36.218 [restartedMain] INFO o.s.b.d.a.OptionalLiveReloadServer - LiveReload server is running on port 35729 
2024-09-18T20:21:36.225 [restartedMain] INFO o.a.c.h.Http11NioProtocol - Starting ProtocolHandler ["http-nio-8080"] 
2024-09-18T20:21:36.230 [restartedMain] INFO o.s.b.w.e.t.TomcatWebServer - Tomcat started on port 8080 (http) with context path '/' 
2024-09-18T20:21:36.239 [restartedMain] INFO c.f.RepoYuzApplication - Started RepoYuzApplication in 0.398 seconds (process running for 11476.163) 
2024-09-18T20:21:36.240 [restartedMain] INFO o.s.b.d.a.ConditionEvaluationDeltaLoggingListener - Condition evaluation unchanged 
2024-09-18T20:22:12.658 [File Watcher] INFO o.s.b.d.a.LocalDevToolsAutoConfiguration$RestartingClassPathChangeChangedEventListener - Restarting due to 1 class path change (0 additions, 0 deletions, 1 modification) 
2024-09-18T20:22:12.660 [Thread-67] INFO o.a.c.h.Http11NioProtocol - Stopping ProtocolHandler ["http-nio-8080"] 
2024-09-18T20:22:13.014 [restartedMain] INFO c.f.RepoYuzApplication - Starting RepoYuzApplication using Java 17.0.11 with PID 16696 (C:\factory\ws_sts4_4240\repo_yuz\repo_yuz\bin\main started by mizay in C:\factory\ws_sts4_4240\repo_yuz\repo_yuz) 
2024-09-18T20:22:13.014 [restartedMain] INFO c.f.RepoYuzApplication - No active profile set, falling back to 1 default profile: "default" 
2024-09-18T20:22:13.214 [restartedMain] INFO o.s.b.w.e.t.TomcatWebServer - Tomcat initialized with port 8080 (http) 
2024-09-18T20:22:13.216 [restartedMain] INFO o.a.c.h.Http11NioProtocol - Initializing ProtocolHandler ["http-nio-8080"] 
2024-09-18T20:22:13.216 [restartedMain] INFO o.a.c.c.StandardService - Starting service [Tomcat] 
2024-09-18T20:22:13.216 [restartedMain] INFO o.a.c.c.StandardEngine - Starting Servlet engine: [Apache Tomcat/10.1.28] 
2024-09-18T20:22:13.244 [restartedMain] INFO o.a.c.c.C.[.[.[/] - Initializing Spring embedded WebApplicationContext 
2024-09-18T20:22:13.245 [restartedMain] INFO o.s.b.w.s.c.ServletWebServerApplicationContext - Root WebApplicationContext: initialization completed in 227 ms 
2024-09-18T20:22:13.359 [restartedMain] INFO o.s.b.d.a.OptionalLiveReloadServer - LiveReload server is running on port 35729 
2024-09-18T20:22:13.365 [restartedMain] INFO o.a.c.h.Http11NioProtocol - Starting ProtocolHandler ["http-nio-8080"] 
2024-09-18T20:22:13.371 [restartedMain] INFO o.s.b.w.e.t.TomcatWebServer - Tomcat started on port 8080 (http) with context path '/' 
2024-09-18T20:22:13.378 [restartedMain] INFO c.f.RepoYuzApplication - Started RepoYuzApplication in 0.393 seconds (process running for 11513.301) 
2024-09-18T20:22:13.380 [restartedMain] INFO o.s.b.d.a.ConditionEvaluationDeltaLoggingListener - Condition evaluation unchanged 
2024-09-18T20:22:34.338 [File Watcher] INFO o.s.b.d.a.LocalDevToolsAutoConfiguration$RestartingClassPathChangeChangedEventListener - Restarting due to 1 class path change (0 additions, 0 deletions, 1 modification) 
2024-09-18T20:22:34.342 [Thread-71] INFO o.a.c.h.Http11NioProtocol - Stopping ProtocolHandler ["http-nio-8080"] 
2024-09-18T20:22:34.740 [restartedMain] INFO c.f.RepoYuzApplication - Starting RepoYuzApplication using Java 17.0.11 with PID 16696 (C:\factory\ws_sts4_4240\repo_yuz\repo_yuz\bin\main started by mizay in C:\factory\ws_sts4_4240\repo_yuz\repo_yuz) 
2024-09-18T20:22:34.740 [restartedMain] INFO c.f.RepoYuzApplication - No active profile set, falling back to 1 default profile: "default" 
2024-09-18T20:22:34.955 [restartedMain] INFO o.s.b.w.e.t.TomcatWebServer - Tomcat initialized with port 8080 (http) 
2024-09-18T20:22:34.955 [restartedMain] INFO o.a.c.h.Http11NioProtocol - Initializing ProtocolHandler ["http-nio-8080"] 
2024-09-18T20:22:34.955 [restartedMain] INFO o.a.c.c.StandardService - Starting service [Tomcat] 
2024-09-18T20:22:34.955 [restartedMain] INFO o.a.c.c.StandardEngine - Starting Servlet engine: [Apache Tomcat/10.1.28] 
2024-09-18T20:22:34.986 [restartedMain] INFO o.a.c.c.C.[.[.[/] - Initializing Spring embedded WebApplicationContext 
2024-09-18T20:22:34.986 [restartedMain] INFO o.s.b.w.s.c.ServletWebServerApplicationContext - Root WebApplicationContext: initialization completed in 243 ms 
2024-09-18T20:22:35.099 [restartedMain] INFO o.s.b.d.a.OptionalLiveReloadServer - LiveReload server is running on port 35729 
2024-09-18T20:22:35.106 [restartedMain] INFO o.a.c.h.Http11NioProtocol - Starting ProtocolHandler ["http-nio-8080"] 
2024-09-18T20:22:35.109 [restartedMain] INFO o.s.b.w.e.t.TomcatWebServer - Tomcat started on port 8080 (http) with context path '/' 
2024-09-18T20:22:35.117 [restartedMain] INFO c.f.RepoYuzApplication - Started RepoYuzApplication in 0.41 seconds (process running for 11535.04) 
2024-09-18T20:22:35.120 [restartedMain] INFO o.s.b.d.a.ConditionEvaluationDeltaLoggingListener - Condition evaluation unchanged 
2024-09-18T20:23:48.673 [File Watcher] INFO o.s.b.d.a.LocalDevToolsAutoConfiguration$RestartingClassPathChangeChangedEventListener - Restarting due to 1 class path change (0 additions, 0 deletions, 1 modification) 
2024-09-18T20:23:48.679 [Thread-75] INFO o.a.c.h.Http11NioProtocol - Stopping ProtocolHandler ["http-nio-8080"] 
2024-09-18T20:23:49.011 [restartedMain] INFO c.f.RepoYuzApplication - Starting RepoYuzApplication using Java 17.0.11 with PID 16696 (C:\factory\ws_sts4_4240\repo_yuz\repo_yuz\bin\main started by mizay in C:\factory\ws_sts4_4240\repo_yuz\repo_yuz) 
2024-09-18T20:23:49.011 [restartedMain] INFO c.f.RepoYuzApplication - No active profile set, falling back to 1 default profile: "default" 
2024-09-18T20:23:49.210 [restartedMain] INFO o.s.b.w.e.t.TomcatWebServer - Tomcat initialized with port 8080 (http) 
2024-09-18T20:23:49.211 [restartedMain] INFO o.a.c.h.Http11NioProtocol - Initializing ProtocolHandler ["http-nio-8080"] 
2024-09-18T20:23:49.211 [restartedMain] INFO o.a.c.c.StandardService - Starting service [Tomcat] 
2024-09-18T20:23:49.211 [restartedMain] INFO o.a.c.c.StandardEngine - Starting Servlet engine: [Apache Tomcat/10.1.28] 
2024-09-18T20:23:49.240 [restartedMain] INFO o.a.c.c.C.[.[.[/] - Initializing Spring embedded WebApplicationContext 
2024-09-18T20:23:49.240 [restartedMain] INFO o.s.b.w.s.c.ServletWebServerApplicationContext - Root WebApplicationContext: initialization completed in 228 ms 
2024-09-18T20:23:49.353 [restartedMain] INFO o.s.b.d.a.OptionalLiveReloadServer - LiveReload server is running on port 35729 
2024-09-18T20:23:49.360 [restartedMain] INFO o.a.c.h.Http11NioProtocol - Starting ProtocolHandler ["http-nio-8080"] 
2024-09-18T20:23:49.364 [restartedMain] INFO o.s.b.w.e.t.TomcatWebServer - Tomcat started on port 8080 (http) with context path '/' 
2024-09-18T20:23:49.375 [restartedMain] INFO c.f.RepoYuzApplication - Started RepoYuzApplication in 0.395 seconds (process running for 11609.296) 
2024-09-18T20:23:49.377 [restartedMain] INFO o.s.b.d.a.ConditionEvaluationDeltaLoggingListener - Condition evaluation unchanged 
2024-09-18T20:25:25.237 [File Watcher] INFO o.s.b.d.a.LocalDevToolsAutoConfiguration$RestartingClassPathChangeChangedEventListener - Restarting due to 1 class path change (0 additions, 0 deletions, 1 modification) 
2024-09-18T20:25:25.240 [Thread-79] INFO o.a.c.h.Http11NioProtocol - Stopping ProtocolHandler ["http-nio-8080"] 
2024-09-18T20:25:25.732 [restartedMain] INFO c.f.RepoYuzApplication - Starting RepoYuzApplication using Java 17.0.11 with PID 16696 (C:\factory\ws_sts4_4240\repo_yuz\repo_yuz\bin\main started by mizay in C:\factory\ws_sts4_4240\repo_yuz\repo_yuz) 
2024-09-18T20:25:25.733 [restartedMain] INFO c.f.RepoYuzApplication - No active profile set, falling back to 1 default profile: "default" 
2024-09-18T20:25:26.151 [restartedMain] INFO o.s.b.w.e.t.TomcatWebServer - Tomcat initialized with port 8080 (http) 
2024-09-18T20:25:26.152 [restartedMain] INFO o.a.c.h.Http11NioProtocol - Initializing ProtocolHandler ["http-nio-8080"] 
2024-09-18T20:25:26.152 [restartedMain] INFO o.a.c.c.StandardService - Starting service [Tomcat] 
2024-09-18T20:25:26.152 [restartedMain] INFO o.a.c.c.StandardEngine - Starting Servlet engine: [Apache Tomcat/10.1.28] 
2024-09-18T20:25:26.198 [restartedMain] INFO o.a.c.c.C.[.[.[/] - Initializing Spring embedded WebApplicationContext 
2024-09-18T20:25:26.198 [restartedMain] INFO o.s.b.w.s.c.ServletWebServerApplicationContext - Root WebApplicationContext: initialization completed in 461 ms 
2024-09-18T20:25:26.385 [restartedMain] INFO o.s.b.d.a.OptionalLiveReloadServer - LiveReload server is running on port 35729 
2024-09-18T20:25:26.397 [restartedMain] INFO o.a.c.h.Http11NioProtocol - Starting ProtocolHandler ["http-nio-8080"] 
2024-09-18T20:25:26.402 [restartedMain] INFO o.s.b.w.e.t.TomcatWebServer - Tomcat started on port 8080 (http) with context path '/' 
2024-09-18T20:25:26.407 [restartedMain] INFO c.f.RepoYuzApplication - Started RepoYuzApplication in 0.72 seconds (process running for 11706.327) 
2024-09-18T20:25:26.411 [restartedMain] INFO o.s.b.d.a.ConditionEvaluationDeltaLoggingListener - Condition evaluation unchanged 
2024-09-18T20:26:19.128 [File Watcher] INFO o.s.b.d.a.LocalDevToolsAutoConfiguration$RestartingClassPathChangeChangedEventListener - Restarting due to 1 class path change (0 additions, 0 deletions, 1 modification) 
2024-09-18T20:26:19.134 [Thread-83] INFO o.a.c.h.Http11NioProtocol - Stopping ProtocolHandler ["http-nio-8080"] 
2024-09-18T20:26:19.521 [restartedMain] INFO c.f.RepoYuzApplication - Starting RepoYuzApplication using Java 17.0.11 with PID 16696 (C:\factory\ws_sts4_4240\repo_yuz\repo_yuz\bin\main started by mizay in C:\factory\ws_sts4_4240\repo_yuz\repo_yuz) 
2024-09-18T20:26:19.522 [restartedMain] INFO c.f.RepoYuzApplication - No active profile set, falling back to 1 default profile: "default" 
2024-09-18T20:26:19.753 [restartedMain] INFO o.s.b.w.e.t.TomcatWebServer - Tomcat initialized with port 8080 (http) 
2024-09-18T20:26:19.754 [restartedMain] INFO o.a.c.h.Http11NioProtocol - Initializing ProtocolHandler ["http-nio-8080"] 
2024-09-18T20:26:19.754 [restartedMain] INFO o.a.c.c.StandardService - Starting service [Tomcat] 
2024-09-18T20:26:19.754 [restartedMain] INFO o.a.c.c.StandardEngine - Starting Servlet engine: [Apache Tomcat/10.1.28] 
2024-09-18T20:26:19.772 [restartedMain] INFO o.a.c.c.C.[.[.[/] - Initializing Spring embedded WebApplicationContext 
2024-09-18T20:26:19.772 [restartedMain] INFO o.s.b.w.s.c.ServletWebServerApplicationContext - Root WebApplicationContext: initialization completed in 245 ms 
2024-09-18T20:26:19.900 [restartedMain] INFO o.s.b.d.a.OptionalLiveReloadServer - LiveReload server is running on port 35729 
2024-09-18T20:26:19.907 [restartedMain] INFO o.a.c.h.Http11NioProtocol - Starting ProtocolHandler ["http-nio-8080"] 
2024-09-18T20:26:19.912 [restartedMain] INFO o.s.b.w.e.t.TomcatWebServer - Tomcat started on port 8080 (http) with context path '/' 
2024-09-18T20:26:19.920 [restartedMain] INFO c.f.RepoYuzApplication - Started RepoYuzApplication in 0.432 seconds (process running for 11759.838) 
2024-09-18T20:26:19.924 [restartedMain] INFO o.s.b.d.a.ConditionEvaluationDeltaLoggingListener - Condition evaluation unchanged 
2024-09-18T20:26:39.111 [File Watcher] INFO o.s.b.d.a.LocalDevToolsAutoConfiguration$RestartingClassPathChangeChangedEventListener - Restarting due to 1 class path change (0 additions, 0 deletions, 1 modification) 
2024-09-18T20:26:39.113 [Thread-87] INFO o.a.c.h.Http11NioProtocol - Stopping ProtocolHandler ["http-nio-8080"] 
2024-09-18T20:26:39.553 [restartedMain] INFO c.f.RepoYuzApplication - Starting RepoYuzApplication using Java 17.0.11 with PID 16696 (C:\factory\ws_sts4_4240\repo_yuz\repo_yuz\bin\main started by mizay in C:\factory\ws_sts4_4240\repo_yuz\repo_yuz) 
2024-09-18T20:26:39.554 [restartedMain] INFO c.f.RepoYuzApplication - No active profile set, falling back to 1 default profile: "default" 
2024-09-18T20:26:39.824 [restartedMain] INFO o.s.b.w.e.t.TomcatWebServer - Tomcat initialized with port 8080 (http) 
2024-09-18T20:26:39.824 [restartedMain] INFO o.a.c.h.Http11NioProtocol - Initializing ProtocolHandler ["http-nio-8080"] 
2024-09-18T20:26:39.824 [restartedMain] INFO o.a.c.c.StandardService - Starting service [Tomcat] 
2024-09-18T20:26:39.825 [restartedMain] INFO o.a.c.c.StandardEngine - Starting Servlet engine: [Apache Tomcat/10.1.28] 
2024-09-18T20:26:39.852 [restartedMain] INFO o.a.c.c.C.[.[.[/] - Initializing Spring embedded WebApplicationContext 
2024-09-18T20:26:39.852 [restartedMain] INFO o.s.b.w.s.c.ServletWebServerApplicationContext - Root WebApplicationContext: initialization completed in 296 ms 
2024-09-18T20:26:40.010 [restartedMain] INFO o.s.b.d.a.OptionalLiveReloadServer - LiveReload server is running on port 35729 
2024-09-18T20:26:40.022 [restartedMain] INFO o.a.c.h.Http11NioProtocol - Starting ProtocolHandler ["http-nio-8080"] 
2024-09-18T20:26:40.031 [restartedMain] INFO o.s.b.w.e.t.TomcatWebServer - Tomcat started on port 8080 (http) with context path '/' 
2024-09-18T20:26:40.048 [restartedMain] INFO c.f.RepoYuzApplication - Started RepoYuzApplication in 0.533 seconds (process running for 11779.966) 
2024-09-18T20:26:40.049 [restartedMain] INFO o.s.b.d.a.ConditionEvaluationDeltaLoggingListener - Condition evaluation unchanged 
2024-09-18T20:30:28.494 [http-nio-8080-exec-1] INFO o.a.c.c.C.[.[.[/] - Initializing Spring DispatcherServlet 'dispatcherServlet' 
2024-09-18T20:30:28.495 [http-nio-8080-exec-1] INFO o.s.w.s.DispatcherServlet - Initializing Servlet 'dispatcherServlet' 
2024-09-18T20:30:28.496 [http-nio-8080-exec-1] INFO o.s.w.s.DispatcherServlet - Completed initialization in 1 ms 
2024-09-18T20:30:28.502 [http-nio-8080-exec-1] INFO c.z.h.HikariDataSource - HikariPool-5 - Starting... 
2024-09-18T20:30:28.532 [http-nio-8080-exec-1] INFO c.z.h.p.HikariPool - HikariPool-5 - Added connection net.sf.log4jdbc.sql.jdbcapi.ConnectionSpy@2b105794 
2024-09-18T20:30:28.532 [http-nio-8080-exec-1] INFO c.z.h.HikariDataSource - HikariPool-5 - Start completed. 
2024-09-18T20:30:28.536 [http-nio-8080-exec-1] DEBUG j.sqltiming -  com.zaxxer.hikari.pool.ProxyPreparedStatement.execute(ProxyPreparedStatement.java:44)
81. select
		a.ifcgSeq,
	    a.ifcgName,
	    a.ifcgUseNy,
	    a.ifcgOrder,
	    a.ifcgDesc,
	    a.ifcgDelNy,
	    a.ifcgRegist,
	    a.ifcgEdit,
	    	(SELECT count(ifcdSeq) FROM code AS b WHERE 1 = 1 AND b.codegroup_ifcgSeq = a.ifcgSeq) AS xifcdSeqCount
	FROM 
		yuz.codegroup a
	WHERE 1 = 1

	ORDER BY
		a.ifcgSeq desc
 {executed in 2 msec} 
2024-09-18T20:31:18.344 [http-nio-8080-exec-9] DEBUG j.sqltiming -  com.zaxxer.hikari.pool.ProxyPreparedStatement.execute(ProxyPreparedStatement.java:44)
81. select
		a.ifcgSeq,
	    a.ifcgName,
	    a.ifcgUseNy,
	    a.ifcgOrder,
	    a.ifcgDesc,
	    a.ifcgDelNy,
	    a.ifcgRegist,
	    a.ifcgEdit,
	    	(SELECT count(ifcdSeq) FROM code AS b WHERE 1 = 1 AND b.codegroup_ifcgSeq = a.ifcgSeq) AS xifcdSeqCount
	FROM 
		yuz.codegroup a
	WHERE 1 = 1

	ORDER BY
		a.ifcgSeq desc
 {executed in 1 msec} 
2024-09-18T20:31:19.458 [http-nio-8080-exec-9] DEBUG j.sqltiming -  com.zaxxer.hikari.pool.ProxyPreparedStatement.execute(ProxyPreparedStatement.java:44)
81. select
		a.ifcgSeq,
	    a.ifcgName,
	    a.ifcgUseNy,
	    a.ifcgOrder,
	    a.ifcgDesc,
	    a.ifcgDelNy,
	    a.ifcgRegist,
	    a.ifcgEdit,
	    	(SELECT count(ifcdSeq) FROM code AS b WHERE 1 = 1 AND b.codegroup_ifcgSeq = a.ifcgSeq) AS xifcdSeqCount
	FROM 
		yuz.codegroup a
	WHERE 1 = 1

	ORDER BY
		a.ifcgSeq desc
 {executed in 1 msec} 
2024-09-18T20:49:41.558 [http-nio-8080-exec-3] DEBUG j.sqltiming -  com.zaxxer.hikari.pool.ProxyPreparedStatement.execute(ProxyPreparedStatement.java:44)
81. select
		a.ifcgSeq,
	    a.ifcgName,
	    a.ifcgUseNy,
	    a.ifcgOrder,
	    a.ifcgDesc,
	    a.ifcgDelNy,
	    a.ifcgRegist,
	    a.ifcgEdit,
	    	(SELECT count(ifcdSeq) FROM code AS b WHERE 1 = 1 AND b.codegroup_ifcgSeq = a.ifcgSeq) AS xifcdSeqCount
	FROM 
		yuz.codegroup a
	WHERE 1 = 1

	ORDER BY
		a.ifcgSeq desc
 {executed in 1 msec} 
2024-09-18T20:49:42.682 [http-nio-8080-exec-2] DEBUG j.sqltiming -  com.zaxxer.hikari.pool.ProxyPreparedStatement.execute(ProxyPreparedStatement.java:44)
81. select
		a.ifcgSeq,
	    a.ifcgName,
	    a.ifcgUseNy,
	    a.ifcgOrder,
	    a.ifcgDesc,
	    a.ifcgDelNy,
	    a.ifcgRegist,
	    a.ifcgEdit,
	    	(SELECT count(ifcdSeq) FROM code AS b WHERE 1 = 1 AND b.codegroup_ifcgSeq = a.ifcgSeq) AS xifcdSeqCount
	FROM 
		yuz.codegroup a
	WHERE 1 = 1

	ORDER BY
		a.ifcgSeq desc
 {executed in 1 msec} 
2024-09-18T20:49:54.051 [http-nio-8080-exec-10] DEBUG j.sqltiming -  com.zaxxer.hikari.pool.ProxyPreparedStatement.execute(ProxyPreparedStatement.java:44)
81. select
		a.ifcgSeq,
	    a.ifcgName,
	    a.ifcgUseNy,
	    a.ifcgOrder,
	    a.ifcgDesc,
	    a.ifcgDelNy,
	    a.ifcgRegist,
	    a.ifcgEdit,
	    	(SELECT count(ifcdSeq) FROM code AS b WHERE 1 = 1 AND b.codegroup_ifcgSeq = a.ifcgSeq) AS xifcdSeqCount
	FROM 
		yuz.codegroup a
	WHERE 1 = 1

	ORDER BY
		a.ifcgSeq desc
 {executed in 1 msec} 
2024-09-18T20:53:20.361 [File Watcher] INFO o.s.b.d.a.LocalDevToolsAutoConfiguration$RestartingClassPathChangeChangedEventListener - Restarting due to 1 class path change (0 additions, 0 deletions, 1 modification) 
2024-09-18T20:53:20.362 [Thread-91] INFO o.a.c.h.Http11NioProtocol - Stopping ProtocolHandler ["http-nio-8080"] 
2024-09-18T20:53:20.684 [Thread-91] INFO c.z.h.HikariDataSource - HikariPool-5 - Shutdown initiated... 
2024-09-18T20:53:20.689 [Thread-91] INFO c.z.h.HikariDataSource - HikariPool-5 - Shutdown completed. 
2024-09-18T20:53:20.791 [restartedMain] INFO c.f.RepoYuzApplication - Starting RepoYuzApplication using Java 17.0.11 with PID 16696 (C:\factory\ws_sts4_4240\repo_yuz\repo_yuz\bin\main started by mizay in C:\factory\ws_sts4_4240\repo_yuz\repo_yuz) 
2024-09-18T20:53:20.791 [restartedMain] INFO c.f.RepoYuzApplication - No active profile set, falling back to 1 default profile: "default" 
2024-09-18T20:53:21.124 [restartedMain] INFO o.s.b.w.e.t.TomcatWebServer - Tomcat initialized with port 8080 (http) 
2024-09-18T20:53:21.127 [restartedMain] INFO o.a.c.h.Http11NioProtocol - Initializing ProtocolHandler ["http-nio-8080"] 
2024-09-18T20:53:21.127 [restartedMain] INFO o.a.c.c.StandardService - Starting service [Tomcat] 
2024-09-18T20:53:21.128 [restartedMain] INFO o.a.c.c.StandardEngine - Starting Servlet engine: [Apache Tomcat/10.1.28] 
2024-09-18T20:53:21.158 [restartedMain] INFO o.a.c.c.C.[.[.[/] - Initializing Spring embedded WebApplicationContext 
2024-09-18T20:53:21.158 [restartedMain] INFO o.s.b.w.s.c.ServletWebServerApplicationContext - Root WebApplicationContext: initialization completed in 364 ms 
2024-09-18T20:53:21.326 [restartedMain] INFO o.s.b.d.a.OptionalLiveReloadServer - LiveReload server is running on port 35729 
2024-09-18T20:53:21.336 [restartedMain] INFO o.a.c.h.Http11NioProtocol - Starting ProtocolHandler ["http-nio-8080"] 
2024-09-18T20:53:21.342 [restartedMain] INFO o.s.b.w.e.t.TomcatWebServer - Tomcat started on port 8080 (http) with context path '/' 
2024-09-18T20:53:21.352 [restartedMain] INFO c.f.RepoYuzApplication - Started RepoYuzApplication in 0.597 seconds (process running for 13381.249) 
2024-09-18T20:53:21.356 [restartedMain] INFO o.s.b.d.a.ConditionEvaluationDeltaLoggingListener - Condition evaluation unchanged 
2024-09-18T20:53:21.830 [http-nio-8080-exec-1] INFO o.a.c.c.C.[.[.[/] - Initializing Spring DispatcherServlet 'dispatcherServlet' 
2024-09-18T20:53:21.831 [http-nio-8080-exec-1] INFO o.s.w.s.DispatcherServlet - Initializing Servlet 'dispatcherServlet' 
2024-09-18T20:53:21.833 [http-nio-8080-exec-1] INFO o.s.w.s.DispatcherServlet - Completed initialization in 2 ms 
2024-09-18T20:53:21.835 [http-nio-8080-exec-1] INFO c.z.h.HikariDataSource - HikariPool-6 - Starting... 
2024-09-18T20:53:21.863 [http-nio-8080-exec-1] INFO c.z.h.p.HikariPool - HikariPool-6 - Added connection net.sf.log4jdbc.sql.jdbcapi.ConnectionSpy@23acb728 
2024-09-18T20:53:21.864 [http-nio-8080-exec-1] INFO c.z.h.HikariDataSource - HikariPool-6 - Start completed. 
2024-09-18T20:53:21.868 [http-nio-8080-exec-1] DEBUG j.sqltiming -  com.zaxxer.hikari.pool.ProxyPreparedStatement.execute(ProxyPreparedStatement.java:44)
91. select
		a.ifcgSeq,
	    a.ifcgName,
	    a.ifcgUseNy,
	    a.ifcgOrder,
	    a.ifcgDesc,
	    a.ifcgDelNy,
	    a.ifcgRegist,
	    a.ifcgEdit,
	    	(SELECT count(ifcdSeq) FROM code AS b WHERE 1 = 1 AND b.codegroup_ifcgSeq = a.ifcgSeq) AS xifcdSeqCount
	FROM 
		yuz.codegroup a
	WHERE 1 = 1

	ORDER BY
		a.ifcgSeq desc
 {executed in 4 msec} 
2024-09-18T20:53:23.184 [http-nio-8080-exec-9] DEBUG j.sqltiming -  com.zaxxer.hikari.pool.ProxyPreparedStatement.execute(ProxyPreparedStatement.java:44)
91. select
		a.ifcgSeq,
	    a.ifcgName,
	    a.ifcgUseNy,
	    a.ifcgOrder,
	    a.ifcgDesc,
	    a.ifcgDelNy,
	    a.ifcgRegist,
	    a.ifcgEdit,
	    	(SELECT count(ifcdSeq) FROM code AS b WHERE 1 = 1 AND b.codegroup_ifcgSeq = a.ifcgSeq) AS xifcdSeqCount
	FROM 
		yuz.codegroup a
	WHERE 1 = 1

	ORDER BY
		a.ifcgSeq desc
 {executed in 2 msec} 
2024-09-18T20:53:37.006 [RMI TCP Connection(291)-127.0.0.1] INFO o.s.b.a.SpringApplicationAdminMXBeanRegistrar$SpringApplicationAdmin - Application shutdown requested. 
2024-09-18T20:53:37.008 [RMI TCP Connection(291)-127.0.0.1] INFO o.a.c.h.Http11NioProtocol - Stopping ProtocolHandler ["http-nio-8080"] 
2024-09-18T20:53:37.272 [RMI TCP Connection(291)-127.0.0.1] INFO c.z.h.HikariDataSource - HikariPool-6 - Shutdown initiated... 
2024-09-18T20:53:37.277 [RMI TCP Connection(291)-127.0.0.1] INFO c.z.h.HikariDataSource - HikariPool-6 - Shutdown completed. 
2024-09-18T20:53:39.246 [restartedMain] INFO c.f.RepoYuzApplication - Starting RepoYuzApplication using Java 17.0.11 with PID 38692 (C:\factory\ws_sts4_4240\repo_yuz\repo_yuz\bin\main started by mizay in C:\factory\ws_sts4_4240\repo_yuz\repo_yuz) 
2024-09-18T20:53:39.248 [restartedMain] INFO c.f.RepoYuzApplication - No active profile set, falling back to 1 default profile: "default" 
2024-09-18T20:53:39.304 [restartedMain] INFO o.s.b.d.e.DevToolsPropertyDefaultsPostProcessor - Devtools property defaults active! Set 'spring.devtools.add-properties' to 'false' to disable 
2024-09-18T20:53:39.305 [restartedMain] INFO o.s.b.d.e.DevToolsPropertyDefaultsPostProcessor - For additional web related logging consider setting the 'logging.level.web' property to 'DEBUG' 
2024-09-18T20:53:40.353 [restartedMain] INFO o.s.b.w.e.t.TomcatWebServer - Tomcat initialized with port 8080 (http) 
2024-09-18T20:53:40.364 [restartedMain] INFO o.a.c.h.Http11NioProtocol - Initializing ProtocolHandler ["http-nio-8080"] 
2024-09-18T20:53:40.367 [restartedMain] INFO o.a.c.c.StandardService - Starting service [Tomcat] 
2024-09-18T20:53:40.367 [restartedMain] INFO o.a.c.c.StandardEngine - Starting Servlet engine: [Apache Tomcat/10.1.28] 
2024-09-18T20:53:40.417 [restartedMain] INFO o.a.c.c.C.[.[.[/] - Initializing Spring embedded WebApplicationContext 
2024-09-18T20:53:40.419 [restartedMain] INFO o.s.b.w.s.c.ServletWebServerApplicationContext - Root WebApplicationContext: initialization completed in 1114 ms 
2024-09-18T20:53:41.183 [restartedMain] INFO o.s.b.d.a.OptionalLiveReloadServer - LiveReload server is running on port 35729 
2024-09-18T20:53:41.201 [restartedMain] INFO o.a.c.h.Http11NioProtocol - Starting ProtocolHandler ["http-nio-8080"] 
2024-09-18T20:53:41.226 [restartedMain] INFO o.s.b.w.e.t.TomcatWebServer - Tomcat started on port 8080 (http) with context path '/' 
2024-09-18T20:53:41.245 [restartedMain] INFO c.f.RepoYuzApplication - Started RepoYuzApplication in 2.364 seconds (process running for 3.3) 
2024-09-18T20:53:46.984 [http-nio-8080-exec-1] INFO o.a.c.c.C.[.[.[/] - Initializing Spring DispatcherServlet 'dispatcherServlet' 
2024-09-18T20:53:46.985 [http-nio-8080-exec-1] INFO o.s.w.s.DispatcherServlet - Initializing Servlet 'dispatcherServlet' 
2024-09-18T20:53:46.986 [http-nio-8080-exec-1] INFO o.s.w.s.DispatcherServlet - Completed initialization in 1 ms 
2024-09-18T20:53:47.099 [http-nio-8080-exec-1] INFO c.z.h.HikariDataSource - HikariPool-1 - Starting... 
2024-09-18T20:53:47.537 [http-nio-8080-exec-1] INFO c.z.h.p.HikariPool - HikariPool-1 - Added connection net.sf.log4jdbc.sql.jdbcapi.ConnectionSpy@462e618f 
2024-09-18T20:53:47.539 [http-nio-8080-exec-1] INFO c.z.h.HikariDataSource - HikariPool-1 - Start completed. 
2024-09-18T20:53:47.579 [http-nio-8080-exec-1] DEBUG j.sqltiming -  com.zaxxer.hikari.pool.ProxyPreparedStatement.execute(ProxyPreparedStatement.java:44)
1. select
		a.ifcgSeq,
	    a.ifcgName,
	    a.ifcgUseNy,
	    a.ifcgOrder,
	    a.ifcgDesc,
	    a.ifcgDelNy,
	    a.ifcgRegist,
	    a.ifcgEdit,
	    	(SELECT count(ifcdSeq) FROM code AS b WHERE 1 = 1 AND b.codegroup_ifcgSeq = a.ifcgSeq) AS xifcdSeqCount
	FROM 
		yuz.codegroup a
	WHERE 1 = 1

	ORDER BY
		a.ifcgSeq desc
 {executed in 12 msec} 
2024-09-18T20:55:21.641 [File Watcher] INFO o.s.b.d.a.LocalDevToolsAutoConfiguration$RestartingClassPathChangeChangedEventListener - Restarting due to 1 class path change (0 additions, 0 deletions, 1 modification) 
2024-09-18T20:55:21.648 [Thread-5] INFO o.a.c.h.Http11NioProtocol - Stopping ProtocolHandler ["http-nio-8080"] 
2024-09-18T20:55:21.909 [Thread-5] INFO c.z.h.HikariDataSource - HikariPool-1 - Shutdown initiated... 
2024-09-18T20:55:21.920 [Thread-5] INFO c.z.h.HikariDataSource - HikariPool-1 - Shutdown completed. 
2024-09-18T20:55:22.027 [restartedMain] INFO c.f.RepoYuzApplication - Starting RepoYuzApplication using Java 17.0.11 with PID 38692 (C:\factory\ws_sts4_4240\repo_yuz\repo_yuz\bin\main started by mizay in C:\factory\ws_sts4_4240\repo_yuz\repo_yuz) 
2024-09-18T20:55:22.027 [restartedMain] INFO c.f.RepoYuzApplication - No active profile set, falling back to 1 default profile: "default" 
2024-09-18T20:55:22.348 [restartedMain] INFO o.s.b.w.e.t.TomcatWebServer - Tomcat initialized with port 8080 (http) 
2024-09-18T20:55:22.349 [restartedMain] INFO o.a.c.h.Http11NioProtocol - Initializing ProtocolHandler ["http-nio-8080"] 
2024-09-18T20:55:22.350 [restartedMain] INFO o.a.c.c.StandardService - Starting service [Tomcat] 
2024-09-18T20:55:22.350 [restartedMain] INFO o.a.c.c.StandardEngine - Starting Servlet engine: [Apache Tomcat/10.1.28] 
2024-09-18T20:55:22.374 [restartedMain] INFO o.a.c.c.C.[.[.[/] - Initializing Spring embedded WebApplicationContext 
2024-09-18T20:55:22.374 [restartedMain] INFO o.s.b.w.s.c.ServletWebServerApplicationContext - Root WebApplicationContext: initialization completed in 343 ms 
2024-09-18T20:55:22.535 [restartedMain] INFO o.s.b.d.a.OptionalLiveReloadServer - LiveReload server is running on port 35729 
2024-09-18T20:55:22.545 [restartedMain] INFO o.a.c.h.Http11NioProtocol - Starting ProtocolHandler ["http-nio-8080"] 
2024-09-18T20:55:22.549 [restartedMain] INFO o.s.b.w.e.t.TomcatWebServer - Tomcat started on port 8080 (http) with context path '/' 
2024-09-18T20:55:22.554 [restartedMain] INFO c.f.RepoYuzApplication - Started RepoYuzApplication in 0.578 seconds (process running for 104.608) 
2024-09-18T20:55:22.557 [restartedMain] INFO o.s.b.d.a.ConditionEvaluationDeltaLoggingListener - Condition evaluation unchanged 
2024-09-18T20:55:24.127 [http-nio-8080-exec-1] INFO o.a.c.c.C.[.[.[/] - Initializing Spring DispatcherServlet 'dispatcherServlet' 
2024-09-18T20:55:24.128 [http-nio-8080-exec-1] INFO o.s.w.s.DispatcherServlet - Initializing Servlet 'dispatcherServlet' 
2024-09-18T20:55:24.130 [http-nio-8080-exec-1] INFO o.s.w.s.DispatcherServlet - Completed initialization in 2 ms 
2024-09-18T20:55:24.133 [http-nio-8080-exec-1] INFO c.z.h.HikariDataSource - HikariPool-2 - Starting... 
2024-09-18T20:55:24.158 [http-nio-8080-exec-1] INFO c.z.h.p.HikariPool - HikariPool-2 - Added connection net.sf.log4jdbc.sql.jdbcapi.ConnectionSpy@1cbf78b6 
2024-09-18T20:55:24.159 [http-nio-8080-exec-1] INFO c.z.h.HikariDataSource - HikariPool-2 - Start completed. 
2024-09-18T20:55:24.163 [http-nio-8080-exec-1] DEBUG j.sqltiming -  com.zaxxer.hikari.pool.ProxyPreparedStatement.execute(ProxyPreparedStatement.java:44)
11. select
		a.ifcgSeq,
	    a.ifcgName,
	    a.ifcgUseNy,
	    a.ifcgOrder,
	    a.ifcgDesc,
	    a.ifcgDelNy,
	    a.ifcgRegist,
	    a.ifcgEdit,
	    	(SELECT count(ifcdSeq) FROM code AS b WHERE 1 = 1 AND b.codegroup_ifcgSeq = a.ifcgSeq) AS xifcdSeqCount
	FROM 
		yuz.codegroup a
	WHERE 1 = 1

	ORDER BY
		a.ifcgSeq desc
 {executed in 2 msec} 
